<?xml version="1.0" encoding="UTF-8"?>
<coverage generated="1777469081431" clover="3.2.0">
  <project timestamp="1777469081431" name="All files">
    <metrics statements="422" coveredstatements="301" conditionals="409" coveredconditionals="233" methods="144" coveredmethods="90" elements="975" coveredelements="624" complexity="0" loc="422" ncloc="422" packages="6" files="12" classes="12"/>
    <package name="features.components">
      <metrics statements="20" coveredstatements="15" conditionals="19" coveredconditionals="13" methods="11" coveredmethods="7"/>
      <file name="BuyerSidebar.tsx" path="C:\Users\stmoc\Desktop\LocalSupply\frontend\src\features\components\BuyerSidebar.tsx">
        <metrics statements="10" coveredstatements="6" conditionals="12" coveredconditionals="9" methods="3" coveredmethods="2"/>
        <line num="3" count="1" type="stmt"/>
        <line num="67" count="1" type="stmt"/>
        <line num="74" count="1" type="stmt"/>
        <line num="80" count="0" type="stmt"/>
        <line num="81" count="0" type="stmt"/>
        <line num="82" count="0" type="stmt"/>
        <line num="84" count="0" type="stmt"/>
        <line num="88" count="107" type="stmt"/>
        <line num="102" count="642" type="stmt"/>
        <line num="103" count="642" type="stmt"/>
      </file>
      <file name="Toast.tsx" path="C:\Users\stmoc\Desktop\LocalSupply\frontend\src\features\components\Toast.tsx">
        <metrics statements="3" coveredstatements="3" conditionals="6" coveredconditionals="3" methods="2" coveredmethods="2"/>
        <line num="6" count="107" type="cond" truecount="2" falsecount="0"/>
        <line num="7" count="7" type="stmt"/>
        <line num="10" count="7" type="stmt"/>
      </file>
      <file name="useToast.ts" path="C:\Users\stmoc\Desktop\LocalSupply\frontend\src\features\components\useToast.ts">
        <metrics statements="7" coveredstatements="6" conditionals="1" coveredconditionals="1" methods="6" coveredmethods="3"/>
        <line num="9" count="111" type="stmt"/>
        <line num="11" count="111" type="cond" truecount="1" falsecount="0"/>
        <line num="12" count="5" type="stmt"/>
        <line num="13" count="5" type="stmt"/>
        <line num="14" count="5" type="stmt"/>
        <line num="15" count="0" type="stmt"/>
        <line num="19" count="111" type="stmt"/>
      </file>
    </package>
    <package name="features.pages.auth">
      <metrics statements="151" coveredstatements="88" conditionals="152" coveredconditionals="84" methods="47" coveredmethods="21"/>
      <file name="CheckEmailPage.tsx" path="C:\Users\stmoc\Desktop\LocalSupply\frontend\src\features\pages\auth\CheckEmailPage.tsx">
        <metrics statements="1" coveredstatements="1" conditionals="2" coveredconditionals="2" methods="1" coveredmethods="1"/>
        <line num="8" count="2" type="stmt"/>
      </file>
      <file name="EmailNotVerifiedPage.tsx" path="C:\Users\stmoc\Desktop\LocalSupply\frontend\src\features\pages\auth\EmailNotVerifiedPage.tsx">
        <metrics statements="21" coveredstatements="16" conditionals="25" coveredconditionals="17" methods="3" coveredmethods="2"/>
        <line num="11" count="4" type="stmt"/>
        <line num="12" count="4" type="stmt"/>
        <line num="13" count="4" type="stmt"/>
        <line num="14" count="4" type="stmt"/>
        <line num="17" count="1" type="cond" truecount="3" falsecount="1"/>
        <line num="18" count="1" type="stmt"/>
        <line num="19" count="1" type="stmt"/>
        <line num="21" count="1" type="stmt"/>
        <line num="22" count="1" type="stmt"/>
        <line num="27" count="1" type="stmt"/>
        <line num="29" count="1" type="cond" truecount="1" falsecount="1"/>
        <line num="30" count="0" type="stmt"/>
        <line num="31" count="0" type="cond" truecount="0" falsecount="2"/>
        <line num="32" count="0" type="stmt"/>
        <line num="35" count="1" type="cond" truecount="1" falsecount="1"/>
        <line num="36" count="1" type="stmt"/>
        <line num="37" count="1" type="cond" truecount="1" falsecount="1"/>
        <line num="39" count="0" type="stmt"/>
        <line num="40" count="0" type="stmt"/>
        <line num="42" count="1" type="stmt"/>
        <line num="46" count="4" type="stmt"/>
      </file>
      <file name="EmailVerifiedPage.tsx" path="C:\Users\stmoc\Desktop\LocalSupply\frontend\src\features\pages\auth\EmailVerifiedPage.tsx">
        <metrics statements="2" coveredstatements="2" conditionals="12" coveredconditionals="12" methods="1" coveredmethods="1"/>
        <line num="8" count="2" type="stmt"/>
        <line num="10" count="2" type="stmt"/>
      </file>
      <file name="LoginPage.tsx" path="C:\Users\stmoc\Desktop\LocalSupply\frontend\src\features\pages\auth\LoginPage.tsx">
        <metrics statements="59" coveredstatements="48" conditionals="46" coveredconditionals="26" methods="15" coveredmethods="10"/>
        <line num="19" count="1" type="stmt"/>
        <line num="22" count="1" type="stmt"/>
        <line num="23" count="1" type="stmt"/>
        <line num="24" count="1" type="stmt"/>
        <line num="27" count="12" type="stmt"/>
        <line num="28" count="12" type="stmt"/>
        <line num="29" count="12" type="stmt"/>
        <line num="30" count="12" type="stmt"/>
        <line num="31" count="12" type="stmt"/>
        <line num="32" count="12" type="stmt"/>
        <line num="33" count="12" type="stmt"/>
        <line num="35" count="12" type="stmt"/>
        <line num="36" count="12" type="cond" truecount="2" falsecount="0"/>
        <line num="39" count="3" type="stmt"/>
        <line num="40" count="3" type="stmt"/>
        <line num="41" count="3" type="stmt"/>
        <line num="45" count="2" type="stmt"/>
        <line num="46" count="2" type="stmt"/>
        <line num="47" count="2" type="stmt"/>
        <line num="51" count="2" type="stmt"/>
        <line num="52" count="2" type="cond" truecount="1" falsecount="1"/>
        <line num="54" count="2" type="stmt"/>
        <line num="55" count="2" type="stmt"/>
        <line num="56" count="2" type="cond" truecount="1" falsecount="1"/>
        <line num="57" count="2" type="stmt"/>
        <line num="58" count="2" type="cond" truecount="1" falsecount="1"/>
        <line num="59" count="2" type="stmt"/>
        <line num="60" count="2" type="stmt"/>
        <line num="62" count="2" type="cond" truecount="1" falsecount="1"/>
        <line num="63" count="0" type="stmt"/>
        <line num="64" count="0" type="stmt"/>
        <line num="65" count="0" type="stmt"/>
        <line num="68" count="2" type="stmt"/>
        <line num="69" count="2" type="stmt"/>
        <line num="70" count="2" type="stmt"/>
        <line num="75" count="2" type="stmt"/>
        <line num="77" count="2" type="cond" truecount="2" falsecount="0"/>
        <line num="78" count="1" type="cond" truecount="1" falsecount="1"/>
        <line num="79" count="1" type="cond" truecount="3" falsecount="1"/>
        <line num="80" count="1" type="stmt"/>
        <line num="81" count="1" type="stmt"/>
        <line num="82" count="1" type="stmt"/>
        <line num="83" count="1" type="stmt"/>
        <line num="85" count="0" type="cond" truecount="0" falsecount="2"/>
        <line num="86" count="1" type="stmt"/>
        <line num="87" count="1" type="stmt"/>
        <line num="90" count="1" type="cond" truecount="2" falsecount="2"/>
        <line num="91" count="0" type="stmt"/>
        <line num="92" count="0" type="stmt"/>
        <line num="98" count="0" type="cond" truecount="0" falsecount="2"/>
        <line num="101" count="1" type="stmt"/>
        <line num="103" count="0" type="stmt"/>
        <line num="104" count="0" type="stmt"/>
        <line num="106" count="2" type="stmt"/>
        <line num="110" count="12" type="stmt"/>
        <line num="116" count="0" type="stmt"/>
        <line num="169" count="3" type="stmt"/>
        <line num="189" count="2" type="stmt"/>
        <line num="198" count="0" type="stmt"/>
      </file>
      <file name="RegisterPage.tsx" path="C:\Users\stmoc\Desktop\LocalSupply\frontend\src\features\pages\auth\RegisterPage.tsx">
        <metrics statements="68" coveredstatements="21" conditionals="67" coveredconditionals="27" methods="27" coveredmethods="7"/>
        <line num="33" count="1" type="stmt"/>
        <line num="34" count="1" type="stmt"/>
        <line num="35" count="1" type="stmt"/>
        <line num="38" count="4" type="stmt"/>
        <line num="39" count="4" type="stmt"/>
        <line num="42" count="4" type="stmt"/>
        <line num="43" count="4" type="stmt"/>
        <line num="44" count="4" type="stmt"/>
        <line num="45" count="4" type="stmt"/>
        <line num="46" count="4" type="stmt"/>
        <line num="47" count="4" type="stmt"/>
        <line num="49" count="4" type="cond" truecount="3" falsecount="0"/>
        <line num="52" count="4" type="stmt"/>
        <line num="55" count="0" type="stmt"/>
        <line num="56" count="0" type="stmt"/>
        <line num="57" count="0" type="stmt"/>
        <line num="61" count="0" type="stmt"/>
        <line num="62" count="0" type="stmt"/>
        <line num="63" count="0" type="stmt"/>
        <line num="67" count="3" type="stmt"/>
        <line num="68" count="3" type="stmt"/>
        <line num="69" count="3" type="stmt"/>
        <line num="73" count="0" type="stmt"/>
        <line num="74" count="0" type="cond" truecount="0" falsecount="2"/>
        <line num="76" count="0" type="stmt"/>
        <line num="83" count="0" type="stmt"/>
        <line num="84" count="0" type="cond" truecount="0" falsecount="2"/>
        <line num="85" count="0" type="cond" truecount="0" falsecount="2"/>
        <line num="86" count="0" type="cond" truecount="0" falsecount="2"/>
        <line num="87" count="0" type="stmt"/>
        <line num="88" count="0" type="cond" truecount="0" falsecount="2"/>
        <line num="89" count="0" type="cond" truecount="0" falsecount="2"/>
        <line num="90" count="0" type="cond" truecount="0" falsecount="2"/>
        <line num="92" count="0" type="stmt"/>
        <line num="93" count="0" type="stmt"/>
        <line num="95" count="0" type="cond" truecount="0" falsecount="2"/>
        <line num="96" count="0" type="stmt"/>
        <line num="97" count="0" type="stmt"/>
        <line num="98" count="0" type="stmt"/>
        <line num="101" count="0" type="stmt"/>
        <line num="102" count="0" type="stmt"/>
        <line num="103" count="0" type="stmt"/>
        <line num="108" count="0" type="stmt"/>
        <line num="110" count="0" type="cond" truecount="0" falsecount="2"/>
        <line num="111" count="0" type="cond" truecount="0" falsecount="2"/>
        <line num="112" count="0" type="cond" truecount="0" falsecount="2"/>
        <line num="113" count="0" type="stmt"/>
        <line num="114" count="0" type="stmt"/>
        <line num="117" count="0" type="stmt"/>
        <line num="118" count="0" type="cond" truecount="0" falsecount="2"/>
        <line num="119" count="0" type="stmt"/>
        <line num="121" count="0" type="stmt"/>
        <line num="122" count="0" type="stmt"/>
        <line num="124" count="0" type="stmt"/>
        <line num="128" count="4" type="stmt"/>
        <line num="134" count="0" type="stmt"/>
        <line num="183" count="0" type="stmt"/>
        <line num="199" count="0" type="stmt"/>
        <line num="217" count="0" type="stmt"/>
        <line num="237" count="1" type="stmt"/>
        <line num="246" count="0" type="stmt"/>
        <line num="270" count="20" type="stmt"/>
        <line num="271" count="20" type="stmt"/>
        <line num="290" count="2" type="stmt"/>
        <line num="299" count="0" type="stmt"/>
        <line num="325" count="0" type="stmt"/>
        <line num="326" count="0" type="stmt"/>
        <line num="327" count="0" type="stmt"/>
      </file>
    </package>
    <package name="features.pages.home">
      <metrics statements="31" coveredstatements="22" conditionals="22" coveredconditionals="7" methods="8" coveredmethods="6"/>
      <file name="HomePage.tsx" path="C:\Users\stmoc\Desktop\LocalSupply\frontend\src\features\pages\home\HomePage.tsx">
        <metrics statements="31" coveredstatements="22" conditionals="22" coveredconditionals="7" methods="8" coveredmethods="6"/>
        <line num="6" count="1" type="stmt"/>
        <line num="7" count="1" type="stmt"/>
        <line num="8" count="1" type="stmt"/>
        <line num="10" count="1" type="stmt"/>
        <line num="47" count="1" type="stmt"/>
        <line num="86" count="1" type="stmt"/>
        <line num="87" count="1" type="stmt"/>
        <line num="89" count="1" type="stmt"/>
        <line num="91" count="1" type="stmt"/>
        <line num="92" count="1" type="stmt"/>
        <line num="93" count="1" type="cond" truecount="1" falsecount="1"/>
        <line num="94" count="0" type="stmt"/>
        <line num="95" count="0" type="cond" truecount="0" falsecount="4"/>
        <line num="97" count="1" type="stmt"/>
        <line num="98" count="1" type="stmt"/>
        <line num="99" count="1" type="stmt"/>
        <line num="100" count="1" type="cond" truecount="2" falsecount="2"/>
        <line num="101" count="0" type="stmt"/>
        <line num="102" count="0" type="cond" truecount="0" falsecount="4"/>
        <line num="104" count="1" type="stmt"/>
        <line num="107" count="1" type="stmt"/>
        <line num="108" count="1" type="stmt"/>
        <line num="109" count="1" type="stmt"/>
        <line num="113" count="0" type="stmt"/>
        <line num="114" count="0" type="stmt"/>
        <line num="118" count="0" type="stmt"/>
        <line num="119" count="0" type="stmt"/>
        <line num="120" count="0" type="stmt"/>
        <line num="123" count="1" type="stmt"/>
        <line num="247" count="3" type="stmt"/>
        <line num="274" count="3" type="stmt"/>
      </file>
    </package>
    <package name="features.pages.marketplace">
      <metrics statements="189" coveredstatements="147" conditionals="194" coveredconditionals="115" methods="69" coveredmethods="49"/>
      <file name="MarketplaceDashboardPage.tsx" path="C:\Users\stmoc\Desktop\LocalSupply\frontend\src\features\pages\marketplace\MarketplaceDashboardPage.tsx">
        <metrics statements="189" coveredstatements="147" conditionals="194" coveredconditionals="115" methods="69" coveredmethods="49"/>
        <line num="10" count="0" type="cond" truecount="0" falsecount="2"/>
        <line num="11" count="0" type="cond" truecount="0" falsecount="2"/>
        <line num="73" count="1" type="stmt"/>
        <line num="74" count="1" type="stmt"/>
        <line num="76" count="1" type="stmt"/>
        <line num="87" count="1" type="stmt"/>
        <line num="92" count="364" type="stmt"/>
        <line num="96" count="111" type="stmt"/>
        <line num="98" count="111" type="cond" truecount="4" falsecount="1"/>
        <line num="100" count="1" type="cond" truecount="2" falsecount="2"/>
        <line num="101" count="1" type="stmt"/>
        <line num="103" count="1" type="cond" truecount="2" falsecount="2"/>
        <line num="104" count="1" type="stmt"/>
        <line num="106" count="1" type="stmt"/>
        <line num="107" count="1" type="stmt"/>
        <line num="109" count="0" type="cond" truecount="0" falsecount="4"/>
        <line num="110" count="0" type="stmt"/>
        <line num="112" count="108" type="stmt"/>
        <line num="117" count="111" type="stmt"/>
        <line num="118" count="111" type="stmt"/>
        <line num="119" count="111" type="stmt"/>
        <line num="120" count="111" type="stmt"/>
        <line num="121" count="111" type="stmt"/>
        <line num="122" count="111" type="stmt"/>
        <line num="123" count="111" type="stmt"/>
        <line num="124" count="111" type="stmt"/>
        <line num="125" count="111" type="stmt"/>
        <line num="126" count="111" type="stmt"/>
        <line num="127" count="111" type="stmt"/>
        <line num="128" count="111" type="stmt"/>
        <line num="129" count="111" type="stmt"/>
        <line num="130" count="111" type="stmt"/>
        <line num="131" count="111" type="stmt"/>
        <line num="132" count="111" type="stmt"/>
        <line num="133" count="111" type="stmt"/>
        <line num="135" count="111" type="stmt"/>
        <line num="136" count="111" type="stmt"/>
        <line num="137" count="111" type="cond" truecount="2" falsecount="0"/>
        <line num="138" count="111" type="stmt"/>
        <line num="139" count="111" type="stmt"/>
        <line num="140" count="111" type="stmt"/>
        <line num="142" count="111" type="stmt"/>
        <line num="143" count="26" type="stmt"/>
        <line num="144" count="26" type="stmt"/>
        <line num="145" count="26" type="cond" truecount="2" falsecount="0"/>
        <line num="146" count="6" type="stmt"/>
        <line num="147" count="6" type="cond" truecount="1" falsecount="1"/>
        <line num="148" count="6" type="stmt"/>
        <line num="152" count="0" type="stmt"/>
        <line num="156" count="111" type="stmt"/>
        <line num="157" count="39" type="stmt"/>
        <line num="160" count="111" type="stmt"/>
        <line num="161" count="26" type="stmt"/>
        <line num="163" count="26" type="stmt"/>
        <line num="164" count="26" type="stmt"/>
        <line num="165" count="26" type="stmt"/>
        <line num="166" count="26" type="cond" truecount="1" falsecount="1"/>
        <line num="167" count="26" type="stmt"/>
        <line num="168" count="26" type="cond" truecount="3" falsecount="1"/>
        <line num="169" count="26" type="stmt"/>
        <line num="171" count="2" type="stmt"/>
        <line num="175" count="26" type="stmt"/>
        <line num="176" count="26" type="stmt"/>
        <line num="179" count="111" type="stmt"/>
        <line num="180" count="31" type="stmt"/>
        <line num="181" count="31" type="stmt"/>
        <line num="182" count="31" type="cond" truecount="2" falsecount="0"/>
        <line num="183" count="31" type="stmt"/>
        <line num="186" count="31" type="stmt"/>
        <line num="187" count="31" type="stmt"/>
        <line num="188" count="31" type="stmt"/>
        <line num="189" count="31" type="stmt"/>
        <line num="190" count="31" type="stmt"/>
        <line num="192" count="31" type="cond" truecount="1" falsecount="1"/>
        <line num="193" count="0" type="stmt"/>
        <line num="194" count="0" type="stmt"/>
        <line num="197" count="31" type="stmt"/>
        <line num="198" count="31" type="stmt"/>
        <line num="199" count="31" type="stmt"/>
        <line num="200" count="31" type="stmt"/>
        <line num="202" count="31" type="cond" truecount="1" falsecount="1"/>
        <line num="203" count="0" type="stmt"/>
        <line num="205" count="31" type="cond" truecount="4" falsecount="0"/>
        <line num="206" count="4" type="stmt"/>
        <line num="208" count="31" type="cond" truecount="2" falsecount="0"/>
        <line num="209" count="1" type="stmt"/>
        <line num="212" count="31" type="stmt"/>
        <line num="213" count="31" type="stmt"/>
        <line num="215" count="31" type="cond" truecount="2" falsecount="0"/>
        <line num="216" count="1" type="cond" truecount="1" falsecount="1"/>
        <line num="219" count="30" type="cond" truecount="3" falsecount="1"/>
        <line num="220" count="30" type="cond" truecount="1" falsecount="1"/>
        <line num="221" count="30" type="cond" truecount="1" falsecount="2"/>
        <line num="224" count="1" type="cond" truecount="3" falsecount="1"/>
        <line num="225" count="0" type="stmt"/>
        <line num="228" count="1" type="stmt"/>
        <line num="229" count="1" type="stmt"/>
        <line num="230" count="1" type="cond" truecount="1" falsecount="1"/>
        <line num="232" count="31" type="cond" truecount="3" falsecount="1"/>
        <line num="233" count="31" type="stmt"/>
        <line num="238" count="31" type="stmt"/>
        <line num="240" count="31" type="stmt"/>
        <line num="241" count="31" type="stmt"/>
        <line num="242" count="31" type="stmt"/>
        <line num="246" count="111" type="stmt"/>
        <line num="247" count="0" type="cond" truecount="0" falsecount="5"/>
        <line num="248" count="0" type="stmt"/>
        <line num="249" count="0" type="stmt"/>
        <line num="250" count="0" type="stmt"/>
        <line num="251" count="0" type="stmt"/>
        <line num="252" count="0" type="stmt"/>
        <line num="253" count="0" type="stmt"/>
        <line num="254" count="0" type="cond" truecount="0" falsecount="2"/>
        <line num="255" count="0" type="cond" truecount="0" falsecount="4"/>
        <line num="256" count="0" type="cond" truecount="0" falsecount="2"/>
        <line num="258" count="0" type="stmt"/>
        <line num="259" count="0" type="stmt"/>
        <line num="260" count="0" type="cond" truecount="0" falsecount="5"/>
        <line num="261" count="0" type="stmt"/>
        <line num="262" count="0" type="stmt"/>
        <line num="265" count="0" type="stmt"/>
        <line num="269" count="111" type="stmt"/>
        <line num="270" count="65" type="stmt"/>
        <line num="271" count="65" type="cond" truecount="2" falsecount="0"/>
        <line num="272" count="34" type="stmt"/>
        <line num="273" count="0" type="cond" truecount="0" falsecount="2"/>
        <line num="276" count="34" type="stmt"/>
        <line num="277" count="34" type="stmt"/>
        <line num="280" count="111" type="stmt"/>
        <line num="282" count="111" type="stmt"/>
        <line num="283" count="111" type="cond" truecount="2" falsecount="0"/>
        <line num="284" count="111" type="stmt"/>
        <line num="285" count="111" type="stmt"/>
        <line num="288" count="6" type="cond" truecount="1" falsecount="1"/>
        <line num="289" count="0" type="stmt"/>
        <line num="292" count="6" type="stmt"/>
        <line num="294" count="6" type="stmt"/>
        <line num="295" count="6" type="stmt"/>
        <line num="297" count="6" type="cond" truecount="3" falsecount="1"/>
        <line num="298" count="0" type="stmt"/>
        <line num="301" count="6" type="cond" truecount="2" falsecount="0"/>
        <line num="302" count="4" type="stmt"/>
        <line num="303" count="4" type="stmt"/>
        <line num="317" count="2" type="cond" truecount="2" falsecount="0"/>
        <line num="318" count="1" type="stmt"/>
        <line num="321" count="1" type="cond" truecount="1" falsecount="1"/>
        <line num="326" count="33" type="cond" truecount="2" falsecount="0"/>
        <line num="330" count="0" type="cond" truecount="0" falsecount="2"/>
        <line num="331" count="0" type="stmt"/>
        <line num="335" count="3" type="cond" truecount="3" falsecount="1"/>
        <line num="336" count="3" type="stmt"/>
        <line num="337" count="3" type="stmt"/>
        <line num="338" count="3" type="stmt"/>
        <line num="339" count="3" type="stmt"/>
        <line num="340" count="3" type="cond" truecount="1" falsecount="1"/>
        <line num="342" count="0" type="stmt"/>
        <line num="344" count="3" type="stmt"/>
        <line num="349" count="1" type="stmt"/>
        <line num="350" count="1" type="stmt"/>
        <line num="351" count="1" type="cond" truecount="1" falsecount="1"/>
        <line num="356" count="1" type="stmt"/>
        <line num="357" count="1" type="stmt"/>
        <line num="360" count="111" type="stmt"/>
        <line num="394" count="0" type="stmt"/>
        <line num="395" count="0" type="cond" truecount="0" falsecount="2"/>
        <line num="396" count="0" type="stmt"/>
        <line num="408" count="3" type="stmt"/>
        <line num="423" count="1" type="stmt"/>
        <line num="427" count="114" type="stmt"/>
        <line num="438" count="777" type="stmt"/>
        <line num="445" count="4" type="stmt"/>
        <line num="472" count="456" type="stmt"/>
        <line num="489" count="33" type="stmt"/>
        <line num="491" count="33" type="stmt"/>
        <line num="500" count="0" type="stmt"/>
        <line num="552" count="1" type="stmt"/>
        <line num="561" count="1" type="stmt"/>
        <line num="571" count="4" type="stmt"/>
        <line num="621" count="30" type="stmt"/>
        <line num="633" count="0" type="stmt"/>
        <line num="634" count="0" type="stmt"/>
        <line num="636" count="0" type="cond" truecount="0" falsecount="2"/>
        <line num="638" count="0" type="stmt"/>
        <line num="649" count="0" type="stmt"/>
        <line num="650" count="0" type="stmt"/>
        <line num="651" count="0" type="cond" truecount="0" falsecount="2"/>
        <line num="667" count="3" type="stmt"/>
        <line num="678" count="1" type="stmt"/>
        <line num="688" count="1" type="stmt"/>
      </file>
    </package>
    <package name="lib">
      <metrics statements="5" coveredstatements="5" conditionals="8" coveredconditionals="6" methods="2" coveredmethods="2"/>
      <file name="api.ts" path="C:\Users\stmoc\Desktop\LocalSupply\frontend\src\lib\api.ts">
        <metrics statements="5" coveredstatements="5" conditionals="8" coveredconditionals="6" methods="2" coveredmethods="2"/>
        <line num="2" count="4" type="cond" truecount="2" falsecount="0"/>
        <line num="5" count="4" type="cond" truecount="1" falsecount="1"/>
        <line num="7" count="4" type="cond" truecount="2" falsecount="0"/>
        <line num="10" count="79" type="cond" truecount="1" falsecount="1"/>
        <line num="11" count="79" type="stmt"/>
      </file>
    </package>
    <package name="utils">
      <metrics statements="26" coveredstatements="24" conditionals="14" coveredconditionals="8" methods="7" coveredmethods="5"/>
      <file name="inputSecurity.ts" path="C:\Users\stmoc\Desktop\LocalSupply\frontend\src\utils\inputSecurity.ts">
        <metrics statements="26" coveredstatements="24" conditionals="14" coveredconditionals="8" methods="7" coveredmethods="5"/>
        <line num="1" count="2" type="stmt"/>
        <line num="2" count="2" type="stmt"/>
        <line num="3" count="2" type="stmt"/>
        <line num="4" count="2" type="stmt"/>
        <line num="5" count="2" type="stmt"/>
        <line num="6" count="2" type="stmt"/>
        <line num="8" count="2" type="stmt"/>
        <line num="9" count="2" type="stmt"/>
        <line num="10" count="2" type="stmt"/>
        <line num="12" count="2" type="stmt"/>
        <line num="13" count="2" type="stmt"/>
        <line num="16" count="3" type="stmt"/>
        <line num="18" count="33" type="stmt"/>
        <line num="19" count="33" type="cond" truecount="2" falsecount="0"/>
        <line num="25" count="0" type="stmt"/>
        <line num="32" count="3" type="stmt"/>
        <line num="36" count="0" type="stmt"/>
        <line num="48" count="6" type="stmt"/>
        <line num="58" count="2" type="cond" truecount="1" falsecount="1"/>
        <line num="59" count="2" type="cond" truecount="1" falsecount="1"/>
        <line num="60" count="2" type="stmt"/>
        <line num="61" count="2" type="cond" truecount="1" falsecount="1"/>
        <line num="62" count="2" type="cond" truecount="1" falsecount="1"/>
        <line num="63" count="2" type="cond" truecount="1" falsecount="1"/>
        <line num="64" count="2" type="cond" truecount="1" falsecount="1"/>
        <line num="65" count="2" type="stmt"/>
      </file>
    </package>
  </project>
</coverage>
