{"C:\\Users\\stmoc\\Desktop\\LocalSupply\\frontend\\src\\features\\components\\BuyerSidebar.tsx": {"path":"C:\\Users\\stmoc\\Desktop\\LocalSupply\\frontend\\src\\features\\components\\BuyerSidebar.tsx","statementMap":{"0":{"start":{"line":3,"column":17},"end":{"line":64,"column":null}},"1":{"start":{"line":67,"column":2},"end":{"line":70,"column":null}},"2":{"start":{"line":74,"column":2},"end":{"line":76,"column":null}},"3":{"start":{"line":80,"column":2},"end":{"line":83,"column":null}},"4":{"start":{"line":81,"column":4},"end":{"line":81,"column":null}},"5":{"start":{"line":82,"column":4},"end":{"line":82,"column":null}},"6":{"start":{"line":84,"column":2},"end":{"line":84,"column":null}},"7":{"start":{"line":88,"column":2},"end":{"line":145,"column":null}},"8":{"start":{"line":102,"column":27},"end":{"line":102,"column":null}},"9":{"start":{"line":103,"column":10},"end":{"line":116,"column":null}}},"fnMap":{"0":{"name":"handleSignOut","decl":{"start":{"line":79,"column":9},"end":{"line":79,"column":25}},"loc":{"start":{"line":79,"column":25},"end":{"line":85,"column":null}},"line":79},"1":{"name":"BuyerSidebar","decl":{"start":{"line":87,"column":24},"end":{"line":87,"column":37}},"loc":{"start":{"line":87,"column":73},"end":{"line":147,"column":null}},"line":87},"2":{"name":"(anonymous_2)","decl":{"start":{"line":101,"column":22},"end":{"line":101,"column":23}},"loc":{"start":{"line":101,"column":32},"end":{"line":118,"column":9}},"line":101}},"branchMap":{"0":{"loc":{"start":{"line":106,"column":28},"end":{"line":106,"column":null}},"type":"cond-expr","locations":[{"start":{"line":106,"column":39},"end":{"line":106,"column":48}},{"start":{"line":106,"column":48},"end":{"line":106,"column":null}}],"line":106},"1":{"loc":{"start":{"line":108,"column":16},"end":{"line":110,"column":null}},"type":"cond-expr","locations":[{"start":{"line":109,"column":20},"end":{"line":109,"column":null}},{"start":{"line":110,"column":20},"end":{"line":110,"column":null}}],"line":108},"2":{"loc":{"start":{"line":114,"column":43},"end":{"line":114,"column":89}},"type":"cond-expr","locations":[{"start":{"line":114,"column":54},"end":{"line":114,"column":73}},{"start":{"line":114,"column":73},"end":{"line":114,"column":89}}],"line":114},"3":{"loc":{"start":{"line":123,"column":24},"end":{"line":123,"column":null}},"type":"cond-expr","locations":[{"start":{"line":123,"column":50},"end":{"line":123,"column":59}},{"start":{"line":123,"column":59},"end":{"line":123,"column":null}}],"line":123},"4":{"loc":{"start":{"line":125,"column":12},"end":{"line":127,"column":null}},"type":"cond-expr","locations":[{"start":{"line":126,"column":16},"end":{"line":126,"column":null}},{"start":{"line":127,"column":16},"end":{"line":127,"column":null}}],"line":125},"5":{"loc":{"start":{"line":131,"column":39},"end":{"line":131,"column":100}},"type":"cond-expr","locations":[{"start":{"line":131,"column":65},"end":{"line":131,"column":84}},{"start":{"line":131,"column":84},"end":{"line":131,"column":100}}],"line":131}},"s":{"0":1,"1":1,"2":1,"3":0,"4":0,"5":0,"6":0,"7":107,"8":642,"9":642},"f":{"0":0,"1":107,"2":642},"b":{"0":[107,535],"1":[107,535],"2":[107,535],"3":[0,107],"4":[0,107],"5":[0,107]},"meta":{"lastBranch":6,"lastFunction":3,"lastStatement":10,"seen":{"s:3:17:64:Infinity":0,"s:67:2:70:Infinity":1,"s:74:2:76:Infinity":2,"f:79:9:79:25":0,"s:80:2:83:Infinity":3,"s:81:4:81:Infinity":4,"s:82:4:82:Infinity":5,"s:84:2:84:Infinity":6,"f:87:24:87:37":1,"s:88:2:145:Infinity":7,"f:101:22:101:23":2,"s:102:27:102:Infinity":8,"s:103:10:116:Infinity":9,"b:106:39:106:48:106:48:106:Infinity":0,"b:109:20:109:Infinity:110:20:110:Infinity":1,"b:114:54:114:73:114:73:114:89":2,"b:123:50:123:59:123:59:123:Infinity":3,"b:126:16:126:Infinity:127:16:127:Infinity":4,"b:131:65:131:84:131:84:131:100":5}}}
,"C:\\Users\\stmoc\\Desktop\\LocalSupply\\frontend\\src\\features\\components\\Toast.tsx": {"path":"C:\\Users\\stmoc\\Desktop\\LocalSupply\\frontend\\src\\features\\components\\Toast.tsx","statementMap":{"0":{"start":{"line":6,"column":2},"end":{"line":6,"column":null}},"1":{"start":{"line":6,"column":27},"end":{"line":6,"column":null}},"2":{"start":{"line":7,"column":2},"end":{"line":25,"column":null}},"3":{"start":{"line":10,"column":8},"end":{"line":23,"column":null}}},"fnMap":{"0":{"name":"ToastContainer","decl":{"start":{"line":5,"column":16},"end":{"line":5,"column":31}},"loc":{"start":{"line":5,"column":64},"end":{"line":27,"column":null}},"line":5},"1":{"name":"(anonymous_1)","decl":{"start":{"line":9,"column":18},"end":{"line":9,"column":19}},"loc":{"start":{"line":10,"column":8},"end":{"line":23,"column":null}},"line":10}},"branchMap":{"0":{"loc":{"start":{"line":6,"column":2},"end":{"line":6,"column":null}},"type":"if","locations":[{"start":{"line":6,"column":2},"end":{"line":6,"column":null}},{"start":{},"end":{}}],"line":6},"1":{"loc":{"start":{"line":15,"column":12},"end":{"line":19,"column":null}},"type":"cond-expr","locations":[{"start":{"line":16,"column":16},"end":{"line":16,"column":null}},{"start":{"line":17,"column":16},"end":{"line":19,"column":null}}],"line":15},"2":{"loc":{"start":{"line":17,"column":16},"end":{"line":19,"column":null}},"type":"cond-expr","locations":[{"start":{"line":18,"column":18},"end":{"line":18,"column":null}},{"start":{"line":19,"column":18},"end":{"line":19,"column":null}}],"line":17}},"s":{"0":107,"1":100,"2":7,"3":7},"f":{"0":107,"1":7},"b":{"0":[100,7],"1":[7,0],"2":[0,0]},"meta":{"lastBranch":3,"lastFunction":2,"lastStatement":4,"seen":{"f:5:16:5:31":0,"b:6:2:6:Infinity:undefined:undefined:undefined:undefined":0,"s:6:2:6:Infinity":0,"s:6:27:6:Infinity":1,"s:7:2:25:Infinity":2,"f:9:18:9:19":1,"s:10:8:23:Infinity":3,"b:16:16:16:Infinity:17:16:19:Infinity":1,"b:18:18:18:Infinity:19:18:19:Infinity":2}}}
,"C:\\Users\\stmoc\\Desktop\\LocalSupply\\frontend\\src\\features\\components\\useToast.ts": {"path":"C:\\Users\\stmoc\\Desktop\\LocalSupply\\frontend\\src\\features\\components\\useToast.ts","statementMap":{"0":{"start":{"line":9,"column":26},"end":{"line":9,"column":null}},"1":{"start":{"line":11,"column":8},"end":{"line":17,"column":null}},"2":{"start":{"line":12,"column":15},"end":{"line":12,"column":null}},"3":{"start":{"line":13,"column":4},"end":{"line":13,"column":null}},"4":{"start":{"line":13,"column":24},"end":{"line":13,"column":56}},"5":{"start":{"line":14,"column":4},"end":{"line":16,"column":null}},"6":{"start":{"line":15,"column":6},"end":{"line":15,"column":null}},"7":{"start":{"line":15,"column":26},"end":{"line":15,"column":57}},"8":{"start":{"line":15,"column":45},"end":{"line":15,"column":56}},"9":{"start":{"line":19,"column":2},"end":{"line":19,"column":null}}},"fnMap":{"0":{"name":"useToast","decl":{"start":{"line":8,"column":16},"end":{"line":8,"column":27}},"loc":{"start":{"line":8,"column":27},"end":{"line":20,"column":null}},"line":8},"1":{"name":"(anonymous_1)","decl":{"start":{"line":11,"column":31},"end":{"line":11,"column":32}},"loc":{"start":{"line":11,"column":78},"end":{"line":17,"column":5}},"line":11},"2":{"name":"(anonymous_2)","decl":{"start":{"line":13,"column":14},"end":{"line":13,"column":15}},"loc":{"start":{"line":13,"column":24},"end":{"line":13,"column":56}},"line":13},"3":{"name":"(anonymous_3)","decl":{"start":{"line":14,"column":15},"end":{"line":14,"column":21}},"loc":{"start":{"line":14,"column":21},"end":{"line":16,"column":7}},"line":14},"4":{"name":"(anonymous_4)","decl":{"start":{"line":15,"column":16},"end":{"line":15,"column":17}},"loc":{"start":{"line":15,"column":26},"end":{"line":15,"column":57}},"line":15},"5":{"name":"(anonymous_5)","decl":{"start":{"line":15,"column":38},"end":{"line":15,"column":39}},"loc":{"start":{"line":15,"column":45},"end":{"line":15,"column":56}},"line":15}},"branchMap":{"0":{"loc":{"start":{"line":11,"column":49},"end":{"line":11,"column":78}},"type":"default-arg","locations":[{"start":{"line":11,"column":67},"end":{"line":11,"column":78}}],"line":11}},"s":{"0":111,"1":111,"2":5,"3":5,"4":5,"5":5,"6":0,"7":0,"8":0,"9":111},"f":{"0":111,"1":5,"2":5,"3":0,"4":0,"5":0},"b":{"0":[5]},"meta":{"lastBranch":1,"lastFunction":6,"lastStatement":10,"seen":{"f:8:16:8:27":0,"s:9:26:9:Infinity":0,"s:11:8:17:Infinity":1,"f:11:31:11:32":1,"b:11:67:11:78":0,"s:12:15:12:Infinity":2,"s:13:4:13:Infinity":3,"f:13:14:13:15":2,"s:13:24:13:56":4,"s:14:4:16:Infinity":5,"f:14:15:14:21":3,"s:15:6:15:Infinity":6,"f:15:16:15:17":4,"s:15:26:15:57":7,"f:15:38:15:39":5,"s:15:45:15:56":8,"s:19:2:19:Infinity":9}}}
,"C:\\Users\\stmoc\\Desktop\\LocalSupply\\frontend\\src\\features\\pages\\auth\\CheckEmailPage.tsx": {"path":"C:\\Users\\stmoc\\Desktop\\LocalSupply\\frontend\\src\\features\\pages\\auth\\CheckEmailPage.tsx","statementMap":{"0":{"start":{"line":8,"column":2},"end":{"line":45,"column":null}}},"fnMap":{"0":{"name":"CheckEmailPage","decl":{"start":{"line":7,"column":24},"end":{"line":7,"column":39}},"loc":{"start":{"line":7,"column":88},"end":{"line":47,"column":null}},"line":7}},"branchMap":{"0":{"loc":{"start":{"line":25,"column":9},"end":{"line":36,"column":null}},"type":"cond-expr","locations":[{"start":{"line":26,"column":10},"end":{"line":35,"column":null}},{"start":{"line":36,"column":12},"end":{"line":36,"column":null}}],"line":25}},"s":{"0":2},"f":{"0":2},"b":{"0":[1,1]},"meta":{"lastBranch":1,"lastFunction":1,"lastStatement":1,"seen":{"f:7:24:7:39":0,"s:8:2:45:Infinity":0,"b:26:10:35:Infinity:36:12:36:Infinity":0}}}
,"C:\\Users\\stmoc\\Desktop\\LocalSupply\\frontend\\src\\features\\pages\\auth\\EmailNotVerifiedPage.tsx": {"path":"C:\\Users\\stmoc\\Desktop\\LocalSupply\\frontend\\src\\features\\pages\\auth\\EmailNotVerifiedPage.tsx","statementMap":{"0":{"start":{"line":11,"column":40},"end":{"line":11,"column":null}},"1":{"start":{"line":12,"column":40},"end":{"line":12,"column":null}},"2":{"start":{"line":13,"column":38},"end":{"line":13,"column":null}},"3":{"start":{"line":14,"column":58},"end":{"line":14,"column":null}},"4":{"start":{"line":17,"column":4},"end":{"line":17,"column":null}},"5":{"start":{"line":17,"column":32},"end":{"line":17,"column":null}},"6":{"start":{"line":18,"column":4},"end":{"line":18,"column":null}},"7":{"start":{"line":19,"column":4},"end":{"line":19,"column":null}},"8":{"start":{"line":21,"column":4},"end":{"line":43,"column":null}},"9":{"start":{"line":22,"column":23},"end":{"line":26,"column":null}},"10":{"start":{"line":27,"column":23},"end":{"line":27,"column":null}},"11":{"start":{"line":27,"column":58},"end":{"line":27,"column":61}},"12":{"start":{"line":29,"column":6},"end":{"line":33,"column":null}},"13":{"start":{"line":30,"column":8},"end":{"line":30,"column":null}},"14":{"start":{"line":31,"column":8},"end":{"line":31,"column":null}},"15":{"start":{"line":32,"column":8},"end":{"line":32,"column":null}},"16":{"start":{"line":35,"column":6},"end":{"line":35,"column":null}},"17":{"start":{"line":36,"column":6},"end":{"line":36,"column":null}},"18":{"start":{"line":37,"column":6},"end":{"line":37,"column":null}},"19":{"start":{"line":39,"column":6},"end":{"line":39,"column":null}},"20":{"start":{"line":40,"column":6},"end":{"line":40,"column":null}},"21":{"start":{"line":42,"column":6},"end":{"line":42,"column":null}},"22":{"start":{"line":46,"column":2},"end":{"line":102,"column":null}}},"fnMap":{"0":{"name":"EmailNotVerifiedPage","decl":{"start":{"line":10,"column":24},"end":{"line":10,"column":45}},"loc":{"start":{"line":10,"column":88},"end":{"line":104,"column":null}},"line":10},"1":{"name":"handleResend","decl":{"start":{"line":16,"column":17},"end":{"line":16,"column":32}},"loc":{"start":{"line":16,"column":32},"end":{"line":44,"column":null}},"line":16},"2":{"name":"(anonymous_2)","decl":{"start":{"line":27,"column":51},"end":{"line":27,"column":58}},"loc":{"start":{"line":27,"column":58},"end":{"line":27,"column":61}},"line":27}},"branchMap":{"0":{"loc":{"start":{"line":10,"column":47},"end":{"line":10,"column":58}},"type":"default-arg","locations":[{"start":{"line":10,"column":55},"end":{"line":10,"column":58}}],"line":10},"1":{"loc":{"start":{"line":17,"column":4},"end":{"line":17,"column":null}},"type":"if","locations":[{"start":{"line":17,"column":4},"end":{"line":17,"column":null}},{"start":{},"end":{}}],"line":17},"2":{"loc":{"start":{"line":17,"column":8},"end":{"line":17,"column":32}},"type":"binary-expr","locations":[{"start":{"line":17,"column":8},"end":{"line":17,"column":18}},{"start":{"line":17,"column":18},"end":{"line":17,"column":32}}],"line":17},"3":{"loc":{"start":{"line":29,"column":6},"end":{"line":33,"column":null}},"type":"if","locations":[{"start":{"line":29,"column":6},"end":{"line":33,"column":null}},{"start":{},"end":{}}],"line":29},"4":{"loc":{"start":{"line":31,"column":25},"end":{"line":31,"column":92}},"type":"binary-expr","locations":[{"start":{"line":31,"column":25},"end":{"line":31,"column":44}},{"start":{"line":31,"column":44},"end":{"line":31,"column":92}}],"line":31},"5":{"loc":{"start":{"line":35,"column":32},"end":{"line":35,"column":70}},"type":"binary-expr","locations":[{"start":{"line":35,"column":32},"end":{"line":35,"column":66}},{"start":{"line":35,"column":66},"end":{"line":35,"column":70}}],"line":35},"6":{"loc":{"start":{"line":37,"column":23},"end":{"line":37,"column":86}},"type":"binary-expr","locations":[{"start":{"line":37,"column":23},"end":{"line":37,"column":42}},{"start":{"line":37,"column":42},"end":{"line":37,"column":86}}],"line":37},"7":{"loc":{"start":{"line":57,"column":11},"end":{"line":59,"column":null}},"type":"cond-expr","locations":[{"start":{"line":58,"column":14},"end":{"line":58,"column":null}},{"start":{"line":59,"column":14},"end":{"line":59,"column":null}}],"line":57},"8":{"loc":{"start":{"line":65,"column":22},"end":{"line":65,"column":null}},"type":"binary-expr","locations":[{"start":{"line":65,"column":22},"end":{"line":65,"column":32}},{"start":{"line":65,"column":32},"end":{"line":65,"column":null}}],"line":65},"9":{"loc":{"start":{"line":69,"column":13},"end":{"line":74,"column":null}},"type":"cond-expr","locations":[{"start":{"line":70,"column":14},"end":{"line":73,"column":null}},{"start":{"line":74,"column":16},"end":{"line":74,"column":null}}],"line":69},"10":{"loc":{"start":{"line":84,"column":9},"end":{"line":88,"column":null}},"type":"cond-expr","locations":[{"start":{"line":85,"column":10},"end":{"line":87,"column":null}},{"start":{"line":88,"column":12},"end":{"line":88,"column":null}}],"line":84},"11":{"loc":{"start":{"line":85,"column":56},"end":{"line":85,"column":107}},"type":"cond-expr","locations":[{"start":{"line":85,"column":72},"end":{"line":85,"column":91}},{"start":{"line":85,"column":91},"end":{"line":85,"column":107}}],"line":85},"12":{"loc":{"start":{"line":90,"column":9},"end":{"line":100,"column":null}},"type":"cond-expr","locations":[{"start":{"line":91,"column":10},"end":{"line":99,"column":null}},{"start":{"line":100,"column":12},"end":{"line":100,"column":null}}],"line":90}},"s":{"0":4,"1":4,"2":4,"3":4,"4":1,"5":0,"6":1,"7":1,"8":1,"9":1,"10":1,"11":0,"12":1,"13":0,"14":0,"15":0,"16":1,"17":1,"18":1,"19":0,"20":0,"21":1,"22":4},"f":{"0":4,"1":1,"2":0},"b":{"0":[4],"1":[0,1],"2":[1,1],"3":[0,1],"4":[0,0],"5":[1,0],"6":[1,0],"7":[4,0],"8":[4,4],"9":[1,3],"10":[1,3],"11":[0,1],"12":[1,3]},"meta":{"lastBranch":13,"lastFunction":3,"lastStatement":23,"seen":{"f:10:24:10:45":0,"b:10:55:10:58":0,"s:11:40:11:Infinity":0,"s:12:40:12:Infinity":1,"s:13:38:13:Infinity":2,"s:14:58:14:Infinity":3,"f:16:17:16:32":1,"b:17:4:17:Infinity:undefined:undefined:undefined:undefined":1,"s:17:4:17:Infinity":4,"b:17:8:17:18:17:18:17:32":2,"s:17:32:17:Infinity":5,"s:18:4:18:Infinity":6,"s:19:4:19:Infinity":7,"s:21:4:43:Infinity":8,"s:22:23:26:Infinity":9,"s:27:23:27:Infinity":10,"f:27:51:27:58":2,"s:27:58:27:61":11,"b:29:6:33:Infinity:undefined:undefined:undefined:undefined":3,"s:29:6:33:Infinity":12,"s:30:8:30:Infinity":13,"s:31:8:31:Infinity":14,"b:31:25:31:44:31:44:31:92":4,"s:32:8:32:Infinity":15,"s:35:6:35:Infinity":16,"b:35:32:35:66:35:66:35:70":5,"s:36:6:36:Infinity":17,"s:37:6:37:Infinity":18,"b:37:23:37:42:37:42:37:86":6,"s:39:6:39:Infinity":19,"s:40:6:40:Infinity":20,"s:42:6:42:Infinity":21,"s:46:2:102:Infinity":22,"b:58:14:58:Infinity:59:14:59:Infinity":7,"b:65:22:65:32:65:32:65:Infinity":8,"b:70:14:73:Infinity:74:16:74:Infinity":9,"b:85:10:87:Infinity:88:12:88:Infinity":10,"b:85:72:85:91:85:91:85:107":11,"b:91:10:99:Infinity:100:12:100:Infinity":12}}}
,"C:\\Users\\stmoc\\Desktop\\LocalSupply\\frontend\\src\\features\\pages\\auth\\EmailVerifiedPage.tsx": {"path":"C:\\Users\\stmoc\\Desktop\\LocalSupply\\frontend\\src\\features\\pages\\auth\\EmailVerifiedPage.tsx","statementMap":{"0":{"start":{"line":8,"column":20},"end":{"line":8,"column":null}},"1":{"start":{"line":10,"column":2},"end":{"line":49,"column":null}}},"fnMap":{"0":{"name":"EmailVerifiedPage","decl":{"start":{"line":7,"column":24},"end":{"line":7,"column":42}},"loc":{"start":{"line":7,"column":78},"end":{"line":51,"column":null}},"line":7}},"branchMap":{"0":{"loc":{"start":{"line":13,"column":88},"end":{"line":13,"column":131}},"type":"cond-expr","locations":[{"start":{"line":13,"column":100},"end":{"line":13,"column":117}},{"start":{"line":13,"column":117},"end":{"line":13,"column":131}}],"line":13},"1":{"loc":{"start":{"line":14,"column":11},"end":{"line":21,"column":null}},"type":"cond-expr","locations":[{"start":{"line":15,"column":12},"end":{"line":17,"column":null}},{"start":{"line":19,"column":12},"end":{"line":21,"column":null}}],"line":14},"2":{"loc":{"start":{"line":26,"column":11},"end":{"line":26,"column":null}},"type":"cond-expr","locations":[{"start":{"line":26,"column":23},"end":{"line":26,"column":57}},{"start":{"line":26,"column":57},"end":{"line":26,"column":null}}],"line":26},"3":{"loc":{"start":{"line":29,"column":11},"end":{"line":31,"column":null}},"type":"cond-expr","locations":[{"start":{"line":30,"column":14},"end":{"line":30,"column":null}},{"start":{"line":31,"column":14},"end":{"line":31,"column":null}}],"line":29},"4":{"loc":{"start":{"line":37,"column":18},"end":{"line":37,"column":null}},"type":"cond-expr","locations":[{"start":{"line":37,"column":30},"end":{"line":37,"column":44}},{"start":{"line":37,"column":44},"end":{"line":37,"column":null}}],"line":37},"5":{"loc":{"start":{"line":39,"column":13},"end":{"line":39,"column":null}},"type":"cond-expr","locations":[{"start":{"line":39,"column":25},"end":{"line":39,"column":44}},{"start":{"line":39,"column":44},"end":{"line":39,"column":null}}],"line":39}},"s":{"0":2,"1":2},"f":{"0":2},"b":{"0":[1,1],"1":[1,1],"2":[1,1],"3":[1,1],"4":[1,1],"5":[1,1]},"meta":{"lastBranch":6,"lastFunction":1,"lastStatement":2,"seen":{"f:7:24:7:42":0,"s:8:20:8:Infinity":0,"s:10:2:49:Infinity":1,"b:13:100:13:117:13:117:13:131":0,"b:15:12:17:Infinity:19:12:21:Infinity":1,"b:26:23:26:57:26:57:26:Infinity":2,"b:30:14:30:Infinity:31:14:31:Infinity":3,"b:37:30:37:44:37:44:37:Infinity":4,"b:39:25:39:44:39:44:39:Infinity":5}}}
,"C:\\Users\\stmoc\\Desktop\\LocalSupply\\frontend\\src\\features\\pages\\auth\\LoginPage.tsx": {"path":"C:\\Users\\stmoc\\Desktop\\LocalSupply\\frontend\\src\\features\\pages\\auth\\LoginPage.tsx","statementMap":{"0":{"start":{"line":19,"column":26},"end":{"line":19,"column":null}},"1":{"start":{"line":22,"column":2},"end":{"line":22,"column":null}},"2":{"start":{"line":23,"column":19},"end":{"line":23,"column":null}},"3":{"start":{"line":24,"column":19},"end":{"line":24,"column":null}},"4":{"start":{"line":27,"column":8},"end":{"line":27,"column":null}},"5":{"start":{"line":28,"column":30},"end":{"line":28,"column":null}},"6":{"start":{"line":29,"column":26},"end":{"line":29,"column":null}},"7":{"start":{"line":30,"column":40},"end":{"line":30,"column":null}},"8":{"start":{"line":31,"column":40},"end":{"line":31,"column":null}},"9":{"start":{"line":32,"column":38},"end":{"line":32,"column":null}},"10":{"start":{"line":33,"column":38},"end":{"line":33,"column":null}},"11":{"start":{"line":35,"column":26},"end":{"line":35,"column":null}},"12":{"start":{"line":36,"column":30},"end":{"line":36,"column":null}},"13":{"start":{"line":39,"column":4},"end":{"line":39,"column":null}},"14":{"start":{"line":39,"column":27},"end":{"line":39,"column":73}},"15":{"start":{"line":40,"column":4},"end":{"line":40,"column":null}},"16":{"start":{"line":40,"column":25},"end":{"line":40,"column":55}},"17":{"start":{"line":41,"column":4},"end":{"line":41,"column":null}},"18":{"start":{"line":45,"column":4},"end":{"line":45,"column":null}},"19":{"start":{"line":45,"column":27},"end":{"line":45,"column":70}},"20":{"start":{"line":46,"column":4},"end":{"line":46,"column":null}},"21":{"start":{"line":46,"column":25},"end":{"line":46,"column":58}},"22":{"start":{"line":47,"column":4},"end":{"line":47,"column":null}},"23":{"start":{"line":51,"column":4},"end":{"line":51,"column":null}},"24":{"start":{"line":52,"column":4},"end":{"line":52,"column":null}},"25":{"start":{"line":52,"column":22},"end":{"line":52,"column":null}},"26":{"start":{"line":54,"column":27},"end":{"line":54,"column":null}},"27":{"start":{"line":55,"column":40},"end":{"line":55,"column":null}},"28":{"start":{"line":56,"column":4},"end":{"line":56,"column":null}},"29":{"start":{"line":56,"column":49},"end":{"line":56,"column":null}},"30":{"start":{"line":57,"column":10},"end":{"line":57,"column":null}},"31":{"start":{"line":58,"column":4},"end":{"line":58,"column":null}},"32":{"start":{"line":58,"column":14},"end":{"line":58,"column":null}},"33":{"start":{"line":59,"column":4},"end":{"line":59,"column":null}},"34":{"start":{"line":60,"column":4},"end":{"line":60,"column":null}},"35":{"start":{"line":62,"column":4},"end":{"line":66,"column":null}},"36":{"start":{"line":63,"column":6},"end":{"line":63,"column":null}},"37":{"start":{"line":64,"column":6},"end":{"line":64,"column":null}},"38":{"start":{"line":65,"column":6},"end":{"line":65,"column":null}},"39":{"start":{"line":68,"column":4},"end":{"line":68,"column":null}},"40":{"start":{"line":69,"column":4},"end":{"line":107,"column":null}},"41":{"start":{"line":70,"column":23},"end":{"line":74,"column":null}},"42":{"start":{"line":75,"column":23},"end":{"line":75,"column":null}},"43":{"start":{"line":75,"column":58},"end":{"line":75,"column":61}},"44":{"start":{"line":77,"column":6},"end":{"line":88,"column":null}},"45":{"start":{"line":78,"column":8},"end":{"line":78,"column":null}},"46":{"start":{"line":78,"column":28},"end":{"line":78,"column":null}},"47":{"start":{"line":78,"column":49},"end":{"line":78,"column":80}},"48":{"start":{"line":79,"column":8},"end":{"line":84,"column":null}},"49":{"start":{"line":80,"column":26},"end":{"line":80,"column":null}},"50":{"start":{"line":81,"column":10},"end":{"line":81,"column":null}},"51":{"start":{"line":82,"column":10},"end":{"line":82,"column":null}},"52":{"start":{"line":83,"column":10},"end":{"line":83,"column":null}},"53":{"start":{"line":85,"column":8},"end":{"line":85,"column":null}},"54":{"start":{"line":86,"column":8},"end":{"line":86,"column":null}},"55":{"start":{"line":87,"column":8},"end":{"line":87,"column":null}},"56":{"start":{"line":90,"column":6},"end":{"line":100,"column":null}},"57":{"start":{"line":91,"column":8},"end":{"line":99,"column":null}},"58":{"start":{"line":92,"column":10},"end":{"line":97,"column":null}},"59":{"start":{"line":98,"column":10},"end":{"line":98,"column":null}},"60":{"start":{"line":98,"column":29},"end":{"line":98,"column":null}},"61":{"start":{"line":101,"column":6},"end":{"line":101,"column":null}},"62":{"start":{"line":103,"column":6},"end":{"line":103,"column":null}},"63":{"start":{"line":104,"column":6},"end":{"line":104,"column":null}},"64":{"start":{"line":106,"column":6},"end":{"line":106,"column":null}},"65":{"start":{"line":110,"column":2},"end":{"line":250,"column":null}},"66":{"start":{"line":116,"column":27},"end":{"line":116,"column":null}},"67":{"start":{"line":169,"column":31},"end":{"line":169,"column":null}},"68":{"start":{"line":189,"column":33},"end":{"line":189,"column":null}},"69":{"start":{"line":198,"column":31},"end":{"line":198,"column":null}},"70":{"start":{"line":198,"column":54},"end":{"line":198,"column":56}}},"fnMap":{"0":{"name":"LoginPage","decl":{"start":{"line":26,"column":24},"end":{"line":26,"column":36}},"loc":{"start":{"line":26,"column":36},"end":{"line":252,"column":null}},"line":26},"1":{"name":"handleEmailChange","decl":{"start":{"line":38,"column":11},"end":{"line":38,"column":29}},"loc":{"start":{"line":38,"column":44},"end":{"line":42,"column":null}},"line":38},"2":{"name":"(anonymous_2)","decl":{"start":{"line":39,"column":16},"end":{"line":39,"column":17}},"loc":{"start":{"line":39,"column":27},"end":{"line":39,"column":73}},"line":39},"3":{"name":"(anonymous_3)","decl":{"start":{"line":40,"column":14},"end":{"line":40,"column":15}},"loc":{"start":{"line":40,"column":25},"end":{"line":40,"column":55}},"line":40},"4":{"name":"handlePasswordChange","decl":{"start":{"line":44,"column":11},"end":{"line":44,"column":32}},"loc":{"start":{"line":44,"column":47},"end":{"line":48,"column":null}},"line":44},"5":{"name":"(anonymous_5)","decl":{"start":{"line":45,"column":16},"end":{"line":45,"column":17}},"loc":{"start":{"line":45,"column":27},"end":{"line":45,"column":70}},"line":45},"6":{"name":"(anonymous_6)","decl":{"start":{"line":46,"column":14},"end":{"line":46,"column":15}},"loc":{"start":{"line":46,"column":25},"end":{"line":46,"column":58}},"line":46},"7":{"name":"handleSubmit","decl":{"start":{"line":50,"column":17},"end":{"line":50,"column":30}},"loc":{"start":{"line":50,"column":65},"end":{"line":108,"column":null}},"line":50},"8":{"name":"(anonymous_8)","decl":{"start":{"line":75,"column":51},"end":{"line":75,"column":58}},"loc":{"start":{"line":75,"column":58},"end":{"line":75,"column":61}},"line":75},"9":{"name":"(anonymous_9)","decl":{"start":{"line":78,"column":38},"end":{"line":78,"column":39}},"loc":{"start":{"line":78,"column":49},"end":{"line":78,"column":80}},"line":78},"10":{"name":"(anonymous_10)","decl":{"start":{"line":116,"column":21},"end":{"line":116,"column":27}},"loc":{"start":{"line":116,"column":27},"end":{"line":116,"column":null}},"line":116},"11":{"name":"(anonymous_11)","decl":{"start":{"line":169,"column":24},"end":{"line":169,"column":25}},"loc":{"start":{"line":169,"column":31},"end":{"line":169,"column":null}},"line":169},"12":{"name":"(anonymous_12)","decl":{"start":{"line":189,"column":26},"end":{"line":189,"column":27}},"loc":{"start":{"line":189,"column":33},"end":{"line":189,"column":null}},"line":189},"13":{"name":"(anonymous_13)","decl":{"start":{"line":198,"column":25},"end":{"line":198,"column":31}},"loc":{"start":{"line":198,"column":31},"end":{"line":198,"column":null}},"line":198},"14":{"name":"(anonymous_14)","decl":{"start":{"line":198,"column":47},"end":{"line":198,"column":48}},"loc":{"start":{"line":198,"column":54},"end":{"line":198,"column":56}},"line":198}},"branchMap":{"0":{"loc":{"start":{"line":36,"column":30},"end":{"line":36,"column":null}},"type":"binary-expr","locations":[{"start":{"line":36,"column":30},"end":{"line":36,"column":60}},{"start":{"line":36,"column":60},"end":{"line":36,"column":null}}],"line":36},"1":{"loc":{"start":{"line":52,"column":4},"end":{"line":52,"column":null}},"type":"if","locations":[{"start":{"line":52,"column":4},"end":{"line":52,"column":null}},{"start":{},"end":{}}],"line":52},"2":{"loc":{"start":{"line":56,"column":4},"end":{"line":56,"column":null}},"type":"if","locations":[{"start":{"line":56,"column":4},"end":{"line":56,"column":null}},{"start":{},"end":{}}],"line":56},"3":{"loc":{"start":{"line":58,"column":4},"end":{"line":58,"column":null}},"type":"if","locations":[{"start":{"line":58,"column":4},"end":{"line":58,"column":null}},{"start":{},"end":{}}],"line":58},"4":{"loc":{"start":{"line":62,"column":4},"end":{"line":66,"column":null}},"type":"if","locations":[{"start":{"line":62,"column":4},"end":{"line":66,"column":null}},{"start":{},"end":{}}],"line":62},"5":{"loc":{"start":{"line":77,"column":6},"end":{"line":88,"column":null}},"type":"if","locations":[{"start":{"line":77,"column":6},"end":{"line":88,"column":null}},{"start":{},"end":{}}],"line":77},"6":{"loc":{"start":{"line":78,"column":8},"end":{"line":78,"column":null}},"type":"if","locations":[{"start":{"line":78,"column":8},"end":{"line":78,"column":null}},{"start":{},"end":{}}],"line":78},"7":{"loc":{"start":{"line":79,"column":8},"end":{"line":84,"column":null}},"type":"if","locations":[{"start":{"line":79,"column":8},"end":{"line":84,"column":null}},{"start":{},"end":{}}],"line":79},"8":{"loc":{"start":{"line":79,"column":12},"end":{"line":79,"column":54}},"type":"binary-expr","locations":[{"start":{"line":79,"column":12},"end":{"line":79,"column":39}},{"start":{"line":79,"column":39},"end":{"line":79,"column":54}}],"line":79},"9":{"loc":{"start":{"line":85,"column":25},"end":{"line":85,"column":74}},"type":"binary-expr","locations":[{"start":{"line":85,"column":25},"end":{"line":85,"column":44}},{"start":{"line":85,"column":44},"end":{"line":85,"column":74}}],"line":85},"10":{"loc":{"start":{"line":90,"column":6},"end":{"line":100,"column":null}},"type":"if","locations":[{"start":{"line":90,"column":6},"end":{"line":100,"column":null}},{"start":{},"end":{}}],"line":90},"11":{"loc":{"start":{"line":90,"column":10},"end":{"line":90,"column":57}},"type":"binary-expr","locations":[{"start":{"line":90,"column":10},"end":{"line":90,"column":26}},{"start":{"line":90,"column":26},"end":{"line":90,"column":57}}],"line":90},"12":{"loc":{"start":{"line":98,"column":10},"end":{"line":98,"column":null}},"type":"if","locations":[{"start":{"line":98,"column":10},"end":{"line":98,"column":null}},{"start":{},"end":{}}],"line":98},"13":{"loc":{"start":{"line":164,"column":28},"end":{"line":164,"column":null}},"type":"binary-expr","locations":[{"start":{"line":164,"column":28},"end":{"line":164,"column":53}},{"start":{"line":164,"column":53},"end":{"line":164,"column":null}}],"line":164},"14":{"loc":{"start":{"line":176,"column":13},"end":{"line":176,"column":null}},"type":"cond-expr","locations":[{"start":{"line":176,"column":35},"end":{"line":176,"column":115}},{"start":{"line":176,"column":115},"end":{"line":176,"column":null}}],"line":176},"15":{"loc":{"start":{"line":177,"column":13},"end":{"line":177,"column":null}},"type":"cond-expr","locations":[{"start":{"line":177,"column":28},"end":{"line":177,"column":75}},{"start":{"line":177,"column":75},"end":{"line":177,"column":null}}],"line":177},"16":{"loc":{"start":{"line":192,"column":22},"end":{"line":192,"column":null}},"type":"cond-expr","locations":[{"start":{"line":192,"column":37},"end":{"line":192,"column":46}},{"start":{"line":192,"column":46},"end":{"line":192,"column":null}}],"line":192},"17":{"loc":{"start":{"line":196,"column":28},"end":{"line":196,"column":null}},"type":"cond-expr","locations":[{"start":{"line":196,"column":43},"end":{"line":196,"column":61}},{"start":{"line":196,"column":61},"end":{"line":196,"column":null}}],"line":196},"18":{"loc":{"start":{"line":202,"column":17},"end":{"line":210,"column":null}},"type":"cond-expr","locations":[{"start":{"line":203,"column":18},"end":{"line":205,"column":null}},{"start":{"line":207,"column":18},"end":{"line":210,"column":null}}],"line":202},"19":{"loc":{"start":{"line":214,"column":13},"end":{"line":214,"column":null}},"type":"cond-expr","locations":[{"start":{"line":214,"column":31},"end":{"line":214,"column":81}},{"start":{"line":214,"column":81},"end":{"line":214,"column":null}}],"line":214},"20":{"loc":{"start":{"line":228,"column":13},"end":{"line":233,"column":null}},"type":"cond-expr","locations":[{"start":{"line":229,"column":14},"end":{"line":232,"column":null}},{"start":{"line":233,"column":16},"end":{"line":233,"column":null}}],"line":228},"21":{"loc":{"start":{"line":236,"column":11},"end":{"line":240,"column":null}},"type":"cond-expr","locations":[{"start":{"line":237,"column":12},"end":{"line":239,"column":null}},{"start":{"line":240,"column":14},"end":{"line":240,"column":null}}],"line":236},"22":{"loc":{"start":{"line":237,"column":72},"end":{"line":237,"column":123}},"type":"cond-expr","locations":[{"start":{"line":237,"column":88},"end":{"line":237,"column":107}},{"start":{"line":237,"column":107},"end":{"line":237,"column":123}}],"line":237}},"s":{"0":1,"1":1,"2":1,"3":1,"4":12,"5":12,"6":12,"7":12,"8":12,"9":12,"10":12,"11":12,"12":12,"13":3,"14":3,"15":3,"16":3,"17":3,"18":2,"19":2,"20":2,"21":2,"22":2,"23":2,"24":2,"25":0,"26":2,"27":2,"28":2,"29":0,"30":2,"31":2,"32":0,"33":2,"34":2,"35":2,"36":0,"37":0,"38":0,"39":2,"40":2,"41":2,"42":2,"43":0,"44":2,"45":1,"46":0,"47":0,"48":1,"49":1,"50":1,"51":1,"52":1,"53":0,"54":1,"55":1,"56":1,"57":0,"58":0,"59":0,"60":0,"61":1,"62":0,"63":0,"64":2,"65":12,"66":0,"67":3,"68":2,"69":0,"70":0},"f":{"0":12,"1":3,"2":3,"3":3,"4":2,"5":2,"6":2,"7":2,"8":0,"9":0,"10":0,"11":3,"12":2,"13":0,"14":0},"b":{"0":[12,9],"1":[0,2],"2":[0,2],"3":[0,2],"4":[0,2],"5":[1,1],"6":[0,1],"7":[1,0],"8":[1,1],"9":[0,0],"10":[0,1],"11":[1,0],"12":[0,0],"13":[12,12],"14":[1,11],"15":[0,12],"16":[0,12],"17":[0,12],"18":[0,12],"19":[0,12],"20":[2,10],"21":[0,12],"22":[0,0]},"meta":{"lastBranch":23,"lastFunction":15,"lastStatement":71,"seen":{"s:19:26:19:Infinity":0,"s:22:2:22:Infinity":1,"s:23:19:23:Infinity":2,"s:24:19:24:Infinity":3,"f:26:24:26:36":0,"s:27:8:27:Infinity":4,"s:28:30:28:Infinity":5,"s:29:26:29:Infinity":6,"s:30:40:30:Infinity":7,"s:31:40:31:Infinity":8,"s:32:38:32:Infinity":9,"s:33:38:33:Infinity":10,"s:35:26:35:Infinity":11,"s:36:30:36:Infinity":12,"b:36:30:36:60:36:60:36:Infinity":0,"f:38:11:38:29":1,"s:39:4:39:Infinity":13,"f:39:16:39:17":2,"s:39:27:39:73":14,"s:40:4:40:Infinity":15,"f:40:14:40:15":3,"s:40:25:40:55":16,"s:41:4:41:Infinity":17,"f:44:11:44:32":4,"s:45:4:45:Infinity":18,"f:45:16:45:17":5,"s:45:27:45:70":19,"s:46:4:46:Infinity":20,"f:46:14:46:15":6,"s:46:25:46:58":21,"s:47:4:47:Infinity":22,"f:50:17:50:30":7,"s:51:4:51:Infinity":23,"b:52:4:52:Infinity:undefined:undefined:undefined:undefined":1,"s:52:4:52:Infinity":24,"s:52:22:52:Infinity":25,"s:54:27:54:Infinity":26,"s:55:40:55:Infinity":27,"b:56:4:56:Infinity:undefined:undefined:undefined:undefined":2,"s:56:4:56:Infinity":28,"s:56:49:56:Infinity":29,"s:57:10:57:Infinity":30,"b:58:4:58:Infinity:undefined:undefined:undefined:undefined":3,"s:58:4:58:Infinity":31,"s:58:14:58:Infinity":32,"s:59:4:59:Infinity":33,"s:60:4:60:Infinity":34,"b:62:4:66:Infinity:undefined:undefined:undefined:undefined":4,"s:62:4:66:Infinity":35,"s:63:6:63:Infinity":36,"s:64:6:64:Infinity":37,"s:65:6:65:Infinity":38,"s:68:4:68:Infinity":39,"s:69:4:107:Infinity":40,"s:70:23:74:Infinity":41,"s:75:23:75:Infinity":42,"f:75:51:75:58":8,"s:75:58:75:61":43,"b:77:6:88:Infinity:undefined:undefined:undefined:undefined":5,"s:77:6:88:Infinity":44,"b:78:8:78:Infinity:undefined:undefined:undefined:undefined":6,"s:78:8:78:Infinity":45,"s:78:28:78:Infinity":46,"f:78:38:78:39":9,"s:78:49:78:80":47,"b:79:8:84:Infinity:undefined:undefined:undefined:undefined":7,"s:79:8:84:Infinity":48,"b:79:12:79:39:79:39:79:54":8,"s:80:26:80:Infinity":49,"s:81:10:81:Infinity":50,"s:82:10:82:Infinity":51,"s:83:10:83:Infinity":52,"s:85:8:85:Infinity":53,"b:85:25:85:44:85:44:85:74":9,"s:86:8:86:Infinity":54,"s:87:8:87:Infinity":55,"b:90:6:100:Infinity:undefined:undefined:undefined:undefined":10,"s:90:6:100:Infinity":56,"b:90:10:90:26:90:26:90:57":11,"s:91:8:99:Infinity":57,"s:92:10:97:Infinity":58,"b:98:10:98:Infinity:undefined:undefined:undefined:undefined":12,"s:98:10:98:Infinity":59,"s:98:29:98:Infinity":60,"s:101:6:101:Infinity":61,"s:103:6:103:Infinity":62,"s:104:6:104:Infinity":63,"s:106:6:106:Infinity":64,"s:110:2:250:Infinity":65,"f:116:21:116:27":10,"s:116:27:116:Infinity":66,"b:164:28:164:53:164:53:164:Infinity":13,"f:169:24:169:25":11,"s:169:31:169:Infinity":67,"b:176:35:176:115:176:115:176:Infinity":14,"b:177:28:177:75:177:75:177:Infinity":15,"f:189:26:189:27":12,"s:189:33:189:Infinity":68,"b:192:37:192:46:192:46:192:Infinity":16,"b:196:43:196:61:196:61:196:Infinity":17,"f:198:25:198:31":13,"s:198:31:198:Infinity":69,"f:198:47:198:48":14,"s:198:54:198:56":70,"b:203:18:205:Infinity:207:18:210:Infinity":18,"b:214:31:214:81:214:81:214:Infinity":19,"b:229:14:232:Infinity:233:16:233:Infinity":20,"b:237:12:239:Infinity:240:14:240:Infinity":21,"b:237:88:237:107:237:107:237:123":22}}}
,"C:\\Users\\stmoc\\Desktop\\LocalSupply\\frontend\\src\\features\\pages\\auth\\RegisterPage.tsx": {"path":"C:\\Users\\stmoc\\Desktop\\LocalSupply\\frontend\\src\\features\\pages\\auth\\RegisterPage.tsx","statementMap":{"0":{"start":{"line":33,"column":2},"end":{"line":33,"column":null}},"1":{"start":{"line":34,"column":19},"end":{"line":34,"column":null}},"2":{"start":{"line":35,"column":19},"end":{"line":35,"column":null}},"3":{"start":{"line":38,"column":8},"end":{"line":38,"column":null}},"4":{"start":{"line":39,"column":30},"end":{"line":41,"column":null}},"5":{"start":{"line":42,"column":26},"end":{"line":42,"column":null}},"6":{"start":{"line":43,"column":40},"end":{"line":43,"column":null}},"7":{"start":{"line":44,"column":40},"end":{"line":44,"column":null}},"8":{"start":{"line":45,"column":38},"end":{"line":45,"column":null}},"9":{"start":{"line":46,"column":38},"end":{"line":46,"column":null}},"10":{"start":{"line":47,"column":52},"end":{"line":47,"column":null}},"11":{"start":{"line":49,"column":8},"end":{"line":51,"column":null}},"12":{"start":{"line":52,"column":8},"end":{"line":52,"column":null}},"13":{"start":{"line":55,"column":4},"end":{"line":55,"column":null}},"14":{"start":{"line":55,"column":27},"end":{"line":55,"column":78}},"15":{"start":{"line":56,"column":4},"end":{"line":56,"column":null}},"16":{"start":{"line":56,"column":25},"end":{"line":56,"column":57}},"17":{"start":{"line":57,"column":4},"end":{"line":57,"column":null}},"18":{"start":{"line":61,"column":4},"end":{"line":61,"column":null}},"19":{"start":{"line":61,"column":27},"end":{"line":61,"column":73}},"20":{"start":{"line":62,"column":4},"end":{"line":62,"column":null}},"21":{"start":{"line":62,"column":25},"end":{"line":62,"column":55}},"22":{"start":{"line":63,"column":4},"end":{"line":63,"column":null}},"23":{"start":{"line":67,"column":4},"end":{"line":67,"column":null}},"24":{"start":{"line":67,"column":27},"end":{"line":67,"column":69}},"25":{"start":{"line":68,"column":4},"end":{"line":68,"column":null}},"26":{"start":{"line":68,"column":25},"end":{"line":68,"column":57}},"27":{"start":{"line":69,"column":4},"end":{"line":69,"column":null}},"28":{"start":{"line":73,"column":4},"end":{"line":73,"column":null}},"29":{"start":{"line":74,"column":4},"end":{"line":74,"column":null}},"30":{"start":{"line":74,"column":22},"end":{"line":74,"column":null}},"31":{"start":{"line":76,"column":27},"end":{"line":81,"column":null}},"32":{"start":{"line":83,"column":43},"end":{"line":83,"column":null}},"33":{"start":{"line":84,"column":4},"end":{"line":84,"column":null}},"34":{"start":{"line":84,"column":58},"end":{"line":84,"column":null}},"35":{"start":{"line":85,"column":4},"end":{"line":85,"column":null}},"36":{"start":{"line":85,"column":57},"end":{"line":85,"column":null}},"37":{"start":{"line":86,"column":4},"end":{"line":86,"column":null}},"38":{"start":{"line":86,"column":49},"end":{"line":86,"column":null}},"39":{"start":{"line":87,"column":10},"end":{"line":87,"column":null}},"40":{"start":{"line":88,"column":4},"end":{"line":88,"column":null}},"41":{"start":{"line":88,"column":14},"end":{"line":88,"column":null}},"42":{"start":{"line":89,"column":4},"end":{"line":89,"column":null}},"43":{"start":{"line":89,"column":68},"end":{"line":89,"column":null}},"44":{"start":{"line":90,"column":4},"end":{"line":90,"column":null}},"45":{"start":{"line":90,"column":39},"end":{"line":90,"column":null}},"46":{"start":{"line":92,"column":4},"end":{"line":92,"column":null}},"47":{"start":{"line":93,"column":4},"end":{"line":93,"column":null}},"48":{"start":{"line":95,"column":4},"end":{"line":99,"column":null}},"49":{"start":{"line":96,"column":6},"end":{"line":96,"column":null}},"50":{"start":{"line":97,"column":6},"end":{"line":97,"column":null}},"51":{"start":{"line":98,"column":6},"end":{"line":98,"column":null}},"52":{"start":{"line":101,"column":4},"end":{"line":101,"column":null}},"53":{"start":{"line":102,"column":4},"end":{"line":125,"column":null}},"54":{"start":{"line":103,"column":23},"end":{"line":107,"column":null}},"55":{"start":{"line":108,"column":23},"end":{"line":108,"column":null}},"56":{"start":{"line":108,"column":58},"end":{"line":108,"column":61}},"57":{"start":{"line":110,"column":6},"end":{"line":115,"column":null}},"58":{"start":{"line":111,"column":8},"end":{"line":111,"column":null}},"59":{"start":{"line":111,"column":28},"end":{"line":111,"column":null}},"60":{"start":{"line":111,"column":49},"end":{"line":111,"column":80}},"61":{"start":{"line":112,"column":8},"end":{"line":112,"column":null}},"62":{"start":{"line":113,"column":8},"end":{"line":113,"column":null}},"63":{"start":{"line":114,"column":8},"end":{"line":114,"column":null}},"64":{"start":{"line":117,"column":22},"end":{"line":117,"column":null}},"65":{"start":{"line":118,"column":6},"end":{"line":118,"column":null}},"66":{"start":{"line":118,"column":42},"end":{"line":118,"column":null}},"67":{"start":{"line":119,"column":6},"end":{"line":119,"column":null}},"68":{"start":{"line":121,"column":6},"end":{"line":121,"column":null}},"69":{"start":{"line":122,"column":6},"end":{"line":122,"column":null}},"70":{"start":{"line":124,"column":6},"end":{"line":124,"column":null}},"71":{"start":{"line":128,"column":2},"end":{"line":363,"column":null}},"72":{"start":{"line":134,"column":27},"end":{"line":134,"column":null}},"73":{"start":{"line":183,"column":33},"end":{"line":183,"column":null}},"74":{"start":{"line":199,"column":33},"end":{"line":199,"column":null}},"75":{"start":{"line":217,"column":31},"end":{"line":217,"column":null}},"76":{"start":{"line":237,"column":35},"end":{"line":237,"column":null}},"77":{"start":{"line":246,"column":33},"end":{"line":246,"column":null}},"78":{"start":{"line":246,"column":56},"end":{"line":246,"column":58}},"79":{"start":{"line":270,"column":30},"end":{"line":270,"column":null}},"80":{"start":{"line":271,"column":18},"end":{"line":274,"column":null}},"81":{"start":{"line":290,"column":35},"end":{"line":290,"column":null}},"82":{"start":{"line":299,"column":33},"end":{"line":299,"column":null}},"83":{"start":{"line":299,"column":63},"end":{"line":299,"column":65}},"84":{"start":{"line":325,"column":16},"end":{"line":325,"column":null}},"85":{"start":{"line":325,"column":39},"end":{"line":325,"column":84}},"86":{"start":{"line":326,"column":16},"end":{"line":326,"column":null}},"87":{"start":{"line":326,"column":37},"end":{"line":326,"column":75}},"88":{"start":{"line":327,"column":16},"end":{"line":327,"column":null}}},"fnMap":{"0":{"name":"RegisterPage","decl":{"start":{"line":37,"column":24},"end":{"line":37,"column":39}},"loc":{"start":{"line":37,"column":39},"end":{"line":365,"column":null}},"line":37},"1":{"name":"handleTextChange","decl":{"start":{"line":54,"column":11},"end":{"line":54,"column":28}},"loc":{"start":{"line":54,"column":76},"end":{"line":58,"column":null}},"line":54},"2":{"name":"(anonymous_2)","decl":{"start":{"line":55,"column":16},"end":{"line":55,"column":17}},"loc":{"start":{"line":55,"column":27},"end":{"line":55,"column":78}},"line":55},"3":{"name":"(anonymous_3)","decl":{"start":{"line":56,"column":14},"end":{"line":56,"column":15}},"loc":{"start":{"line":56,"column":25},"end":{"line":56,"column":57}},"line":56},"4":{"name":"handleEmailChange","decl":{"start":{"line":60,"column":11},"end":{"line":60,"column":29}},"loc":{"start":{"line":60,"column":44},"end":{"line":64,"column":null}},"line":60},"5":{"name":"(anonymous_5)","decl":{"start":{"line":61,"column":16},"end":{"line":61,"column":17}},"loc":{"start":{"line":61,"column":27},"end":{"line":61,"column":73}},"line":61},"6":{"name":"(anonymous_6)","decl":{"start":{"line":62,"column":14},"end":{"line":62,"column":15}},"loc":{"start":{"line":62,"column":25},"end":{"line":62,"column":55}},"line":62},"7":{"name":"handlePasswordChange","decl":{"start":{"line":66,"column":11},"end":{"line":66,"column":32}},"loc":{"start":{"line":66,"column":86},"end":{"line":70,"column":null}},"line":66},"8":{"name":"(anonymous_8)","decl":{"start":{"line":67,"column":16},"end":{"line":67,"column":17}},"loc":{"start":{"line":67,"column":27},"end":{"line":67,"column":69}},"line":67},"9":{"name":"(anonymous_9)","decl":{"start":{"line":68,"column":14},"end":{"line":68,"column":15}},"loc":{"start":{"line":68,"column":25},"end":{"line":68,"column":57}},"line":68},"10":{"name":"handleSubmit","decl":{"start":{"line":72,"column":17},"end":{"line":72,"column":30}},"loc":{"start":{"line":72,"column":65},"end":{"line":126,"column":null}},"line":72},"11":{"name":"(anonymous_11)","decl":{"start":{"line":108,"column":51},"end":{"line":108,"column":58}},"loc":{"start":{"line":108,"column":58},"end":{"line":108,"column":61}},"line":108},"12":{"name":"(anonymous_12)","decl":{"start":{"line":111,"column":38},"end":{"line":111,"column":39}},"loc":{"start":{"line":111,"column":49},"end":{"line":111,"column":80}},"line":111},"13":{"name":"(anonymous_13)","decl":{"start":{"line":134,"column":21},"end":{"line":134,"column":27}},"loc":{"start":{"line":134,"column":27},"end":{"line":134,"column":null}},"line":134},"14":{"name":"(anonymous_14)","decl":{"start":{"line":183,"column":26},"end":{"line":183,"column":27}},"loc":{"start":{"line":183,"column":33},"end":{"line":183,"column":null}},"line":183},"15":{"name":"(anonymous_15)","decl":{"start":{"line":199,"column":26},"end":{"line":199,"column":27}},"loc":{"start":{"line":199,"column":33},"end":{"line":199,"column":null}},"line":199},"16":{"name":"(anonymous_16)","decl":{"start":{"line":217,"column":24},"end":{"line":217,"column":25}},"loc":{"start":{"line":217,"column":31},"end":{"line":217,"column":null}},"line":217},"17":{"name":"(anonymous_17)","decl":{"start":{"line":237,"column":28},"end":{"line":237,"column":29}},"loc":{"start":{"line":237,"column":35},"end":{"line":237,"column":null}},"line":237},"18":{"name":"(anonymous_18)","decl":{"start":{"line":246,"column":27},"end":{"line":246,"column":33}},"loc":{"start":{"line":246,"column":33},"end":{"line":246,"column":null}},"line":246},"19":{"name":"(anonymous_19)","decl":{"start":{"line":246,"column":49},"end":{"line":246,"column":50}},"loc":{"start":{"line":246,"column":56},"end":{"line":246,"column":58}},"line":246},"20":{"name":"(anonymous_20)","decl":{"start":{"line":269,"column":22},"end":{"line":269,"column":23}},"loc":{"start":{"line":269,"column":42},"end":{"line":276,"column":17}},"line":269},"21":{"name":"(anonymous_21)","decl":{"start":{"line":290,"column":28},"end":{"line":290,"column":29}},"loc":{"start":{"line":290,"column":35},"end":{"line":290,"column":null}},"line":290},"22":{"name":"(anonymous_22)","decl":{"start":{"line":299,"column":27},"end":{"line":299,"column":33}},"loc":{"start":{"line":299,"column":33},"end":{"line":299,"column":null}},"line":299},"23":{"name":"(anonymous_23)","decl":{"start":{"line":299,"column":56},"end":{"line":299,"column":57}},"loc":{"start":{"line":299,"column":63},"end":{"line":299,"column":65}},"line":299},"24":{"name":"(anonymous_24)","decl":{"start":{"line":324,"column":24},"end":{"line":324,"column":25}},"loc":{"start":{"line":324,"column":31},"end":{"line":328,"column":null}},"line":324},"25":{"name":"(anonymous_25)","decl":{"start":{"line":325,"column":28},"end":{"line":325,"column":29}},"loc":{"start":{"line":325,"column":39},"end":{"line":325,"column":84}},"line":325},"26":{"name":"(anonymous_26)","decl":{"start":{"line":326,"column":26},"end":{"line":326,"column":27}},"loc":{"start":{"line":326,"column":37},"end":{"line":326,"column":75}},"line":326}},"branchMap":{"0":{"loc":{"start":{"line":49,"column":8},"end":{"line":51,"column":null}},"type":"binary-expr","locations":[{"start":{"line":50,"column":5},"end":{"line":50,"column":37}},{"start":{"line":50,"column":37},"end":{"line":50,"column":null}},{"start":{"line":51,"column":4},"end":{"line":51,"column":null}}],"line":49},"1":{"loc":{"start":{"line":74,"column":4},"end":{"line":74,"column":null}},"type":"if","locations":[{"start":{"line":74,"column":4},"end":{"line":74,"column":null}},{"start":{},"end":{}}],"line":74},"2":{"loc":{"start":{"line":84,"column":4},"end":{"line":84,"column":null}},"type":"if","locations":[{"start":{"line":84,"column":4},"end":{"line":84,"column":null}},{"start":{},"end":{}}],"line":84},"3":{"loc":{"start":{"line":85,"column":4},"end":{"line":85,"column":null}},"type":"if","locations":[{"start":{"line":85,"column":4},"end":{"line":85,"column":null}},{"start":{},"end":{}}],"line":85},"4":{"loc":{"start":{"line":86,"column":4},"end":{"line":86,"column":null}},"type":"if","locations":[{"start":{"line":86,"column":4},"end":{"line":86,"column":null}},{"start":{},"end":{}}],"line":86},"5":{"loc":{"start":{"line":88,"column":4},"end":{"line":88,"column":null}},"type":"if","locations":[{"start":{"line":88,"column":4},"end":{"line":88,"column":null}},{"start":{},"end":{}}],"line":88},"6":{"loc":{"start":{"line":89,"column":4},"end":{"line":89,"column":null}},"type":"if","locations":[{"start":{"line":89,"column":4},"end":{"line":89,"column":null}},{"start":{},"end":{}}],"line":89},"7":{"loc":{"start":{"line":90,"column":4},"end":{"line":90,"column":null}},"type":"if","locations":[{"start":{"line":90,"column":4},"end":{"line":90,"column":null}},{"start":{},"end":{}}],"line":90},"8":{"loc":{"start":{"line":95,"column":4},"end":{"line":99,"column":null}},"type":"if","locations":[{"start":{"line":95,"column":4},"end":{"line":99,"column":null}},{"start":{},"end":{}}],"line":95},"9":{"loc":{"start":{"line":110,"column":6},"end":{"line":115,"column":null}},"type":"if","locations":[{"start":{"line":110,"column":6},"end":{"line":115,"column":null}},{"start":{},"end":{}}],"line":110},"10":{"loc":{"start":{"line":111,"column":8},"end":{"line":111,"column":null}},"type":"if","locations":[{"start":{"line":111,"column":8},"end":{"line":111,"column":null}},{"start":{},"end":{}}],"line":111},"11":{"loc":{"start":{"line":112,"column":25},"end":{"line":112,"column":81}},"type":"binary-expr","locations":[{"start":{"line":112,"column":25},"end":{"line":112,"column":44}},{"start":{"line":112,"column":44},"end":{"line":112,"column":81}}],"line":112},"12":{"loc":{"start":{"line":118,"column":6},"end":{"line":118,"column":null}},"type":"if","locations":[{"start":{"line":118,"column":6},"end":{"line":118,"column":null}},{"start":{},"end":{}}],"line":118},"13":{"loc":{"start":{"line":189,"column":15},"end":{"line":189,"column":null}},"type":"cond-expr","locations":[{"start":{"line":189,"column":34},"end":{"line":189,"column":85}},{"start":{"line":189,"column":85},"end":{"line":189,"column":null}}],"line":189},"14":{"loc":{"start":{"line":205,"column":15},"end":{"line":205,"column":null}},"type":"cond-expr","locations":[{"start":{"line":205,"column":33},"end":{"line":205,"column":83}},{"start":{"line":205,"column":83},"end":{"line":205,"column":null}}],"line":205},"15":{"loc":{"start":{"line":224,"column":13},"end":{"line":224,"column":null}},"type":"cond-expr","locations":[{"start":{"line":224,"column":28},"end":{"line":224,"column":75}},{"start":{"line":224,"column":75},"end":{"line":224,"column":null}}],"line":224},"16":{"loc":{"start":{"line":240,"column":24},"end":{"line":240,"column":null}},"type":"cond-expr","locations":[{"start":{"line":240,"column":39},"end":{"line":240,"column":48}},{"start":{"line":240,"column":48},"end":{"line":240,"column":null}}],"line":240},"17":{"loc":{"start":{"line":244,"column":30},"end":{"line":244,"column":null}},"type":"cond-expr","locations":[{"start":{"line":244,"column":45},"end":{"line":244,"column":63}},{"start":{"line":244,"column":63},"end":{"line":244,"column":null}}],"line":244},"18":{"loc":{"start":{"line":250,"column":19},"end":{"line":258,"column":null}},"type":"cond-expr","locations":[{"start":{"line":251,"column":20},"end":{"line":253,"column":null}},{"start":{"line":255,"column":20},"end":{"line":258,"column":null}}],"line":250},"19":{"loc":{"start":{"line":272,"column":74},"end":{"line":272,"column":115}},"type":"cond-expr","locations":[{"start":{"line":272,"column":80},"end":{"line":272,"column":99}},{"start":{"line":272,"column":99},"end":{"line":272,"column":115}}],"line":272},"20":{"loc":{"start":{"line":273,"column":29},"end":{"line":273,"column":45}},"type":"cond-expr","locations":[{"start":{"line":273,"column":35},"end":{"line":273,"column":41}},{"start":{"line":273,"column":41},"end":{"line":273,"column":45}}],"line":273},"21":{"loc":{"start":{"line":278,"column":15},"end":{"line":278,"column":null}},"type":"cond-expr","locations":[{"start":{"line":278,"column":33},"end":{"line":278,"column":83}},{"start":{"line":278,"column":83},"end":{"line":278,"column":null}}],"line":278},"22":{"loc":{"start":{"line":285,"column":32},"end":{"line":285,"column":null}},"type":"binary-expr","locations":[{"start":{"line":285,"column":32},"end":{"line":285,"column":67}},{"start":{"line":285,"column":67},"end":{"line":285,"column":null}}],"line":285},"23":{"loc":{"start":{"line":293,"column":24},"end":{"line":293,"column":null}},"type":"cond-expr","locations":[{"start":{"line":293,"column":46},"end":{"line":293,"column":55}},{"start":{"line":293,"column":55},"end":{"line":293,"column":null}}],"line":293},"24":{"loc":{"start":{"line":297,"column":30},"end":{"line":297,"column":null}},"type":"cond-expr","locations":[{"start":{"line":297,"column":52},"end":{"line":297,"column":70}},{"start":{"line":297,"column":70},"end":{"line":297,"column":null}}],"line":297},"25":{"loc":{"start":{"line":303,"column":19},"end":{"line":311,"column":null}},"type":"cond-expr","locations":[{"start":{"line":304,"column":20},"end":{"line":306,"column":null}},{"start":{"line":308,"column":20},"end":{"line":311,"column":null}}],"line":303},"26":{"loc":{"start":{"line":315,"column":15},"end":{"line":315,"column":null}},"type":"cond-expr","locations":[{"start":{"line":315,"column":41},"end":{"line":315,"column":101}},{"start":{"line":315,"column":101},"end":{"line":315,"column":null}}],"line":315},"27":{"loc":{"start":{"line":316,"column":15},"end":{"line":316,"column":null}},"type":"cond-expr","locations":[{"start":{"line":316,"column":68},"end":{"line":316,"column":125}},{"start":{"line":316,"column":125},"end":{"line":316,"column":null}}],"line":316},"28":{"loc":{"start":{"line":316,"column":15},"end":{"line":316,"column":68}},"type":"binary-expr","locations":[{"start":{"line":316,"column":15},"end":{"line":316,"column":43}},{"start":{"line":316,"column":43},"end":{"line":316,"column":68}}],"line":316},"29":{"loc":{"start":{"line":334,"column":11},"end":{"line":334,"column":null}},"type":"cond-expr","locations":[{"start":{"line":334,"column":34},"end":{"line":334,"column":89}},{"start":{"line":334,"column":89},"end":{"line":334,"column":null}}],"line":334},"30":{"loc":{"start":{"line":341,"column":13},"end":{"line":346,"column":null}},"type":"cond-expr","locations":[{"start":{"line":342,"column":14},"end":{"line":345,"column":null}},{"start":{"line":346,"column":16},"end":{"line":346,"column":null}}],"line":341},"31":{"loc":{"start":{"line":349,"column":11},"end":{"line":353,"column":null}},"type":"cond-expr","locations":[{"start":{"line":350,"column":12},"end":{"line":352,"column":null}},{"start":{"line":353,"column":14},"end":{"line":353,"column":null}}],"line":349},"32":{"loc":{"start":{"line":350,"column":72},"end":{"line":350,"column":123}},"type":"cond-expr","locations":[{"start":{"line":350,"column":88},"end":{"line":350,"column":107}},{"start":{"line":350,"column":107},"end":{"line":350,"column":123}}],"line":350}},"s":{"0":1,"1":1,"2":1,"3":4,"4":4,"5":4,"6":4,"7":4,"8":4,"9":4,"10":4,"11":4,"12":4,"13":0,"14":0,"15":0,"16":0,"17":0,"18":0,"19":0,"20":0,"21":0,"22":0,"23":3,"24":3,"25":3,"26":3,"27":3,"28":0,"29":0,"30":0,"31":0,"32":0,"33":0,"34":0,"35":0,"36":0,"37":0,"38":0,"39":0,"40":0,"41":0,"42":0,"43":0,"44":0,"45":0,"46":0,"47":0,"48":0,"49":0,"50":0,"51":0,"52":0,"53":0,"54":0,"55":0,"56":0,"57":0,"58":0,"59":0,"60":0,"61":0,"62":0,"63":0,"64":0,"65":0,"66":0,"67":0,"68":0,"69":0,"70":0,"71":4,"72":0,"73":0,"74":0,"75":0,"76":1,"77":0,"78":0,"79":20,"80":20,"81":2,"82":0,"83":0,"84":0,"85":0,"86":0,"87":0,"88":0},"f":{"0":4,"1":0,"2":0,"3":0,"4":0,"5":0,"6":0,"7":3,"8":3,"9":3,"10":0,"11":0,"12":0,"13":0,"14":0,"15":0,"16":0,"17":1,"18":0,"19":0,"20":20,"21":2,"22":0,"23":0,"24":0,"25":0,"26":0},"b":{"0":[4,1,3],"1":[0,0],"2":[0,0],"3":[0,0],"4":[0,0],"5":[0,0],"6":[0,0],"7":[0,0],"8":[0,0],"9":[0,0],"10":[0,0],"11":[0,0],"12":[0,0],"13":[0,4],"14":[0,4],"15":[0,4],"16":[0,4],"17":[0,4],"18":[0,4],"19":[15,5],"20":[15,5],"21":[0,4],"22":[4,4],"23":[0,4],"24":[0,4],"25":[0,4],"26":[2,2],"27":[0,4],"28":[4,2],"29":[0,4],"30":[0,4],"31":[0,4],"32":[0,0]},"meta":{"lastBranch":33,"lastFunction":27,"lastStatement":89,"seen":{"s:33:2:33:Infinity":0,"s:34:19:34:Infinity":1,"s:35:19:35:Infinity":2,"f:37:24:37:39":0,"s:38:8:38:Infinity":3,"s:39:30:41:Infinity":4,"s:42:26:42:Infinity":5,"s:43:40:43:Infinity":6,"s:44:40:44:Infinity":7,"s:45:38:45:Infinity":8,"s:46:38:46:Infinity":9,"s:47:52:47:Infinity":10,"s:49:8:51:Infinity":11,"b:50:5:50:37:50:37:50:Infinity:51:4:51:Infinity":0,"s:52:8:52:Infinity":12,"f:54:11:54:28":1,"s:55:4:55:Infinity":13,"f:55:16:55:17":2,"s:55:27:55:78":14,"s:56:4:56:Infinity":15,"f:56:14:56:15":3,"s:56:25:56:57":16,"s:57:4:57:Infinity":17,"f:60:11:60:29":4,"s:61:4:61:Infinity":18,"f:61:16:61:17":5,"s:61:27:61:73":19,"s:62:4:62:Infinity":20,"f:62:14:62:15":6,"s:62:25:62:55":21,"s:63:4:63:Infinity":22,"f:66:11:66:32":7,"s:67:4:67:Infinity":23,"f:67:16:67:17":8,"s:67:27:67:69":24,"s:68:4:68:Infinity":25,"f:68:14:68:15":9,"s:68:25:68:57":26,"s:69:4:69:Infinity":27,"f:72:17:72:30":10,"s:73:4:73:Infinity":28,"b:74:4:74:Infinity:undefined:undefined:undefined:undefined":1,"s:74:4:74:Infinity":29,"s:74:22:74:Infinity":30,"s:76:27:81:Infinity":31,"s:83:43:83:Infinity":32,"b:84:4:84:Infinity:undefined:undefined:undefined:undefined":2,"s:84:4:84:Infinity":33,"s:84:58:84:Infinity":34,"b:85:4:85:Infinity:undefined:undefined:undefined:undefined":3,"s:85:4:85:Infinity":35,"s:85:57:85:Infinity":36,"b:86:4:86:Infinity:undefined:undefined:undefined:undefined":4,"s:86:4:86:Infinity":37,"s:86:49:86:Infinity":38,"s:87:10:87:Infinity":39,"b:88:4:88:Infinity:undefined:undefined:undefined:undefined":5,"s:88:4:88:Infinity":40,"s:88:14:88:Infinity":41,"b:89:4:89:Infinity:undefined:undefined:undefined:undefined":6,"s:89:4:89:Infinity":42,"s:89:68:89:Infinity":43,"b:90:4:90:Infinity:undefined:undefined:undefined:undefined":7,"s:90:4:90:Infinity":44,"s:90:39:90:Infinity":45,"s:92:4:92:Infinity":46,"s:93:4:93:Infinity":47,"b:95:4:99:Infinity:undefined:undefined:undefined:undefined":8,"s:95:4:99:Infinity":48,"s:96:6:96:Infinity":49,"s:97:6:97:Infinity":50,"s:98:6:98:Infinity":51,"s:101:4:101:Infinity":52,"s:102:4:125:Infinity":53,"s:103:23:107:Infinity":54,"s:108:23:108:Infinity":55,"f:108:51:108:58":11,"s:108:58:108:61":56,"b:110:6:115:Infinity:undefined:undefined:undefined:undefined":9,"s:110:6:115:Infinity":57,"b:111:8:111:Infinity:undefined:undefined:undefined:undefined":10,"s:111:8:111:Infinity":58,"s:111:28:111:Infinity":59,"f:111:38:111:39":12,"s:111:49:111:80":60,"s:112:8:112:Infinity":61,"b:112:25:112:44:112:44:112:81":11,"s:113:8:113:Infinity":62,"s:114:8:114:Infinity":63,"s:117:22:117:Infinity":64,"b:118:6:118:Infinity:undefined:undefined:undefined:undefined":12,"s:118:6:118:Infinity":65,"s:118:42:118:Infinity":66,"s:119:6:119:Infinity":67,"s:121:6:121:Infinity":68,"s:122:6:122:Infinity":69,"s:124:6:124:Infinity":70,"s:128:2:363:Infinity":71,"f:134:21:134:27":13,"s:134:27:134:Infinity":72,"f:183:26:183:27":14,"s:183:33:183:Infinity":73,"b:189:34:189:85:189:85:189:Infinity":13,"f:199:26:199:27":15,"s:199:33:199:Infinity":74,"b:205:33:205:83:205:83:205:Infinity":14,"f:217:24:217:25":16,"s:217:31:217:Infinity":75,"b:224:28:224:75:224:75:224:Infinity":15,"f:237:28:237:29":17,"s:237:35:237:Infinity":76,"b:240:39:240:48:240:48:240:Infinity":16,"b:244:45:244:63:244:63:244:Infinity":17,"f:246:27:246:33":18,"s:246:33:246:Infinity":77,"f:246:49:246:50":19,"s:246:56:246:58":78,"b:251:20:253:Infinity:255:20:258:Infinity":18,"f:269:22:269:23":20,"s:270:30:270:Infinity":79,"s:271:18:274:Infinity":80,"b:272:80:272:99:272:99:272:115":19,"b:273:35:273:41:273:41:273:45":20,"b:278:33:278:83:278:83:278:Infinity":21,"b:285:32:285:67:285:67:285:Infinity":22,"f:290:28:290:29":21,"s:290:35:290:Infinity":81,"b:293:46:293:55:293:55:293:Infinity":23,"b:297:52:297:70:297:70:297:Infinity":24,"f:299:27:299:33":22,"s:299:33:299:Infinity":82,"f:299:56:299:57":23,"s:299:63:299:65":83,"b:304:20:306:Infinity:308:20:311:Infinity":25,"b:315:41:315:101:315:101:315:Infinity":26,"b:316:68:316:125:316:125:316:Infinity":27,"b:316:15:316:43:316:43:316:68":28,"f:324:24:324:25":24,"s:325:16:325:Infinity":84,"f:325:28:325:29":25,"s:325:39:325:84":85,"s:326:16:326:Infinity":86,"f:326:26:326:27":26,"s:326:37:326:75":87,"s:327:16:327:Infinity":88,"b:334:34:334:89:334:89:334:Infinity":29,"b:342:14:345:Infinity:346:16:346:Infinity":30,"b:350:12:352:Infinity:353:14:353:Infinity":31,"b:350:88:350:107:350:107:350:123":32}}}
,"C:\\Users\\stmoc\\Desktop\\LocalSupply\\frontend\\src\\features\\pages\\home\\HomePage.tsx": {"path":"C:\\Users\\stmoc\\Desktop\\LocalSupply\\frontend\\src\\features\\pages\\home\\HomePage.tsx","statementMap":{"0":{"start":{"line":6,"column":26},"end":{"line":6,"column":null}},"1":{"start":{"line":7,"column":29},"end":{"line":7,"column":null}},"2":{"start":{"line":8,"column":27},"end":{"line":8,"column":null}},"3":{"start":{"line":10,"column":19},"end":{"line":45,"column":null}},"4":{"start":{"line":47,"column":26},"end":{"line":83,"column":null}},"5":{"start":{"line":86,"column":38},"end":{"line":86,"column":null}},"6":{"start":{"line":87,"column":38},"end":{"line":87,"column":null}},"7":{"start":{"line":89,"column":2},"end":{"line":110,"column":null}},"8":{"start":{"line":91,"column":6},"end":{"line":105,"column":null}},"9":{"start":{"line":92,"column":25},"end":{"line":92,"column":null}},"10":{"start":{"line":93,"column":8},"end":{"line":96,"column":null}},"11":{"start":{"line":94,"column":25},"end":{"line":94,"column":null}},"12":{"start":{"line":95,"column":10},"end":{"line":95,"column":null}},"13":{"start":{"line":95,"column":49},"end":{"line":95,"column":84}},"14":{"start":{"line":95,"column":84},"end":{"line":95,"column":107}},"15":{"start":{"line":95,"column":107},"end":{"line":95,"column":114}},"16":{"start":{"line":97,"column":8},"end":{"line":97,"column":null}},"17":{"start":{"line":98,"column":28},"end":{"line":98,"column":null}},"18":{"start":{"line":99,"column":30},"end":{"line":99,"column":null}},"19":{"start":{"line":100,"column":8},"end":{"line":103,"column":null}},"20":{"start":{"line":101,"column":25},"end":{"line":101,"column":null}},"21":{"start":{"line":102,"column":10},"end":{"line":102,"column":null}},"22":{"start":{"line":102,"column":52},"end":{"line":102,"column":90}},"23":{"start":{"line":102,"column":90},"end":{"line":102,"column":97}},"24":{"start":{"line":104,"column":8},"end":{"line":104,"column":null}},"25":{"start":{"line":107,"column":4},"end":{"line":107,"column":null}},"26":{"start":{"line":108,"column":4},"end":{"line":108,"column":null}},"27":{"start":{"line":109,"column":4},"end":{"line":109,"column":null}},"28":{"start":{"line":109,"column":17},"end":{"line":109,"column":null}},"29":{"start":{"line":113,"column":4},"end":{"line":113,"column":null}},"30":{"start":{"line":114,"column":4},"end":{"line":114,"column":null}},"31":{"start":{"line":118,"column":4},"end":{"line":118,"column":null}},"32":{"start":{"line":119,"column":4},"end":{"line":119,"column":null}},"33":{"start":{"line":120,"column":4},"end":{"line":120,"column":null}},"34":{"start":{"line":123,"column":2},"end":{"line":319,"column":null}},"35":{"start":{"line":247,"column":14},"end":{"line":256,"column":null}},"36":{"start":{"line":274,"column":12},"end":{"line":278,"column":null}}},"fnMap":{"0":{"name":"HomePage","decl":{"start":{"line":85,"column":24},"end":{"line":85,"column":35}},"loc":{"start":{"line":85,"column":35},"end":{"line":321,"column":null}},"line":85},"1":{"name":"(anonymous_1)","decl":{"start":{"line":89,"column":12},"end":{"line":89,"column":18}},"loc":{"start":{"line":89,"column":18},"end":{"line":110,"column":5}},"line":89},"2":{"name":"readStorage","decl":{"start":{"line":90,"column":13},"end":{"line":90,"column":27}},"loc":{"start":{"line":90,"column":27},"end":{"line":106,"column":null}},"line":90},"3":{"name":"(anonymous_3)","decl":{"start":{"line":109,"column":11},"end":{"line":109,"column":17}},"loc":{"start":{"line":109,"column":17},"end":{"line":109,"column":null}},"line":109},"4":{"name":"handleLogout","decl":{"start":{"line":112,"column":11},"end":{"line":112,"column":26}},"loc":{"start":{"line":112,"column":26},"end":{"line":115,"column":null}},"line":112},"5":{"name":"handleSupplierLogout","decl":{"start":{"line":117,"column":11},"end":{"line":117,"column":34}},"loc":{"start":{"line":117,"column":34},"end":{"line":121,"column":null}},"line":117},"6":{"name":"(anonymous_6)","decl":{"start":{"line":246,"column":28},"end":{"line":246,"column":29}},"loc":{"start":{"line":247,"column":14},"end":{"line":256,"column":null}},"line":247},"7":{"name":"(anonymous_7)","decl":{"start":{"line":273,"column":33},"end":{"line":273,"column":34}},"loc":{"start":{"line":274,"column":12},"end":{"line":278,"column":null}},"line":274}},"branchMap":{"0":{"loc":{"start":{"line":93,"column":8},"end":{"line":96,"column":null}},"type":"if","locations":[{"start":{"line":93,"column":8},"end":{"line":96,"column":null}},{"start":{},"end":{}}],"line":93},"1":{"loc":{"start":{"line":95,"column":10},"end":{"line":95,"column":null}},"type":"if","locations":[{"start":{"line":95,"column":10},"end":{"line":95,"column":null}},{"start":{},"end":{}}],"line":95},"2":{"loc":{"start":{"line":95,"column":14},"end":{"line":95,"column":47}},"type":"binary-expr","locations":[{"start":{"line":95,"column":14},"end":{"line":95,"column":28}},{"start":{"line":95,"column":28},"end":{"line":95,"column":47}}],"line":95},"3":{"loc":{"start":{"line":100,"column":8},"end":{"line":103,"column":null}},"type":"if","locations":[{"start":{"line":100,"column":8},"end":{"line":103,"column":null}},{"start":{},"end":{}}],"line":100},"4":{"loc":{"start":{"line":100,"column":12},"end":{"line":100,"column":42}},"type":"binary-expr","locations":[{"start":{"line":100,"column":12},"end":{"line":100,"column":27}},{"start":{"line":100,"column":27},"end":{"line":100,"column":42}}],"line":100},"5":{"loc":{"start":{"line":102,"column":10},"end":{"line":102,"column":null}},"type":"if","locations":[{"start":{"line":102,"column":10},"end":{"line":102,"column":null}},{"start":{},"end":{}}],"line":102},"6":{"loc":{"start":{"line":102,"column":14},"end":{"line":102,"column":50}},"type":"binary-expr","locations":[{"start":{"line":102,"column":14},"end":{"line":102,"column":28}},{"start":{"line":102,"column":28},"end":{"line":102,"column":50}}],"line":102},"7":{"loc":{"start":{"line":133,"column":13},"end":{"line":171,"column":null}},"type":"cond-expr","locations":[{"start":{"line":134,"column":14},"end":{"line":144,"column":null}},{"start":{"line":145,"column":16},"end":{"line":171,"column":null}}],"line":133},"8":{"loc":{"start":{"line":145,"column":16},"end":{"line":171,"column":null}},"type":"cond-expr","locations":[{"start":{"line":146,"column":14},"end":{"line":156,"column":null}},{"start":{"line":158,"column":14},"end":{"line":171,"column":null}}],"line":145},"9":{"loc":{"start":{"line":194,"column":15},"end":{"line":215,"column":null}},"type":"cond-expr","locations":[{"start":{"line":195,"column":16},"end":{"line":208,"column":null}},{"start":{"line":210,"column":16},"end":{"line":215,"column":null}}],"line":194},"10":{"loc":{"start":{"line":218,"column":13},"end":{"line":226,"column":null}},"type":"cond-expr","locations":[{"start":{"line":219,"column":14},"end":{"line":225,"column":null}},{"start":{"line":226,"column":16},"end":{"line":226,"column":null}}],"line":218}},"s":{"0":1,"1":1,"2":1,"3":1,"4":1,"5":1,"6":1,"7":1,"8":1,"9":1,"10":1,"11":0,"12":0,"13":0,"14":0,"15":0,"16":1,"17":1,"18":1,"19":1,"20":0,"21":0,"22":0,"23":0,"24":1,"25":1,"26":1,"27":1,"28":1,"29":0,"30":0,"31":0,"32":0,"33":0,"34":1,"35":3,"36":3},"f":{"0":1,"1":1,"2":1,"3":1,"4":0,"5":0,"6":3,"7":3},"b":{"0":[0,1],"1":[0,0],"2":[0,0],"3":[0,1],"4":[1,0],"5":[0,0],"6":[0,0],"7":[0,1],"8":[0,1],"9":[1,0],"10":[1,0]},"meta":{"lastBranch":11,"lastFunction":8,"lastStatement":37,"seen":{"s:6:26:6:Infinity":0,"s:7:29:7:Infinity":1,"s:8:27:8:Infinity":2,"s:10:19:45:Infinity":3,"s:47:26:83:Infinity":4,"f:85:24:85:35":0,"s:86:38:86:Infinity":5,"s:87:38:87:Infinity":6,"s:89:2:110:Infinity":7,"f:89:12:89:18":1,"f:90:13:90:27":2,"s:91:6:105:Infinity":8,"s:92:25:92:Infinity":9,"b:93:8:96:Infinity:undefined:undefined:undefined:undefined":0,"s:93:8:96:Infinity":10,"s:94:25:94:Infinity":11,"b:95:10:95:Infinity:undefined:undefined:undefined:undefined":1,"s:95:10:95:Infinity":12,"b:95:14:95:28:95:28:95:47":2,"s:95:49:95:84":13,"s:95:84:95:107":14,"s:95:107:95:114":15,"s:97:8:97:Infinity":16,"s:98:28:98:Infinity":17,"s:99:30:99:Infinity":18,"b:100:8:103:Infinity:undefined:undefined:undefined:undefined":3,"s:100:8:103:Infinity":19,"b:100:12:100:27:100:27:100:42":4,"s:101:25:101:Infinity":20,"b:102:10:102:Infinity:undefined:undefined:undefined:undefined":5,"s:102:10:102:Infinity":21,"b:102:14:102:28:102:28:102:50":6,"s:102:52:102:90":22,"s:102:90:102:97":23,"s:104:8:104:Infinity":24,"s:107:4:107:Infinity":25,"s:108:4:108:Infinity":26,"s:109:4:109:Infinity":27,"f:109:11:109:17":3,"s:109:17:109:Infinity":28,"f:112:11:112:26":4,"s:113:4:113:Infinity":29,"s:114:4:114:Infinity":30,"f:117:11:117:34":5,"s:118:4:118:Infinity":31,"s:119:4:119:Infinity":32,"s:120:4:120:Infinity":33,"s:123:2:319:Infinity":34,"b:134:14:144:Infinity:145:16:171:Infinity":7,"b:146:14:156:Infinity:158:14:171:Infinity":8,"b:195:16:208:Infinity:210:16:215:Infinity":9,"b:219:14:225:Infinity:226:16:226:Infinity":10,"f:246:28:246:29":6,"s:247:14:256:Infinity":35,"f:273:33:273:34":7,"s:274:12:278:Infinity":36}}}
,"C:\\Users\\stmoc\\Desktop\\LocalSupply\\frontend\\src\\features\\pages\\marketplace\\MarketplaceDashboardPage.tsx": {"path":"C:\\Users\\stmoc\\Desktop\\LocalSupply\\frontend\\src\\features\\pages\\marketplace\\MarketplaceDashboardPage.tsx","statementMap":{"0":{"start":{"line":10,"column":2},"end":{"line":10,"column":null}},"1":{"start":{"line":10,"column":12},"end":{"line":10,"column":null}},"2":{"start":{"line":11,"column":2},"end":{"line":11,"column":null}},"3":{"start":{"line":73,"column":18},"end":{"line":73,"column":null}},"4":{"start":{"line":74,"column":25},"end":{"line":74,"column":null}},"5":{"start":{"line":76,"column":42},"end":{"line":84,"column":null}},"6":{"start":{"line":87,"column":45},"end":{"line":89,"column":null}},"7":{"start":{"line":92,"column":2},"end":{"line":92,"column":null}},"8":{"start":{"line":96,"column":15},"end":{"line":96,"column":null}},"9":{"start":{"line":98,"column":2},"end":{"line":113,"column":null}},"10":{"start":{"line":100,"column":6},"end":{"line":100,"column":null}},"11":{"start":{"line":100,"column":20},"end":{"line":100,"column":103}},"12":{"start":{"line":101,"column":6},"end":{"line":101,"column":null}},"13":{"start":{"line":103,"column":6},"end":{"line":103,"column":null}},"14":{"start":{"line":103,"column":20},"end":{"line":103,"column":103}},"15":{"start":{"line":104,"column":6},"end":{"line":104,"column":null}},"16":{"start":{"line":106,"column":6},"end":{"line":106,"column":null}},"17":{"start":{"line":106,"column":26},"end":{"line":106,"column":54}},"18":{"start":{"line":107,"column":6},"end":{"line":107,"column":null}},"19":{"start":{"line":109,"column":6},"end":{"line":109,"column":null}},"20":{"start":{"line":109,"column":20},"end":{"line":109,"column":76}},"21":{"start":{"line":110,"column":6},"end":{"line":110,"column":null}},"22":{"start":{"line":112,"column":6},"end":{"line":112,"column":null}},"23":{"start":{"line":117,"column":27},"end":{"line":117,"column":null}},"24":{"start":{"line":118,"column":36},"end":{"line":118,"column":null}},"25":{"start":{"line":119,"column":50},"end":{"line":119,"column":null}},"26":{"start":{"line":120,"column":40},"end":{"line":120,"column":null}},"27":{"start":{"line":121,"column":26},"end":{"line":121,"column":null}},"28":{"start":{"line":122,"column":30},"end":{"line":122,"column":null}},"29":{"start":{"line":123,"column":40},"end":{"line":123,"column":null}},"30":{"start":{"line":124,"column":32},"end":{"line":124,"column":null}},"31":{"start":{"line":125,"column":38},"end":{"line":125,"column":null}},"32":{"start":{"line":126,"column":32},"end":{"line":126,"column":null}},"33":{"start":{"line":127,"column":38},"end":{"line":127,"column":null}},"34":{"start":{"line":128,"column":36},"end":{"line":128,"column":null}},"35":{"start":{"line":129,"column":40},"end":{"line":129,"column":null}},"36":{"start":{"line":130,"column":40},"end":{"line":130,"column":null}},"37":{"start":{"line":131,"column":54},"end":{"line":131,"column":null}},"38":{"start":{"line":132,"column":46},"end":{"line":132,"column":null}},"39":{"start":{"line":133,"column":8},"end":{"line":133,"column":null}},"40":{"start":{"line":135,"column":8},"end":{"line":135,"column":null}},"41":{"start":{"line":136,"column":30},"end":{"line":136,"column":null}},"42":{"start":{"line":137,"column":32},"end":{"line":137,"column":null}},"43":{"start":{"line":138,"column":25},"end":{"line":138,"column":null}},"44":{"start":{"line":139,"column":8},"end":{"line":139,"column":null}},"45":{"start":{"line":140,"column":18},"end":{"line":140,"column":null}},"46":{"start":{"line":142,"column":2},"end":{"line":154,"column":null}},"47":{"start":{"line":143,"column":4},"end":{"line":153,"column":null}},"48":{"start":{"line":144,"column":25},"end":{"line":144,"column":null}},"49":{"start":{"line":145,"column":6},"end":{"line":150,"column":null}},"50":{"start":{"line":146,"column":23},"end":{"line":146,"column":null}},"51":{"start":{"line":147,"column":8},"end":{"line":149,"column":null}},"52":{"start":{"line":148,"column":10},"end":{"line":148,"column":null}},"53":{"start":{"line":152,"column":6},"end":{"line":152,"column":null}},"54":{"start":{"line":156,"column":2},"end":{"line":158,"column":null}},"55":{"start":{"line":157,"column":4},"end":{"line":157,"column":null}},"56":{"start":{"line":160,"column":2},"end":{"line":177,"column":null}},"57":{"start":{"line":161,"column":20},"end":{"line":161,"column":null}},"58":{"start":{"line":163,"column":6},"end":{"line":173,"column":null}},"59":{"start":{"line":164,"column":14},"end":{"line":164,"column":null}},"60":{"start":{"line":165,"column":20},"end":{"line":165,"column":null}},"61":{"start":{"line":166,"column":8},"end":{"line":166,"column":null}},"62":{"start":{"line":166,"column":21},"end":{"line":166,"column":null}},"63":{"start":{"line":167,"column":22},"end":{"line":167,"column":null}},"64":{"start":{"line":168,"column":8},"end":{"line":168,"column":null}},"65":{"start":{"line":168,"column":47},"end":{"line":168,"column":null}},"66":{"start":{"line":169,"column":8},"end":{"line":172,"column":null}},"67":{"start":{"line":171,"column":30},"end":{"line":171,"column":63}},"68":{"start":{"line":175,"column":4},"end":{"line":175,"column":null}},"69":{"start":{"line":176,"column":4},"end":{"line":176,"column":null}},"70":{"start":{"line":176,"column":19},"end":{"line":176,"column":36}},"71":{"start":{"line":179,"column":2},"end":{"line":244,"column":null}},"72":{"start":{"line":180,"column":22},"end":{"line":180,"column":null}},"73":{"start":{"line":181,"column":23},"end":{"line":181,"column":null}},"74":{"start":{"line":182,"column":23},"end":{"line":182,"column":null}},"75":{"start":{"line":183,"column":4},"end":{"line":183,"column":null}},"76":{"start":{"line":186,"column":6},"end":{"line":186,"column":null}},"77":{"start":{"line":187,"column":6},"end":{"line":187,"column":null}},"78":{"start":{"line":188,"column":6},"end":{"line":188,"column":null}},"79":{"start":{"line":189,"column":6},"end":{"line":189,"column":null}},"80":{"start":{"line":190,"column":6},"end":{"line":190,"column":null}},"81":{"start":{"line":192,"column":6},"end":{"line":195,"column":null}},"82":{"start":{"line":193,"column":8},"end":{"line":193,"column":null}},"83":{"start":{"line":194,"column":8},"end":{"line":194,"column":null}},"84":{"start":{"line":197,"column":6},"end":{"line":235,"column":null}},"85":{"start":{"line":198,"column":20},"end":{"line":198,"column":null}},"86":{"start":{"line":199,"column":8},"end":{"line":199,"column":null}},"87":{"start":{"line":200,"column":8},"end":{"line":200,"column":null}},"88":{"start":{"line":202,"column":8},"end":{"line":204,"column":null}},"89":{"start":{"line":203,"column":10},"end":{"line":203,"column":null}},"90":{"start":{"line":205,"column":8},"end":{"line":207,"column":null}},"91":{"start":{"line":206,"column":10},"end":{"line":206,"column":null}},"92":{"start":{"line":208,"column":8},"end":{"line":210,"column":null}},"93":{"start":{"line":209,"column":10},"end":{"line":209,"column":null}},"94":{"start":{"line":212,"column":25},"end":{"line":212,"column":null}},"95":{"start":{"line":213,"column":25},"end":{"line":213,"column":null}},"96":{"start":{"line":213,"column":60},"end":{"line":213,"column":63}},"97":{"start":{"line":215,"column":8},"end":{"line":217,"column":null}},"98":{"start":{"line":216,"column":10},"end":{"line":216,"column":null}},"99":{"start":{"line":219,"column":8},"end":{"line":222,"column":null}},"100":{"start":{"line":220,"column":10},"end":{"line":220,"column":null}},"101":{"start":{"line":221,"column":10},"end":{"line":221,"column":null}},"102":{"start":{"line":224,"column":8},"end":{"line":226,"column":null}},"103":{"start":{"line":225,"column":10},"end":{"line":225,"column":null}},"104":{"start":{"line":228,"column":8},"end":{"line":228,"column":null}},"105":{"start":{"line":229,"column":8},"end":{"line":229,"column":null}},"106":{"start":{"line":230,"column":8},"end":{"line":230,"column":null}},"107":{"start":{"line":232,"column":8},"end":{"line":234,"column":null}},"108":{"start":{"line":233,"column":10},"end":{"line":233,"column":null}},"109":{"start":{"line":238,"column":4},"end":{"line":238,"column":null}},"110":{"start":{"line":240,"column":4},"end":{"line":243,"column":null}},"111":{"start":{"line":241,"column":6},"end":{"line":241,"column":null}},"112":{"start":{"line":242,"column":6},"end":{"line":242,"column":null}},"113":{"start":{"line":246,"column":8},"end":{"line":267,"column":null}},"114":{"start":{"line":247,"column":4},"end":{"line":247,"column":null}},"115":{"start":{"line":247,"column":48},"end":{"line":247,"column":null}},"116":{"start":{"line":248,"column":21},"end":{"line":248,"column":null}},"117":{"start":{"line":249,"column":4},"end":{"line":249,"column":null}},"118":{"start":{"line":250,"column":4},"end":{"line":266,"column":null}},"119":{"start":{"line":251,"column":18},"end":{"line":251,"column":null}},"120":{"start":{"line":252,"column":6},"end":{"line":252,"column":null}},"121":{"start":{"line":253,"column":6},"end":{"line":253,"column":null}},"122":{"start":{"line":254,"column":6},"end":{"line":254,"column":null}},"123":{"start":{"line":254,"column":26},"end":{"line":254,"column":null}},"124":{"start":{"line":255,"column":6},"end":{"line":255,"column":null}},"125":{"start":{"line":255,"column":62},"end
[...]
50:119:Infinity":25,"s:120:40:120:Infinity":26,"s:121:26:121:Infinity":27,"s:122:30:122:Infinity":28,"s:123:40:123:Infinity":29,"s:124:32:124:Infinity":30,"s:125:38:125:Infinity":31,"s:126:32:126:Infinity":32,"s:127:38:127:Infinity":33,"s:128:36:128:Infinity":34,"s:129:40:129:Infinity":35,"s:130:40:130:Infinity":36,"s:131:54:131:Infinity":37,"s:132:46:132:Infinity":38,"s:133:8:133:Infinity":39,"s:135:8:135:Infinity":40,"s:136:30:136:Infinity":41,"s:137:32:137:Infinity":42,"b:137:32:137:67:137:67:137:Infinity":9,"s:138:25:138:Infinity":43,"s:139:8:139:Infinity":44,"s:140:18:140:Infinity":45,"s:142:2:154:Infinity":46,"f:142:12:142:18":8,"s:143:4:153:Infinity":47,"s:144:25:144:Infinity":48,"b:145:6:150:Infinity:undefined:undefined:undefined:undefined":10,"s:145:6:150:Infinity":49,"s:146:23:146:Infinity":50,"b:147:8:149:Infinity:undefined:undefined:undefined:undefined":11,"s:147:8:149:Infinity":51,"s:148:10:148:Infinity":52,"s:152:6:152:Infinity":53,"s:156:2:158:Infinity":54,"f:156:12:156:18":9,"s:157:4:157:Infinity":55,"s:160:2:177:Infinity":56,"f:160:12:160:18":10,"s:161:20:161:Infinity":57,"f:162:19:162:33":11,"s:163:6:173:Infinity":58,"s:164:14:164:Infinity":59,"s:165:20:165:Infinity":60,"b:166:8:166:Infinity:undefined:undefined:undefined:undefined":12,"s:166:8:166:Infinity":61,"s:166:21:166:Infinity":62,"s:167:22:167:Infinity":63,"b:168:8:168:Infinity:undefined:undefined:undefined:undefined":13,"s:168:8:168:Infinity":64,"b:168:12:168:25:168:25:168:47":14,"s:168:47:168:Infinity":65,"s:169:8:172:Infinity":66,"f:171:22:171:23":12,"s:171:30:171:63":67,"s:175:4:175:Infinity":68,"s:176:4:176:Infinity":69,"f:176:11:176:17":13,"s:176:19:176:36":70,"s:179:2:244:Infinity":71,"f:179:12:179:18":14,"s:180:22:180:Infinity":72,"s:181:23:181:Infinity":73,"s:182:23:182:Infinity":74,"b:182:26:182:44:182:44:182:53":15,"s:183:4:183:Infinity":75,"f:185:19:185:41":15,"s:186:6:186:Infinity":76,"s:187:6:187:Infinity":77,"s:188:6:188:Infinity":78,"s:189:6:189:Infinity":79,"s:190:6:190:Infinity":80,"b:192:6:195:Infinity:undefined:undefined:undefined:undefined":16,"s:192:6:195:Infinity":81,"s:193:8:193:Infinity":82,"s:194:8:194:Infinity":83,"s:197:6:235:Infinity":84,"s:198:20:198:Infinity":85,"s:199:8:199:Infinity":86,"s:200:8:200:Infinity":87,"b:202:8:204:Infinity:undefined:undefined:undefined:undefined":17,"s:202:8:204:Infinity":88,"s:203:10:203:Infinity":89,"b:205:8:207:Infinity:undefined:undefined:undefined:undefined":18,"s:205:8:207:Infinity":90,"b:205:12:205:34:205:34:205:64":19,"s:206:10:206:Infinity":91,"b:208:8:210:Infinity:undefined:undefined:undefined:undefined":20,"s:208:8:210:Infinity":92,"s:209:10:209:Infinity":93,"s:212:25:212:Infinity":94,"s:213:25:213:Infinity":95,"f:213:53:213:60":16,"s:213:60:213:63":96,"b:215:8:217:Infinity:undefined:undefined:undefined:undefined":21,"s:215:8:217:Infinity":97,"s:216:10:216:Infinity":98,"b:216:26:216:45:216:45:216:81":22,"b:219:8:222:Infinity:undefined:undefined:undefined:undefined":23,"s:219:8:222:Infinity":99,"b:219:12:219:28:219:28:219:66":24,"s:220:10:220:Infinity":100,"b:220:22:220:39:220:39:220:41":25,"s:221:10:221:Infinity":101,"b:221:27:221:44:221:44:221:69:221:69:221:70":26,"b:224:8:226:Infinity:undefined:undefined:undefined:undefined":27,"s:224:8:226:Infinity":102,"b:224:12:224:41:224:41:224:54":28,"s:225:10:225:Infinity":103,"s:228:8:228:Infinity":104,"s:229:8:229:Infinity":105,"s:230:8:230:Infinity":106,"b:230:49:230:65:230:65:230:101":29,"b:232:8:234:Infinity:undefined:undefined:undefined:undefined":30,"s:232:8:234:Infinity":107,"b:232:12:232:28:232:28:232:66":31,"s:233:10:233:Infinity":108,"s:238:4:238:Infinity":109,"s:240:4:243:Infinity":110,"f:240:11:240:17":17,"s:241:6:241:Infinity":111,"s:242:6:242:Infinity":112,"s:246:8:267:Infinity":113,"f:246:31:246:43":18,"b:247:4:247:Infinity:undefined:undefined:undefined:undefined":32,"s:247:4:247:Infinity":114,"b:247:8:247:25:247:25:247:38:247:38:247:48":33,"s:247:48:247:Infinity":115,"s:248:21:248:Infinity":116,"s:249:4:249:Infinity":117,"s:250:4:266:Infinity":118,"s:251:18:251:Infinity":119,"s:252:6:252:Infinity":120,"s:253:6:253:Infinity":121,"b:254:6:254:Infinity:undefined:undefined:undefined:undefined":34,"s:254:6:254:Infinity":122,"s:254:26:254:Infinity":123,"b:255:6:255:Infinity:undefined:undefined:undefined:undefined":35,"s:255:6:255:Infinity":124,"b:255:10:255:32:255:32:255:62":36,"s:255:62:255:Infinity":125,"b:256:6:256:Infinity:undefined:undefined:undefined:undefined":37,"s:256:6:256:Infinity":126,"s:256:35:256:Infinity":127,"s:258:23:258:Infinity":128,"s:259:23:259:Infinity":129,"f:259:51:259:58":19,"s:259:58:259:61":130,"b:260:6:263:Infinity:undefined:undefined:undefined:undefined":38,"s:260:6:263:Infinity":131,"b:260:10:260:25:260:25:260:42:260:42:260:68":39,"s:261:8:261:Infinity":132,"f:261:20:261:21":20,"s:261:30:261:58":133,"s:262:8:262:Infinity":134,"s:265:6:265:Infinity":135,"s:269:2:278:Infinity":136,"f:269:12:269:18":21,"s:270:21:270:Infinity":137,"b:271:4:271:Infinity:undefined:undefined:undefined:undefined":40,"s:271:4:271:Infinity":138,"s:271:19:271:Infinity":139,"s:272:21:275:Infinity":140,"f:273:6:273:7":22,"b:273:21:273:64:undefined:undefined:undefined:undefined":41,"s:273:21:273:64":141,"s:273:53:273:64":142,"s:276:4:276:Infinity":143,"s:277:4:277:Infinity":144,"f:277:11:277:17":23,"s:277:17:277:Infinity":145,"s:280:27:280:Infinity":146,"f:280:56:280:57":24,"s:280:63:280:90":147,"s:282:23:282:Infinity":148,"f:282:40:282:41":25,"s:282:55:282:89":149,"s:283:28:283:Infinity":150,"b:283:47:283:52:283:52:283:Infinity":42,"s:284:20:284:Infinity":151,"s:285:20:285:Infinity":152,"f:285:37:285:38":26,"s:285:52:285:73":153,"f:287:11:287:26":27,"b:288:4:290:Infinity:undefined:undefined:undefined:undefined":43,"s:288:4:290:Infinity":154,"s:289:6:289:Infinity":155,"s:292:18:292:Infinity":156,"s:294:4:322:Infinity":157,"f:294:17:294:18":28,"s:295:27:295:Infinity":158,"f:295:40:295:41":29,"s:295:50:295:72":159,"b:297:6:299:Infinity:undefined:undefined:undefined:undefined":44,"s:297:6:299:Infinity":160,"b:297:10:297:27:297:27:297:46":45,"s:298:8:298:Infinity":161,"b:301:6:315:Infinity:undefined:undefined:undefined:undefined":46,"s:301:6:315:Infinity":162,"s:302:8:302:Infinity":163,"s:303:8:314:Infinity":164,"b:317:6:319:Infinity:undefined:undefined:undefined:undefined":47,"s:317:6:319:Infinity":165,"s:318:8:318:Infinity":166,"f:318:30:318:31":30,"s:318:40:318:62":167,"s:321:6:321:Infinity":168,"f:321:25:321:26":31,"s:321:36:321:104":169,"b:321:61:321:99:321:99:321:104":48,"f:325:11:325:30":32,"s:326:4:326:Infinity":170,"b:326:11:326:72:326:72:326:Infinity":49,"f:326:26:326:27":33,"s:326:36:326:57":171,"f:329:11:329:37":34,"b:330:4:330:Infinity:undefined:undefined:undefined:undefined":50,"s:330:4:330:Infinity":172,"s:330:32:330:Infinity":173,"s:331:4:331:Infinity":174,"f:334:17:334:36":35,"b:335:4:335:Infinity:undefined:undefined:undefined:undefined":51,"s:335:4:335:Infinity":175,"b:335:8:335:47:335:47:335:81":52,"s:335:81:335:Infinity":176,"s:336:4:336:Infinity":177,"f:336:28:336:29":36,"s:336:38:336:63":178,"s:337:4:345:Infinity":179,"s:338:18:338:Infinity":180,"s:339:20:339:Infinity":181,"f:339:43:339:50":37,"s:339:50:339:53":182,"s:340:6:340:Infinity":183,"f:340:23:340:24":38,"s:340:34:340:80":184,"b:340:55:340:75:340:75:340:78":53,"s:342:6:342:Infinity":185,"f:342:23:342:24":39,"s:342:34:342:60":186,"s:344:6:344:Infinity":187,"f:344:30:344:31":40,"s:344:55:344:70":188,"s:344:70:344:91":189,"s:344:91:344:103":190,"f:348:11:348:24":41,"s:349:4:355:Infinity":191,"f:349:17:349:18":42,"s:350:6:354:Infinity":192,"f:350:18:350:19":43,"s:351:8:353:Infinity":193,"b:352:12:352:Infinity:353:12:353:Infinity":54,"s:356:4:356:Infinity":194,"f:356:21:356:22":44,"s:356:46:356:59":195,"s:356:59:356:83":196,"s:356:83:356:95":197,"s:357:4:357:Infinity":198,"s:360:2:731:Infinity":199,"b:377:22:379:Infinity:380:22:382:Infinity":55,"b:378:24:378:Infinity:379:24:379:Infinity":56,"b:378:73:378:79:378:79:378:81":57,"b:381:24:381:Infinity:382:24:382:Infinity":58,"b:384:84:384:151:384:151:384:190":59,"b:388:90:388:129:388:129:388:171":60,"f:393:28:393:29":45,"s:394:20:394:Infinity":200,"b:395:20:397:Infinity:undefined:undefined:undefined:undefined":61,"s:395:20:397:Infinity":201,"s:396:22:396:Infinity":202,"f:408:28:408:29":46,"s:408:39:408:Infinity":203,"b:419:16:432:Infinity:433:18:433:Infinity":62,"f:423:30:423:31":47,"s:423:41:423:Infinity":204,"f:426:38:426:39":48,"s:427:22:429:Infinity":205,"f:437:35:437:36":49,"s:438:16:449:Infinity":206,"b:441:24:441:Infinity:442:24:442:Infinity":63,"f:445:27:445:33":50,"s:445:33:445:Infinity":207,"b:459:103:459:145:459:145:459:Infinity":64,"b:466:14:466:Infinity:467:16:467:Infinity":65,"b:470:14:479:Infinity:480:16:589:Infinity":66,"f:471:47:471:48":51,"s:472:18:477:Infinity":208,"b:481:14:484:Infinity:486:14:589:Infinity":67,"f:488:40:488:41":52,"s:489:37:489:Infinity":209,"s:491:20:579:Infinity":210,"b:495:28:502:Infinity:503:30:503:Infinity":68,"b:498:35:498:72:498:72:498:Infinity":69,"f:499:39:499:45":53,"s:500:32:500:Infinity":211,"f:500:52:500:53":54,"s:500:62:500:92":212,"b:506:65:506:74:506:74:506:81":70,"b:517:83:517:100:517:100:517:117:517:117:517:133":71,"b:520:30:522:Infinity:523:32:523:Infinity":72,"b:526:82:526:103:526:103:526:123":73,"b:528:31:528:51:528:51:528:72:528:72:528:Infinity":74,"b:528:104:528:128:528:128:528:Infinity":75,"b:533:30:546:Infinity:547:32:575:Infinity":76,"b:532:29:532:62:532:62:532:Infinity":77,"b:548:30:566:Infinity:568:30:575:Infinity":78,"f:552:43:552:49":55,"s:552:49:552:Infinity":213,"f:561:43:561:49":56,"s:561:49:561:Infinity":214,"f:571:41:571:47":57,"s:571:47:571:Infinity":215,"b:583:17:583:Infinity:584:18:586:Infinity":79,"b:593:14:596:Infinity:597:16:597:Infinity":80,"b:592:13:592:27:592:27:592:44:592:44:592:Infinity":81,"b:615:14:618:Infinity:620:14:700:Infinity":82,"f:620:28:620:29":58,"s:621:16:699:Infinity":216,"b:623:37:623:145:623:145:623:Infinity":83,"b:623:102:623:136:623:136:623:140":84,"b:627:64:627:78:627:78:627:95:627:95:627:110":85,"f:632:35:632:Infinity":59,"s:633:28:639:Infinity":217,"f:633:41:633:42":60,"s:634:30:638:Infinity":218,"f:635:37:635:38":61,"s:636:34:636:Infinity":219,"b:636:60:636:111:636:111:636:Infinity":86,"f:638:40:638:41":62,"s:638:54:638:75":220,"f:648:35:648:Infinity":63,"s:649:28:653:Infinity":221,"f:649:41:649:42":64,"s:650:30:652:Infinity":222,"f:650:42:650:43":65,"s:651:32:651:Infinity":223,"b:651:58:651:109:651:109:651:Infinity":87,"b:664:24:671:Infinity:672:26:695:Infinity":88,"f:667:35:667:41":66,"s:667:41:667:Infinity":224,"b:670:63:670:89:670:89:670:Infinity":89,"b:673:24:673:Infinity:675:24:695:Infinity":90,"f:677:55:677:56":67,"s:678:28:693:Infinity":225,"b:682:33:682:Infinity:683:34:683:Infinity":91,"f:688:41:688:47":68,"s:688:47:688:Infinity":226}}}
,"C:\\Users\\stmoc\\Desktop\\LocalSupply\\frontend\\src\\lib\\api.ts": {"path":"C:\\Users\\stmoc\\Desktop\\LocalSupply\\frontend\\src\\lib\\api.ts","statementMap":{"0":{"start":{"line":2,"column":2},"end":{"line":2,"column":null}},"1":{"start":{"line":5,"column":27},"end":{"line":5,"column":null}},"2":{"start":{"line":7,"column":28},"end":{"line":7,"column":null}},"3":{"start":{"line":10,"column":25},"end":{"line":10,"column":null}},"4":{"start":{"line":11,"column":2},"end":{"line":11,"column":null}}},"fnMap":{"0":{"name":"normalizeBaseUrl","decl":{"start":{"line":1,"column":9},"end":{"line":1,"column":26}},"loc":{"start":{"line":1,"column":53},"end":{"line":3,"column":null}},"line":1},"1":{"name":"buildApiUrl","decl":{"start":{"line":9,"column":16},"end":{"line":9,"column":28}},"loc":{"start":{"line":9,"column":42},"end":{"line":12,"column":null}},"line":9}},"branchMap":{"0":{"loc":{"start":{"line":2,"column":10},"end":{"line":2,"column":23}},"type":"binary-expr","locations":[{"start":{"line":2,"column":10},"end":{"line":2,"column":19}},{"start":{"line":2,"column":19},"end":{"line":2,"column":23}}],"line":2},"1":{"loc":{"start":{"line":5,"column":27},"end":{"line":5,"column":null}},"type":"cond-expr","locations":[{"start":{"line":5,"column":68},"end":{"line":5,"column":94}},{"start":{"line":5,"column":94},"end":{"line":5,"column":null}}],"line":5},"2":{"loc":{"start":{"line":7,"column":45},"end":{"line":7,"column":103}},"type":"binary-expr","locations":[{"start":{"line":7,"column":45},"end":{"line":7,"column":85}},{"start":{"line":7,"column":85},"end":{"line":7,"column":103}}],"line":7},"3":{"loc":{"start":{"line":10,"column":25},"end":{"line":10,"column":null}},"type":"cond-expr","locations":[{"start":{"line":10,"column":48},"end":{"line":10,"column":55}},{"start":{"line":10,"column":55},"end":{"line":10,"column":null}}],"line":10}},"s":{"0":4,"1":4,"2":4,"3":79,"4":79},"f":{"0":4,"1":79},"b":{"0":[4,4],"1":[0,4],"2":[4,4],"3":[79,0]},"meta":{"lastBranch":4,"lastFunction":2,"lastStatement":5,"seen":{"f:1:9:1:26":0,"s:2:2:2:Infinity":0,"b:2:10:2:19:2:19:2:23":0,"s:5:27:5:Infinity":1,"b:5:68:5:94:5:94:5:Infinity":1,"s:7:28:7:Infinity":2,"b:7:45:7:85:7:85:7:103":2,"f:9:16:9:28":1,"s:10:25:10:Infinity":3,"b:10:48:10:55:10:55:10:Infinity":3,"s:11:2:11:Infinity":4}}}
,"C:\\Users\\stmoc\\Desktop\\LocalSupply\\frontend\\src\\utils\\inputSecurity.ts": {"path":"C:\\Users\\stmoc\\Desktop\\LocalSupply\\frontend\\src\\utils\\inputSecurity.ts","statementMap":{"0":{"start":{"line":1,"column":30},"end":{"line":1,"column":null}},"1":{"start":{"line":2,"column":33},"end":{"line":2,"column":null}},"2":{"start":{"line":3,"column":33},"end":{"line":3,"column":null}},"3":{"start":{"line":4,"column":30},"end":{"line":4,"column":null}},"4":{"start":{"line":5,"column":31},"end":{"line":5,"column":null}},"5":{"start":{"line":6,"column":35},"end":{"line":6,"column":null}},"6":{"start":{"line":8,"column":27},"end":{"line":8,"column":null}},"7":{"start":{"line":9,"column":32},"end":{"line":9,"column":null}},"8":{"start":{"line":10,"column":35},"end":{"line":10,"column":null}},"9":{"start":{"line":12,"column":27},"end":{"line":12,"column":null}},"10":{"start":{"line":13,"column":29},"end":{"line":13,"column":null}},"11":{"start":{"line":16,"column":2},"end":{"line":21,"column":null}},"12":{"start":{"line":18,"column":19},"end":{"line":18,"column":null}},"13":{"start":{"line":19,"column":6},"end":{"line":19,"column":null}},"14":{"start":{"line":25,"column":2},"end":{"line":28,"column":null}},"15":{"start":{"line":32,"column":2},"end":{"line":32,"column":null}},"16":{"start":{"line":36,"column":2},"end":{"line":36,"column":null}},"17":{"start":{"line":48,"column":2},"end":{"line":54,"column":null}},"18":{"start":{"line":58,"column":2},"end":{"line":58,"column":null}},"19":{"start":{"line":58,"column":45},"end":{"line":58,"column":null}},"20":{"start":{"line":59,"column":2},"end":{"line":59,"column":null}},"21":{"start":{"line":59,"column":29},"end":{"line":59,"column":null}},"22":{"start":{"line":60,"column":23},"end":{"line":60,"column":null}},"23":{"start":{"line":61,"column":2},"end":{"line":61,"column":null}},"24":{"start":{"line":61,"column":34},"end":{"line":61,"column":null}},"25":{"start":{"line":62,"column":2},"end":{"line":62,"column":null}},"26":{"start":{"line":62,"column":34},"end":{"line":62,"column":null}},"27":{"start":{"line":63,"column":2},"end":{"line":63,"column":null}},"28":{"start":{"line":63,"column":31},"end":{"line":63,"column":null}},"29":{"start":{"line":64,"column":2},"end":{"line":64,"column":null}},"30":{"start":{"line":64,"column":32},"end":{"line":64,"column":null}},"31":{"start":{"line":65,"column":2},"end":{"line":65,"column":null}}},"fnMap":{"0":{"name":"removeControlChars","decl":{"start":{"line":15,"column":9},"end":{"line":15,"column":28}},"loc":{"start":{"line":15,"column":43},"end":{"line":22,"column":null}},"line":15},"1":{"name":"(anonymous_1)","decl":{"start":{"line":17,"column":12},"end":{"line":17,"column":13}},"loc":{"start":{"line":17,"column":22},"end":{"line":20,"column":5}},"line":17},"2":{"name":"sanitizeTextInput","decl":{"start":{"line":24,"column":16},"end":{"line":24,"column":34}},"loc":{"start":{"line":24,"column":68},"end":{"line":29,"column":null}},"line":24},"3":{"name":"sanitizeEmailInput","decl":{"start":{"line":31,"column":16},"end":{"line":31,"column":35}},"loc":{"start":{"line":31,"column":50},"end":{"line":33,"column":null}},"line":31},"4":{"name":"sanitizePhoneInput","decl":{"start":{"line":35,"column":16},"end":{"line":35,"column":35}},"loc":{"start":{"line":35,"column":50},"end":{"line":37,"column":null}},"line":35},"5":{"name":"getPasswordRequirementStatus","decl":{"start":{"line":47,"column":16},"end":{"line":47,"column":45}},"loc":{"start":{"line":47,"column":90},"end":{"line":55,"column":null}},"line":47},"6":{"name":"passwordPolicyError","decl":{"start":{"line":57,"column":16},"end":{"line":57,"column":36}},"loc":{"start":{"line":57,"column":54},"end":{"line":66,"column":null}},"line":57}},"branchMap":{"0":{"loc":{"start":{"line":19,"column":13},"end":{"line":19,"column":null}},"type":"binary-expr","locations":[{"start":{"line":19,"column":13},"end":{"line":19,"column":27}},{"start":{"line":19,"column":27},"end":{"line":19,"column":null}}],"line":19},"1":{"loc":{"start":{"line":58,"column":2},"end":{"line":58,"column":null}},"type":"if","locations":[{"start":{"line":58,"column":2},"end":{"line":58,"column":null}},{"start":{},"end":{}}],"line":58},"2":{"loc":{"start":{"line":59,"column":2},"end":{"line":59,"column":null}},"type":"if","locations":[{"start":{"line":59,"column":2},"end":{"line":59,"column":null}},{"start":{},"end":{}}],"line":59},"3":{"loc":{"start":{"line":61,"column":2},"end":{"line":61,"column":null}},"type":"if","locations":[{"start":{"line":61,"column":2},"end":{"line":61,"column":null}},{"start":{},"end":{}}],"line":61},"4":{"loc":{"start":{"line":62,"column":2},"end":{"line":62,"column":null}},"type":"if","locations":[{"start":{"line":62,"column":2},"end":{"line":62,"column":null}},{"start":{},"end":{}}],"line":62},"5":{"loc":{"start":{"line":63,"column":2},"end":{"line":63,"column":null}},"type":"if","locations":[{"start":{"line":63,"column":2},"end":{"line":63,"column":null}},{"start":{},"end":{}}],"line":63},"6":{"loc":{"start":{"line":64,"column":2},"end":{"line":64,"column":null}},"type":"if","locations":[{"start":{"line":64,"column":2},"end":{"line":64,"column":null}},{"start":{},"end":{}}],"line":64}},"s":{"0":2,"1":2,"2":2,"3":2,"4":2,"5":2,"6":2,"7":2,"8":2,"9":2,"10":2,"11":3,"12":33,"13":33,"14":0,"15":3,"16":0,"17":6,"18":2,"19":0,"20":2,"21":0,"22":2,"23":2,"24":0,"25":2,"26":0,"27":2,"28":0,"29":2,"30":0,"31":2},"f":{"0":3,"1":33,"2":0,"3":3,"4":0,"5":6,"6":2},"b":{"0":[33,33],"1":[0,2],"2":[0,2],"3":[0,2],"4":[0,2],"5":[0,2],"6":[0,2]},"meta":{"lastBranch":7,"lastFunction":7,"lastStatement":32,"seen":{"s:1:30:1:Infinity":0,"s:2:33:2:Infinity":1,"s:3:33:3:Infinity":2,"s:4:30:4:Infinity":3,"s:5:31:5:Infinity":4,"s:6:35:6:Infinity":5,"s:8:27:8:Infinity":6,"s:9:32:9:Infinity":7,"s:10:35:10:Infinity":8,"s:12:27:12:Infinity":9,"s:13:29:13:Infinity":10,"f:15:9:15:28":0,"s:16:2:21:Infinity":11,"f:17:12:17:13":1,"s:18:19:18:Infinity":12,"s:19:6:19:Infinity":13,"b:19:13:19:27:19:27:19:Infinity":0,"f:24:16:24:34":2,"s:25:2:28:Infinity":14,"f:31:16:31:35":3,"s:32:2:32:Infinity":15,"f:35:16:35:35":4,"s:36:2:36:Infinity":16,"f:47:16:47:45":5,"s:48:2:54:Infinity":17,"f:57:16:57:36":6,"b:58:2:58:Infinity:undefined:undefined:undefined:undefined":1,"s:58:2:58:Infinity":18,"s:58:45:58:Infinity":19,"b:59:2:59:Infinity:undefined:undefined:undefined:undefined":2,"s:59:2:59:Infinity":20,"s:59:29:59:Infinity":21,"s:60:23:60:Infinity":22,"b:61:2:61:Infinity:undefined:undefined:undefined:undefined":3,"s:61:2:61:Infinity":23,"s:61:34:61:Infinity":24,"b:62:2:62:Infinity:undefined:undefined:undefined:undefined":4,"s:62:2:62:Infinity":25,"s:62:34:62:Infinity":26,"b:63:2:63:Infinity:undefined:undefined:undefined:undefined":5,"s:63:2:63:Infinity":27,"s:63:31:63:Infinity":28,"b:64:2:64:Infinity:undefined:undefined:undefined:undefined":6,"s:64:2:64:Infinity":29,"s:64:32:64:Infinity":30,"s:65:2:65:Infinity":31}}}
}
