{"C:\\Users\\stmoc\\Desktop\\LocalSupply\\backend\\src\\app.ts": {"path":"C:\\Users\\stmoc\\Desktop\\LocalSupply\\backend\\src\\app.ts","statementMap":{"0":{"start":{"line":15,"column":6},"end":{"line":15,"column":null}},"1":{"start":{"line":18,"column":19},"end":{"line":18,"column":null}},"2":{"start":{"line":19,"column":0},"end":{"line":19,"column":null}},"3":{"start":{"line":21,"column":24},"end":{"line":21,"column":null}},"4":{"start":{"line":22,"column":6},"end":{"line":25,"column":null}},"5":{"start":{"line":24,"column":19},"end":{"line":24,"column":32}},"6":{"start":{"line":27,"column":6},"end":{"line":27,"column":null}},"7":{"start":{"line":28,"column":23},"end":{"line":28,"column":null}},"8":{"start":{"line":30,"column":33},"end":{"line":57,"column":null}},"9":{"start":{"line":33,"column":4},"end":{"line":36,"column":null}},"10":{"start":{"line":34,"column":6},"end":{"line":34,"column":null}},"11":{"start":{"line":35,"column":6},"end":{"line":35,"column":null}},"12":{"start":{"line":38,"column":4},"end":{"line":41,"column":null}},"13":{"start":{"line":39,"column":6},"end":{"line":39,"column":null}},"14":{"start":{"line":40,"column":6},"end":{"line":40,"column":null}},"15":{"start":{"line":43,"column":4},"end":{"line":53,"column":null}},"16":{"start":{"line":44,"column":6},"end":{"line":52,"column":null}},"17":{"start":{"line":45,"column":39},"end":{"line":45,"column":null}},"18":{"start":{"line":46,"column":8},"end":{"line":49,"column":null}},"19":{"start":{"line":47,"column":10},"end":{"line":47,"column":null}},"20":{"start":{"line":48,"column":10},"end":{"line":48,"column":null}},"21":{"start":{"line":55,"column":4},"end":{"line":55,"column":null}},"22":{"start":{"line":59,"column":6},"end":{"line":65,"column":null}},"23":{"start":{"line":67,"column":6},"end":{"line":73,"column":null}},"24":{"start":{"line":75,"column":6},"end":{"line":81,"column":null}},"25":{"start":{"line":83,"column":6},"end":{"line":89,"column":null}},"26":{"start":{"line":91,"column":0},"end":{"line":91,"column":null}},"27":{"start":{"line":94,"column":0},"end":{"line":94,"column":null}},"28":{"start":{"line":95,"column":0},"end":{"line":95,"column":null}},"29":{"start":{"line":96,"column":0},"end":{"line":96,"column":null}},"30":{"start":{"line":97,"column":0},"end":{"line":97,"column":null}},"31":{"start":{"line":98,"column":0},"end":{"line":98,"column":null}},"32":{"start":{"line":99,"column":0},"end":{"line":99,"column":null}},"33":{"start":{"line":100,"column":0},"end":{"line":100,"column":null}},"34":{"start":{"line":101,"column":0},"end":{"line":101,"column":null}},"35":{"start":{"line":102,"column":0},"end":{"line":102,"column":null}},"36":{"start":{"line":103,"column":0},"end":{"line":103,"column":null}},"37":{"start":{"line":104,"column":0},"end":{"line":104,"column":null}},"38":{"start":{"line":105,"column":0},"end":{"line":105,"column":null}},"39":{"start":{"line":106,"column":0},"end":{"line":106,"column":null}},"40":{"start":{"line":107,"column":0},"end":{"line":107,"column":null}},"41":{"start":{"line":108,"column":0},"end":{"line":108,"column":null}},"42":{"start":{"line":109,"column":0},"end":{"line":109,"column":null}},"43":{"start":{"line":110,"column":0},"end":{"line":110,"column":null}},"44":{"start":{"line":111,"column":0},"end":{"line":111,"column":null}},"45":{"start":{"line":112,"column":0},"end":{"line":112,"column":null}},"46":{"start":{"line":113,"column":0},"end":{"line":113,"column":null}},"47":{"start":{"line":114,"column":0},"end":{"line":114,"column":null}},"48":{"start":{"line":115,"column":0},"end":{"line":115,"column":null}},"49":{"start":{"line":117,"column":0},"end":{"line":119,"column":null}},"50":{"start":{"line":118,"column":2},"end":{"line":118,"column":null}}},"fnMap":{"0":{"name":"(anonymous_0)","decl":{"start":{"line":24,"column":7},"end":{"line":24,"column":8}},"loc":{"start":{"line":24,"column":19},"end":{"line":24,"column":32}},"line":24},"1":{"name":"(anonymous_1)","decl":{"start":{"line":31,"column":2},"end":{"line":31,"column":9}},"loc":{"start":{"line":31,"column":27},"end":{"line":56,"column":null}},"line":31},"2":{"name":"(anonymous_2)","decl":{"start":{"line":117,"column":13},"end":{"line":117,"column":14}},"loc":{"start":{"line":117,"column":28},"end":{"line":119,"column":1}},"line":117}},"branchMap":{"0":{"loc":{"start":{"line":22,"column":27},"end":{"line":22,"column":null}},"type":"binary-expr","locations":[{"start":{"line":22,"column":27},"end":{"line":22,"column":55}},{"start":{"line":22,"column":55},"end":{"line":22,"column":null}}],"line":22},"1":{"loc":{"start":{"line":27,"column":29},"end":{"line":27,"column":79}},"type":"binary-expr","locations":[{"start":{"line":27,"column":29},"end":{"line":27,"column":71}},{"start":{"line":27,"column":71},"end":{"line":27,"column":79}}],"line":27},"2":{"loc":{"start":{"line":33,"column":4},"end":{"line":36,"column":null}},"type":"if","locations":[{"start":{"line":33,"column":4},"end":{"line":36,"column":null}},{"start":{},"end":{}}],"line":33},"3":{"loc":{"start":{"line":38,"column":4},"end":{"line":41,"column":null}},"type":"if","locations":[{"start":{"line":38,"column":4},"end":{"line":41,"column":null}},{"start":{},"end":{}}],"line":38},"4":{"loc":{"start":{"line":43,"column":4},"end":{"line":53,"column":null}},"type":"if","locations":[{"start":{"line":43,"column":4},"end":{"line":53,"column":null}},{"start":{},"end":{}}],"line":43},"5":{"loc":{"start":{"line":46,"column":8},"end":{"line":49,"column":null}},"type":"if","locations":[{"start":{"line":46,"column":8},"end":{"line":49,"column":null}},{"start":{},"end":{}}],"line":46},"6":{"loc":{"start":{"line":46,"column":12},"end":{"line":46,"column":71}},"type":"binary-expr","locations":[{"start":{"line":46,"column":12},"end":{"line":46,"column":37}},{"start":{"line":46,"column":37},"end":{"line":46,"column":71}}],"line":46}},"s":{"0":16,"1":16,"2":16,"3":16,"4":16,"5":16,"6":16,"7":16,"8":16,"9":148,"10":148,"11":148,"12":0,"13":0,"14":0,"15":0,"16":0,"17":0,"18":0,"19":0,"20":0,"21":0,"22":16,"23":16,"24":16,"25":16,"26":16,"27":16,"28":16,"29":16,"30":16,"31":16,"32":16,"33":16,"34":16,"35":16,"36":16,"37":16,"38":16,"39":16,"40":16,"41":16,"42":16,"43":16,"44":16,"45":16,"46":16,"47":16,"48":16,"49":16,"50":1},"f":{"0":16,"1":148,"2":1},"b":{"0":[16,16],"1":[16,16],"2":[148,0],"3":[0,0],"4":[0,0],"5":[0,0],"6":[0,0]},"meta":{"lastBranch":7,"lastFunction":3,"lastStatement":51,"seen":{"s:15:6:15:Infinity":0,"s:18:19:18:Infinity":1,"s:19:0:19:Infinity":2,"s:21:24:21:Infinity":3,"s:22:6:25:Infinity":4,"b:22:27:22:55:22:55:22:Infinity":0,"f:24:7:24:8":0,"s:24:19:24:32":5,"s:27:6:27:Infinity":6,"b:27:29:27:71:27:71:27:79":1,"s:28:23:28:Infinity":7,"s:30:33:57:Infinity":8,"f:31:2:31:9":1,"b:33:4:36:Infinity:undefined:undefined:undefined:undefined":2,"s:33:4:36:Infinity":9,"s:34:6:34:Infinity":10,"s:35:6:35:Infinity":11,"b:38:4:41:Infinity:undefined:undefined:undefined:undefined":3,"s:38:4:41:Infinity":12,"s:39:6:39:Infinity":13,"s:40:6:40:Infinity":14,"b:43:4:53:Infinity:undefined:undefined:undefined:undefined":4,"s:43:4:53:Infinity":15,"s:44:6:52:Infinity":16,"s:45:39:45:Infinity":17,"b:46:8:49:Infinity:undefined:undefined:undefined:undefined":5,"s:46:8:49:Infinity":18,"b:46:12:46:37:46:37:46:71":6,"s:47:10:47:Infinity":19,"s:48:10:48:Infinity":20,"s:55:4:55:Infinity":21,"s:59:6:65:Infinity":22,"s:67:6:73:Infinity":23,"s:75:6:81:Infinity":24,"s:83:6:89:Infinity":25,"s:91:0:91:Infinity":26,"s:94:0:94:Infinity":27,"s:95:0:95:Infinity":28,"s:96:0:96:Infinity":29,"s:97:0:97:Infinity":30,"s:98:0:98:Infinity":31,"s:99:0:99:Infinity":32,"s:100:0:100:Infinity":33,"s:101:0:101:Infinity":34,"s:102:0:102:Infinity":35,"s:103:0:103:Infinity":36,"s:104:0:104:Infinity":37,"s:105:0:105:Infinity":38,"s:106:0:106:Infinity":39,"s:107:0:107:Infinity":40,"s:108:0:108:Infinity":41,"s:109:0:109:Infinity":42,"s:110:0:110:Infinity":43,"s:111:0:111:Infinity":44,"s:112:0:112:Infinity":45,"s:113:0:113:Infinity":46,"s:114:0:114:Infinity":47,"s:115:0:115:Infinity":48,"s:117:0:119:Infinity":49,"f:117:13:117:14":2,"s:118:2:118:Infinity":50}}}
,"C:\\Users\\stmoc\\Desktop\\LocalSupply\\backend\\src\\generated\\prisma\\client.ts": {"path":"C:\\Users\\stmoc\\Desktop\\LocalSupply\\backend\\src\\generated\\prisma\\client.ts","statementMap":{"0":{"start":{"line":16,"column":0},"end":{"line":16,"column":null}},"1":{"start":{"line":40,"column":28},"end":{"line":40,"column":null}}},"fnMap":{},"branchMap":{},"s":{"0":2,"1":2},"f":{},"b":{},"meta":{"lastBranch":0,"lastFunction":0,"lastStatement":2,"seen":{"s:16:0:16:Infinity":0,"s:40:28:40:Infinity":1}}}
,"C:\\Users\\stmoc\\Desktop\\LocalSupply\\backend\\src\\generated\\prisma\\enums.ts": {"path":"C:\\Users\\stmoc\\Desktop\\LocalSupply\\backend\\src\\generated\\prisma\\enums.ts","statementMap":{"0":{"start":{"line":12,"column":27},"end":{"line":15,"column":null}},"1":{"start":{"line":20,"column":27},"end":{"line":26,"column":null}},"2":{"start":{"line":31,"column":42},"end":{"line":36,"column":null}}},"fnMap":{},"branchMap":{},"s":{"0":2,"1":2,"2":2},"f":{},"b":{},"meta":{"lastBranch":0,"lastFunction":0,"lastStatement":3,"seen":{"s:12:27:15:Infinity":0,"s:20:27:26:Infinity":1,"s:31:42:36:Infinity":2}}}
,"C:\\Users\\stmoc\\Desktop\\LocalSupply\\backend\\src\\generated\\prisma\\internal\\class.ts": {"path":"C:\\Users\\stmoc\\Desktop\\LocalSupply\\backend\\src\\generated\\prisma\\internal\\class.ts","statementMap":{"0":{"start":{"line":18,"column":46},"end":{"line":33,"column":null}},"1":{"start":{"line":35,"column":0},"end":{"line":35,"column":null}},"2":{"start":{"line":36,"column":0},"end":{"line":39,"column":null}},"3":{"start":{"line":42,"column":21},"end":{"line":42,"column":null}},"4":{"start":{"line":43,"column":20},"end":{"line":43,"column":null}},"5":{"start":{"line":44,"column":2},"end":{"line":44,"column":null}},"6":{"start":{"line":47,"column":0},"end":{"line":56,"column":null}},"7":{"start":{"line":48,"column":26},"end":{"line":48,"column":null}},"8":{"start":{"line":51,"column":21},"end":{"line":51,"column":null}},"9":{"start":{"line":52,"column":4},"end":{"line":52,"column":null}},"10":{"start":{"line":323,"column":2},"end":{"line":323,"column":null}}},"fnMap":{"0":{"name":"decodeBase64AsWasm","decl":{"start":{"line":41,"column":15},"end":{"line":41,"column":34}},"loc":{"start":{"line":41,"column":83},"end":{"line":45,"column":null}},"line":41},"1":{"name":"(anonymous_1)","decl":{"start":{"line":48,"column":14},"end":{"line":48,"column":26}},"loc":{"start":{"line":48,"column":26},"end":{"line":48,"column":null}},"line":48},"2":{"name":"(anonymous_2)","decl":{"start":{"line":50,"column":30},"end":{"line":50,"column":42}},"loc":{"start":{"line":50,"column":42},"end":{"line":53,"column":null}},"line":50},"3":{"name":"getPrismaClientClass","decl":{"start":{"line":322,"column":16},"end":{"line":322,"column":64}},"loc":{"start":{"line":322,"column":64},"end":{"line":324,"column":null}},"line":322}},"branchMap":{},"s":{"0":2,"1":2,"2":2,"3":0,"4":0,"5":0,"6":2,"7":0,"8":0,"9":0,"10":2},"f":{"0":0,"1":0,"2":0,"3":2},"b":{},"meta":{"lastBranch":0,"lastFunction":4,"lastStatement":11,"seen":{"s:18:46:33:Infinity":0,"s:35:0:35:Infinity":1,"s:36:0:39:Infinity":2,"f:41:15:41:34":0,"s:42:21:42:Infinity":3,"s:43:20:43:Infinity":4,"s:44:2:44:Infinity":5,"s:47:0:56:Infinity":6,"f:48:14:48:26":1,"s:48:26:48:Infinity":7,"f:50:30:50:42":2,"s:51:21:51:Infinity":8,"s:52:4:52:Infinity":9,"f:322:16:322:64":3,"s:323:2:323:Infinity":10}}}
,"C:\\Users\\stmoc\\Desktop\\LocalSupply\\backend\\src\\generated\\prisma\\internal\\prismaNamespace.ts": {"path":"C:\\Users\\stmoc\\Desktop\\LocalSupply\\backend\\src\\generated\\prisma\\internal\\prismaNamespace.ts","statementMap":{"0":{"start":{"line":32,"column":45},"end":{"line":32,"column":null}},"1":{"start":{"line":35,"column":47},"end":{"line":35,"column":null}},"2":{"start":{"line":38,"column":42},"end":{"line":38,"column":null}},"3":{"start":{"line":41,"column":47},"end":{"line":41,"column":null}},"4":{"start":{"line":44,"column":43},"end":{"line":44,"column":null}},"5":{"start":{"line":50,"column":19},"end":{"line":50,"column":null}},"6":{"start":{"line":51,"column":21},"end":{"line":51,"column":null}},"7":{"start":{"line":52,"column":20},"end":{"line":52,"column":null}},"8":{"start":{"line":53,"column":19},"end":{"line":53,"column":null}},"9":{"start":{"line":54,"column":19},"end":{"line":54,"column":null}},"10":{"start":{"line":62,"column":23},"end":{"line":62,"column":null}},"11":{"start":{"line":71,"column":35},"end":{"line":71,"column":null}},"12":{"start":{"line":86,"column":44},"end":{"line":89,"column":null}},"13":{"start":{"line":104,"column":25},"end":{"line":108,"column":null}},"14":{"start":{"line":114,"column":22},"end":{"line":114,"column":null}},"15":{"start":{"line":121,"column":24},"end":{"line":121,"column":null}},"16":{"start":{"line":128,"column":23},"end":{"line":128,"column":null}},"17":{"start":{"line":386,"column":25},"end":{"line":400,"column":null}},"18":{"start":{"line":1410,"column":41},"end":{"line":1415,"column":null}},"19":{"start":{"line":1420,"column":35},"end":{"line":1436,"column":null}},"20":{"start":{"line":1441,"column":42},"end":{"line":1450,"column":null}},"21":{"start":{"line":1455,"column":48},"end":{"line":1466,"column":null}},"22":{"start":{"line":1471,"column":39},"end":{"line":1504,"column":null}},"23":{"start":{"line":1509,"column":38},"end":{"line":1521,"column":null}},"24":{"start":{"line":1526,"column":45},"end":{"line":1538,"column":null}},"25":{"start":{"line":1543,"column":50},"end":{"line":1556,"column":null}},"26":{"start":{"line":1561,"column":47},"end":{"line":1568,"column":null}},"27":{"start":{"line":1573,"column":36},"end":{"line":1589,"column":null}},"28":{"start":{"line":1594,"column":43},"end":{"line":1600,"column":null}},"29":{"start":{"line":1605,"column":38},"end":{"line":1612,"column":null}},"30":{"start":{"line":1617,"column":36},"end":{"line":1624,"column":null}},"31":{"start":{"line":1629,"column":40},"end":{"line":1636,"column":null}},"32":{"start":{"line":1641,"column":25},"end":{"line":1644,"column":null}},"33":{"start":{"line":1649,"column":34},"end":{"line":1651,"column":null}},"34":{"start":{"line":1656,"column":25},"end":{"line":1659,"column":null}},"35":{"start":{"line":1664,"column":26},"end":{"line":1667,"column":null}},"36":{"start":{"line":1672,"column":35},"end":{"line":1676,"column":null}},"37":{"start":{"line":1826,"column":31},"end":{"line":1826,"column":null}}},"fnMap":{},"branchMap":{},"s":{"0":2,"1":2,"2":2,"3":2,"4":2,"5":2,"6":2,"7":2,"8":2,"9":2,"10":2,"11":2,"12":2,"13":2,"14":2,"15":2,"16":2,"17":2,"18":2,"19":2,"20":2,"21":2,"22":2,"23":2,"24":2,"25":2,"26":2,"27":2,"28":2,"29":2,"30":2,"31":2,"32":2,"33":2,"34":2,"35":2,"36":2,"37":2},"f":{},"b":{},"meta":{"lastBranch":0,"lastFunction":0,"lastStatement":38,"seen":{"s:32:45:32:Infinity":0,"s:35:47:35:Infinity":1,"s:38:42:38:Infinity":2,"s:41:47:41:Infinity":3,"s:44:43:44:Infinity":4,"s:50:19:50:Infinity":5,"s:51:21:51:Infinity":6,"s:52:20:52:Infinity":7,"s:53:19:53:Infinity":8,"s:54:19:54:Infinity":9,"s:62:23:62:Infinity":10,"s:71:35:71:Infinity":11,"s:86:44:89:Infinity":12,"s:104:25:108:Infinity":13,"s:114:22:114:Infinity":14,"s:121:24:121:Infinity":15,"s:128:23:128:Infinity":16,"s:386:25:400:Infinity":17,"s:1410:41:1415:Infinity":18,"s:1420:35:1436:Infinity":19,"s:1441:42:1450:Infinity":20,"s:1455:48:1466:Infinity":21,"s:1471:39:1504:Infinity":22,"s:1509:38:1521:Infinity":23,"s:1526:45:1538:Infinity":24,"s:1543:50:1556:Infinity":25,"s:1561:47:1568:Infinity":26,"s:1573:36:1589:Infinity":27,"s:1594:43:1600:Infinity":28,"s:1605:38:1612:Infinity":29,"s:1617:36:1624:Infinity":30,"s:1629:40:1636:Infinity":31,"s:1641:25:1644:Infinity":32,"s:1649:34:1651:Infinity":33,"s:1656:25:1659:Infinity":34,"s:1664:26:1667:Infinity":35,"s:1672:35:1676:Infinity":36,"s:1826:31:1826:Infinity":37}}}
,"C:\\Users\\stmoc\\Desktop\\LocalSupply\\backend\\src\\lib\\aiClient.ts": {"path":"C:\\Users\\stmoc\\Desktop\\LocalSupply\\backend\\src\\lib\\aiClient.ts","statementMap":{"0":{"start":{"line":9,"column":17},"end":{"line":9,"column":null}},"1":{"start":{"line":10,"column":8},"end":{"line":10,"column":null}},"2":{"start":{"line":11,"column":25},"end":{"line":11,"column":null}},"3":{"start":{"line":12,"column":20},"end":{"line":12,"column":null}},"4":{"start":{"line":14,"column":2},"end":{"line":16,"column":null}},"5":{"start":{"line":15,"column":4},"end":{"line":15,"column":null}},"6":{"start":{"line":18,"column":2},"end":{"line":18,"column":null}},"7":{"start":{"line":22,"column":2},"end":{"line":22,"column":null}},"8":{"start":{"line":22,"column":34},"end":{"line":22,"column":57}},"9":{"start":{"line":27,"column":2},"end":{"line":34,"column":null}},"10":{"start":{"line":27,"column":21},"end":{"line":27,"column":24}},"11":{"start":{"line":28,"column":4},"end":{"line":33,"column":null}},"12":{"start":{"line":29,"column":6},"end":{"line":29,"column":null}},"13":{"start":{"line":31,"column":6},"end":{"line":31,"column":null}},"14":{"start":{"line":32,"column":6},"end":{"line":32,"column":null}},"15":{"start":{"line":32,"column":33},"end":{"line":32,"column":null}},"16":{"start":{"line":35,"column":2},"end":{"line":35,"column":null}},"17":{"start":{"line":39,"column":30},"end":{"line":39,"column":null}},"18":{"start":{"line":41,"column":2},"end":{"line":57,"column":null}},"19":{"start":{"line":42,"column":21},"end":{"line":49,"column":null}},"20":{"start":{"line":51,"column":4},"end":{"line":54,"column":null}},"21":{"start":{"line":52,"column":19},"end":{"line":52,"column":null}},"22":{"start":{"line":52,"column":53},"end":{"line":52,"column":55}},"23":{"start":{"line":53,"column":6},"end":{"line":53,"column":null}},"24":{"start":{"line":56,"column":4},"end":{"line":56,"column":null}},"25":{"start":{"line":61,"column":29},"end":{"line":61,"column":null}},"26":{"start":{"line":63,"column":15},"end":{"line":65,"column":null}},"27":{"start":{"line":67,"column":2},"end":{"line":69,"column":null}},"28":{"start":{"line":68,"column":4},"end":{"line":68,"column":null}},"29":{"start":{"line":71,"column":2},"end":{"line":71,"column":null}},"30":{"start":{"line":75,"column":2},"end":{"line":75,"column":null}},"31":{"start":{"line":75,"column":26},"end":{"line":75,"column":null}},"32":{"start":{"line":76,"column":2},"end":{"line":76,"column":null}},"33":{"start":{"line":76,"column":26},"end":{"line":76,"column":null}},"34":{"start":{"line":78,"column":29},"end":{"line":78,"column":null}},"35":{"start":{"line":80,"column":15},"end":{"line":82,"column":null}},"36":{"start":{"line":84,"column":2},"end":{"line":86,"column":null}},"37":{"start":{"line":85,"column":4},"end":{"line":85,"column":null}},"38":{"start":{"line":88,"column":17},"end":{"line":88,"column":null}},"39":{"start":{"line":88,"column":47},"end":{"line":88,"column":64}},"40":{"start":{"line":89,"column":2},"end":{"line":89,"column":null}},"41":{"start":{"line":89,"column":30},"end":{"line":89,"column":44}},"42":{"start":{"line":107,"column":24},"end":{"line":107,"column":null}},"43":{"start":{"line":109,"column":25},"end":{"line":111,"column":null}},"44":{"start":{"line":113,"column":19},"end":{"line":121,"column":null}},"45":{"start":{"line":123,"column":18},"end":{"line":123,"column":null}},"46":{"start":{"line":125,"column":2},"end":{"line":127,"column":null}},"47":{"start":{"line":126,"column":4},"end":{"line":126,"column":null}},"48":{"start":{"line":130,"column":2},"end":{"line":134,"column":null}},"49":{"start":{"line":131,"column":4},"end":{"line":131,"column":null}},"50":{"start":{"line":133,"column":4},"end":{"line":133,"column":null}},"51":{"start":{"line":136,"column":2},"end":{"line":136,"column":null}}},"fnMap":{"0":{"name":"getConfig","decl":{"start":{"line":8,"column":9},"end":{"line":8,"column":39}},"loc":{"start":{"line":8,"column":39},"end":{"line":19,"column":null}},"line":8},"1":{"name":"sleep","decl":{"start":{"line":21,"column":15},"end":{"line":21,"column":21}},"loc":{"start":{"line":21,"column":48},"end":{"line":23,"column":null}},"line":21},"2":{"name":"(anonymous_2)","decl":{"start":{"line":22,"column":21},"end":{"line":22,"column":22}},"loc":{"start":{"line":22,"column":34},"end":{"line":22,"column":57}},"line":22},"3":{"name":"withRetry","decl":{"start":{"line":25,"column":15},"end":{"line":25,"column":28}},"loc":{"start":{"line":25,"column":98},"end":{"line":36,"column":null}},"line":25},"4":{"name":"callJsonApi","decl":{"start":{"line":38,"column":15},"end":{"line":38,"column":30}},"loc":{"start":{"line":38,"column":71},"end":{"line":58,"column":null}},"line":38},"5":{"name":"(anonymous_5)","decl":{"start":{"line":41,"column":19},"end":{"line":41,"column":31}},"loc":{"start":{"line":41,"column":31},"end":{"line":57,"column":3}},"line":41},"6":{"name":"(anonymous_6)","decl":{"start":{"line":52,"column":47},"end":{"line":52,"column":53}},"loc":{"start":{"line":52,"column":53},"end":{"line":52,"column":55}},"line":52},"7":{"name":"getEmbedding","decl":{"start":{"line":60,"column":22},"end":{"line":60,"column":35}},"loc":{"start":{"line":60,"column":68},"end":{"line":72,"column":null}},"line":60},"8":{"name":"getEmbeddings","decl":{"start":{"line":74,"column":22},"end":{"line":74,"column":36}},"loc":{"start":{"line":74,"column":74},"end":{"line":90,"column":null}},"line":74},"9":{"name":"(anonymous_9)","decl":{"start":{"line":88,"column":37},"end":{"line":88,"column":38}},"loc":{"start":{"line":88,"column":47},"end":{"line":88,"column":64}},"line":88},"10":{"name":"(anonymous_10)","decl":{"start":{"line":89,"column":20},"end":{"line":89,"column":21}},"loc":{"start":{"line":89,"column":30},"end":{"line":89,"column":44}},"line":89},"11":{"name":"completeJson","decl":{"start":{"line":102,"column":22},"end":{"line":102,"column":38}},"loc":{"start":{"line":106,"column":33},"end":{"line":137,"column":null}},"line":106}},"branchMap":{"0":{"loc":{"start":{"line":9,"column":17},"end":{"line":9,"column":null}},"type":"binary-expr","locations":[{"start":{"line":9,"column":17},"end":{"line":9,"column":43}},{"start":{"line":9,"column":43},"end":{"line":9,"column":73}},{"start":{"line":9,"column":73},"end":{"line":9,"column":null}}],"line":9},"1":{"loc":{"start":{"line":10,"column":19},"end":{"line":10,"column":72}},"type":"binary-expr","locations":[{"start":{"line":10,"column":19},"end":{"line":10,"column":46}},{"start":{"line":10,"column":46},"end":{"line":10,"column":72}}],"line":10},"2":{"loc":{"start":{"line":11,"column":25},"end":{"line":11,"column":null}},"type":"binary-expr","locations":[{"start":{"line":11,"column":25},"end":{"line":11,"column":59}},{"start":{"line":11,"column":59},"end":{"line":11,"column":null}}],"line":11},"3":{"loc":{"start":{"line":12,"column":20},"end":{"line":12,"column":null}},"type":"binary-expr","locations":[{"start":{"line":12,"column":20},"end":{"line":12,"column":48}},{"start":{"line":12,"column":48},"end":{"line":12,"column":null}}],"line":12},"4":{"loc":{"start":{"line":14,"column":2},"end":{"line":16,"column":null}},"type":"if","locations":[{"start":{"line":14,"column":2},"end":{"line":16,"column":null}},{"start":{},"end":{}}],"line":14},"5":{"loc":{"start":{"line":25,"column":50},"end":{"line":25,"column":67}},"type":"default-arg","locations":[{"start":{"line":25,"column":64},"end":{"line":25,"column":67}}],"line":25},"6":{"loc":{"start":{"line":25,"column":67},"end":{"line":25,"column":98}},"type":"default-arg","locations":[{"start":{"line":25,"column":81},"end":{"line":25,"column":98}}],"line":25},"7":{"loc":{"start":{"line":32,"column":6},"end":{"line":32,"column":null}},"type":"if","locations":[{"start":{"line":32,"column":6},"end":{"line":32,"column":null}},{"start":{},"end":{}}],"line":32},"8":{"loc":{"start":{"line":51,"column":4},"end":{"line":54,"column":null}},"type":"if","locations":[{"start":{"line":51,"column":4},"end":{"line":54,"column":null}},{"start":{},"end":{}}],"line":51},"9":{"loc":{"start":{"line":53,"column":69},"end":{"line":53,"column":96}},"type":"binary-expr","locations":[{"start":{"line":53,"column":69},"end":{"line":53,"column":77}},{"start":{"line":53,"column":77},"end":{"line":53,"column":96}}],"line":53},"10":{"loc":{"start":{"line":67,"column":2},"end":{"line":69,"column":null}},"type":"if","locations":[{"start":{"line":67,"column":2},"end":{"line":69,"column":null}},{"start":{},"end":{}}],"line":67},"11":{"loc":{"start":{"line":75,"column":2},"end":{"line":75,"column":null}},"type":"if","locations":[{"start":{"line":75,"column":2},"end":{"line":75,"column":null}},{"start":{},"end":{}}],"line":75},"12":{"loc":{"start":{"line":76,"column":2},"end":{"line":76,"column":null}},"type":"if","locations":[{"start":{"line":76,"column":2},"end":{"line":76,"column":null}},{"start":{},"end":{}}],"line":76},"13":{"loc":{"start":{"line":84,"column":2},"end":{"line":86,"column":null}},"type":"if","locations":[{"start":{"line":84,"column":2},"end":{"line":86,"column":null}},{"start":{},"end":{}}],"line":84},"14":{"loc":{"start":{"line":84,"column":6},"end":{"line":84,"column":59}},"type":"binary-expr","locations":[{"start":{"line":84,"column":6},"end":{"line":84,"column":35}},{"start":{"line":84,"column":35},"end":{"line":84,"column":59}}],"line":84},"15":{"loc":{"start":{"line":109,"column":25},"end":{"line":111,"column":null}},"type":"cond-expr","locations":[{"start":{"line":110,"column":6},"end":{"line":110,"column":null}},{"start":{"line":111,"column":6},"end":{"line":111,"column":null}}],"line":109},"16":{"loc":{"start":{"line":125,"column":2},"end":{"line":127,"column":null}},"type":"if","locations":[{"start":{"line":125,"column":2},"end":{"line":127,"column":null}},{"start":{},"end":{}}],"line":125}},"s":{"0":0,"1":0,"2":0,"3":0,"4":0,"5":0,"6":0,"7":0,"8":0,"9":0,"10":0,"11":0,"12":0,"13":0,"14":0,"15":0,"16":0,"17":0,"18":0,"19":0,"20":0,"21":0,"22":0,"23":0,"24":0,"25":0,"26":0,"27":0,"28":0,"29":0,"30":0,"31":0,"32":0,"33":0,"34":0,"35":0,"36":0,"37":0,"38":0,"39":0,"40":0,"41":0,"42":0,"43":0,"44":0,"45":0,"46":0,"47":0,"48":0,"49":0,"50":0,"51":0},"f":{"0":0,"1":0,"2":0,"3":0,"4":0,"5":0,"6":0,"7":0,"8":0,"9":0,"10":0,"11":0},"b":{"0":[0,0,0],"1":[0,0],"2":[0,0],"3":[0,0],"4":[0,0],"5":[0],"6":[0],"7":[0,0],"8":[0,0],"9":[0,0],"10":[0,0],"11":[0,0],"12":[0,0],"13":[0,0],"14":[0,0],"15":[0,0],"16":[0,0]},"meta":{"lastBranch":17,"lastFunction":12,"lastStatement":52,"seen":{"f:8:9:8:39":0,"s:9:17:9:Infinity":0,"b:9:17:9:43:9:43:9:73:9:73:9:Infinity":0,"s:10:8:10:Infinity":1,"b:10:19:10:46:10:46:10:72":1,"s:11:25:11:Infinity":2,"b:11:25:11:59:11:59:11:Infinity":2,"s:12:20:12:Infinity":3,"b:12:20:12:48:12:48:12:Infinity":3,"b:14:2:16:Infinity:undefined:undefined:undefined:undefined":4,"s:14:2:16:Infinity":4,"s:15:4:15:Infinity":5,"s:18:2:18:Infinity":6,"f:21:15:21:21":1,"s:22:2:22:Infinity":7,"f:22:21:22:22":2,"s:22:34:22:57":8,"f:25:15:25:28":3,"b:25:64:25:67":5,"b:25:81:25:98":6,"s:27:2:34:Infinity":9,"s:27:21:27:24":10,"s:28:4:33:Infinity":11,"s:29:6:29:Infinity":12,"s:31:6:31:Infinity":13,"b:32:6:32:Infinity:undefined:undefined:undefined:undefined":7,"s:32:6:32:Infinity":14,"s:32:33:32:Infinity":15,"s:35:2:35:Infinity":16,"f:38:15:38:30":4,"s:39:30:39:Infinity":17,"s:41:2:57:Infinity":18,"f:41:19:41:31":5,"s:42:21:49:Infinity":19,"b:51:4:54:Infinity:undefined:undefined:undefined:undefined":8,"s:51:4:54:Infinity":20,"s:52:19:52:Infinity":21,"f:52:47:52:53":6,"s:52:53:52:55":22,"s:53:6:53:Infinity":23,"b:53:69:53:77:53:77:53:96":9,"s:56:4:56:Infinity":24,"f:60:22:60:35":7,"s:61:29:61:Infinity":25,"s:63:15:65:Infinity":26,"b:67:2:69:Infinity:undefined:undefined:undefined:undefined":10,"s:67:2:69:Infinity":27,"s:68:4:68:Infinity":28,"s:71:2:71:Infinity":29,"f:74:22:74:36":8,"b:75:2:75:Infinity:undefined:undefined:undefined:undefined":11,"s:75:2:75:Infinity":30,"s:75:26:75:Infinity":31,"b:76:2:76:Infinity:undefined:undefined:undefined:undefined":12,"s:76:2:76:Infinity":32,"s:76:26:76:Infinity":33,"s:78:29:78:Infinity":34,"s:80:15:82:Infinity":35,"b:84:2:86:Infinity:undefined:undefined:undefined:undefined":13,"s:84:2:86:Infinity":36,"b:84:6:84:35:84:35:84:59":14,"s:85:4:85:Infinity":37,"s:88:17:88:Infinity":38,"f:88:37:88:38":9,"s:88:47:88:64":39,"s:89:2:89:Infinity":40,"f:89:20:89:21":10,"s:89:30:89:44":41,"f:102:22:102:38":11,"s:107:24:107:Infinity":42,"s:109:25:111:Infinity":43,"b:110:6:110:Infinity:111:6:111:Infinity":15,"s:113:19:121:Infinity":44,"s:123:18:123:Infinity":45,"b:125:2:127:Infinity:undefined:undefined:undefined:undefined":16,"s:125:2:127:Infinity":46,"s:126:4:126:Infinity":47,"s:130:2:134:Infinity":48,"s:131:4:131:Infinity":49,"s:133:4:133:Infinity":50,"s:136:2:136:Infinity":51}}}
,"C:\\Users\\stmoc\\Desktop\\LocalSupply\\backend\\src\\lib\\catalogSync.ts": {"path":"C:\\Users\\stmoc\\Desktop\\LocalSupply\\backend\\src\\lib\\catalogSync.ts","statementMap":{"0":{"start":{"line":3,"column":36},"end":{"line":3,"column":null}},"1":{"start":{"line":4,"column":38},"end":{"line":4,"column":null}},"2":{"start":{"line":5,"column":33},"end":{"line":5,"column":null}},"3":{"start":{"line":6,"column":36},"end":{"line":6,"column":null}},"4":{"start":{"line":7,"column":26},"end":{"line":7,"column":null}},"5":{"start":{"line":61,"column":2},"end":{"line":61,"column":null}},"6":{"start":{"line":65,"column":2},"end":{"line":65,"column":null}},"7":{"start":{"line":69,"column":2},"end":{"line":69,"column":null}},"8":{"start":{"line":73,"column":2},"end":{"line":73,"column":null}},"9":{"start":{"line":77,"column":2},"end":{"line":79,"column":null}},"10":{"start":{"line":78,"column":4},"end":{"line":78,"column":null}},"11":{"start":{"line":81,"column":2},"end":{"line":84,"column":null}},"12":{"start":{"line":82,"column":23},"end":{"line":82,"column":null}},"13":{"start":{"line":83,"column":4},"end":{"line":83,"column":null}},"14":{"start":{"line":86,"column":2},"end":{"line":86,"column":null}},"15":{"start":{"line":90,"column":2},"end":{"line":92,"column":null}},"16":{"start":{"line":91,"column":4},"end":{"line":91,"column":null}},"17":{"start":{"line":94,"column":18},"end":{"line":94,"column":null}},"18":{"start":{"line":95,"column":2},"end":{"line":97,"column":null}},"19":{"start":{"line":96,"column":4},"end":{"line":96,"column":null}},"20":{"start":{"line":99,"column":2},"end":{"line":99,"column":null}},"21":{"start":{"line":103,"column":2},"end":{"line":105,"column":null}},"22":{"start":{"line":104,"column":4},"end":{"line":104,"column":null}},"23":{"start":{"line":107,"column":2},"end":{"line":109,"column":null}},"24":{"start":{"line":108,"column":4},"end":{"line":108,"column":null}},"25":{"start":{"line":111,"column":17},"end":{"line":111,"column":null}},"26":{"start":{"line":112,"column":2},"end":{"line":112,"column":null}},"27":{"start":{"line":116,"column":17},"end":{"line":116,"column":null}},"28":{"start":{"line":117,"column":21},"end":{"line":117,"column":null}},"29":{"start":{"line":118,"column":19},"end":{"line":118,"column":null}},"30":{"start":{"line":119,"column":2},"end":{"line":119,"column":null}},"31":{"start":{"line":123,"column":19},"end":{"line":123,"column":null}},"32":{"start":{"line":125,"column":2},"end":{"line":128,"column":null}},"33":{"start":{"line":126,"column":23},"end":{"line":126,"column":null}},"34":{"start":{"line":126,"column":48},"end":{"line":126,"column":82}},"35":{"start":{"line":127,"column":4},"end":{"line":127,"column":null}},"36":{"start":{"line":130,"column":2},"end":{"line":130,"column":null}},"37":{"start":{"line":134,"column":22},"end":{"line":134,"column":null}},"38":{"start":{"line":136,"column":2},"end":{"line":140,"column":null}},"39":{"start":{"line":137,"column":28},"end":{"line":137,"column":null}},"40":{"start":{"line":137,"column":92},"end":{"line":137,"column":135}},"41":{"start":{"line":138,"column":20},"end":{"line":138,"column":null}},"42":{"start":{"line":139,"column":4},"end":{"line":139,"column":null}},"43":{"start":{"line":142,"column":2},"end":{"line":144,"column":null}},"44":{"start":{"line":143,"column":4},"end":{"line":143,"column":null}},"45":{"start":{"line":146,"column":2},"end":{"line":146,"column":null}},"46":{"start":{"line":150,"column":17},"end":{"line":150,"column":null}},"47":{"start":{"line":151,"column":21},"end":{"line":151,"column":null}},"48":{"start":{"line":153,"column":2},"end":{"line":155,"column":null}},"49":{"start":{"line":154,"column":4},"end":{"line":154,"column":null}},"50":{"start":{"line":157,"column":2},"end":{"line":157,"column":null}},"51":{"start":{"line":161,"column":2},"end":{"line":163,"column":null}},"52":{"start":{"line":162,"column":4},"end":{"line":162,"column":null}},"53":{"start":{"line":165,"column":17},"end":{"line":165,"column":null}},"54":{"start":{"line":166,"column":20},"end":{"line":166,"column":null}},"55":{"start":{"line":167,"column":21},"end":{"line":167,"column":null}},"56":{"start":{"line":169,"column":4},"end":{"line":173,"column":null}},"57":{"start":{"line":175,"column":2},"end":{"line":177,"column":null}},"58":{"start":{"line":176,"column":4},"end":{"line":176,"column":null}},"59":{"start":{"line":179,"column":22},"end":{"line":179,"column":null}},"60":{"start":{"line":180,"column":20},"end":{"line":180,"column":null}},"61":{"start":{"line":181,"column":20},"end":{"line":181,"column":null}},"62":{"start":{"line":183,"column":4},"end":{"line":185,"column":null}},"63":{"start":{"line":186,"column":27},"end":{"line":186,"column":null}},"64":{"start":{"line":187,"column":31},"end":{"line":187,"column":null}},"65":{"start":{"line":189,"column":2},"end":{"line":204,"column":null}},"66":{"start":{"line":208,"column":2},"end":{"line":214,"column":null}},"67":{"start":{"line":218,"column":2},"end":{"line":220,"column":null}},"68":{"start":{"line":219,"column":4},"end":{"line":219,"column":null}},"69":{"start":{"line":222,"column":19},"end":{"line":222,"column":null}},"70":{"start":{"line":223,"column":20},"end":{"line":223,"column":null}},"71":{"start":{"line":224,"column":19},"end":{"line":224,"column":null}},"72":{"start":{"line":225,"column":23},"end":{"line":225,"column":null}},"73":{"start":{"line":227,"column":2},"end":{"line":227,"column":null}},"74":{"start":{"line":231,"column":2},"end":{"line":233,"column":null}},"75":{"start":{"line":232,"column":4},"end":{"line":232,"column":null}},"76":{"start":{"line":235,"column":2},"end":{"line":237,"column":null}},"77":{"start":{"line":236,"column":4},"end":{"line":236,"column":null}},"78":{"start":{"line":239,"column":2},"end":{"line":239,"column":null}},"79":{"start":{"line":243,"column":2},"end":{"line":254,"column":null}},"80":{"start":{"line":244,"column":4},"end":{"line":253,"column":null}},"81":{"start":{"line":256,"column":2},"end":{"line":265,"column":null}},"82":{"start":{"line":269,"column":14},"end":{"line":269,"column":null}},"83":{"start":{"line":270,"column":2},"end":{"line":270,"column":null}},"84":{"start":{"line":271,"column":2},"end":{"line":271,"column":null}},"85":{"start":{"line":272,"column":2},"end":{"line":272,"column":null}},"86":{"start":{"line":273,"column":2},"end":{"line":273,"column":null}},"87":{"start":{"line":277,"column":17},"end":{"line":277,"column":null}},"88":{"start":{"line":278,"column":2},"end":{"line":280,"column":null}},"89":{"start":{"line":279,"column":4},"end":{"line":279,"column":null}},"90":{"start":{"line":282,"column":2},"end":{"line":325,"column":null}},"91":{"start":{"line":282,"column":21},"end":{"line":282,"column":24}},"92":{"start":{"line":285,"column":4},"end":{"line":301,"column":null}},"93":{"start":{"line":286,"column":6},"end":{"line":291,"column":null}},"94":{"start":{"line":293,"column":6},"end":{"line":295,"column":null}},"95":{"start":{"line":294,"column":8},"end":{"line":294,"column":null}},"96":{"start":{"line":297,"column":21},"end":{"line":297,"column":null}},"97":{"start":{"line":298,"column":6},"end":{"line":298,"column":null}},"98":{"start":{"line":299,"column":6},"end":{"line":299,"column":null}},"99":{"start":{"line":300,"column":6},"end":{"line":300,"column":null}},"100":{"start":{"line":303,"column":4},"end":{"line":309,"column":null}},"101":{"start":{"line":304,"column":6},"end":{"line":306,"column":null}},"102":{"start":{"line":305,"column":8},"end":{"line":305,"column":null}},"103":{"start":{"line":308,"column":6},"end":{"line":308,"column":null}},"104":{"start":{"line":311,"column":21},"end":{"line":311,"column":null}},"105":{"start":{"line":311,"column":55},"end":{"line":311,"column":57}},"106":{"start":{"line":312,"column":24},"end":{"line":312,"column":null}},"107":{"start":{"line":314,"column":4},"end":{"line":316,"column":null}},"108":{"start":{"line":315,"column":6},"end":{"line":315,"column":null}},"109":{"start":{"line":319,"column":6},"end":{"line":321,"column":null}},"110":{"start":{"line":323,"column":4},"end":{"line":323,"column":null}},"111":{"start":{"line":324,"column":4},"end":{"line":324,"column":null}},"112":{"start":{"line":327,"column":2},"end":{"line":327,"column":null}},"113":{"start":{"line":331,"column":17},"end":{"line":331,"column":null}},"114":{"start":{"line":332,"column":16},"end":{"line":332,"column":null}},"115":{"start":{"line":333,"column":19},"end":{"line":333,"column":null}},"116":{"start":{"line":335,"column":2},"end":{"line":337,"column":null}},"117":{"start":{"line":336,"column":4},"end":{"line":336,"column":null}},"118":{"start":{"line":339,"column":2},"end":{"line":339,"column":null}},"119":{"start":{"line":343,"column":2},"end":{"line":343,"column":null}},"120":{"start":{"line":343,"column":34},"end":{"line":343,"column":57}},"121":{"start":{"line":347,"column":2},"end":{"line":347,"column":null}},"122":{"start":{"line":351,"column":27},"end":{"line":351,"column":null}},"123":{"start":{"line":353,"column":2},"end":{"line":355,"column":null}},"124":{"start":{"line":354,"column":4},"end":{"line":354,"column":null}},"125":{"start":{"line":357,"column":18},"end":{"line":357,"column":null}},"126":{"start":{"line":358,"column":2},"end":{"line":360,"column":null}},"127":{"start":{"line":359,"column":4},"end":{"line":359,"column":null}},"128":{"start":{"line":362,"column":18},"end":{"line":362,"column":null}},"129":{"start":{"line":363,"column":2},"end":{"line":365,"column":null}},"130":{"start":{"line":364,"column":4},"end":{"line":364,"column":null}},"131":{"start":{"line":367,"column":2},"end":{"line":367,"column":null}},"132":{"start":{"line":371,"column":8},"end":{"line":371,"column":null}},"133":{"start":{"line":373,"column":2},"end":{"line":397,"column":null}},"134":{"start":{"line":401,"column":8},"end":{"line":401,"column":null}},"135":{"start":{"line":403,"column":2},"end":{"line":430,"column":null}},"136":{"start":{"line":434,"column":17},"end":{"line":434,"column":null}},"137":{"start":{"line":435,"column":19},"end":{"line":435,"column":null}},"138":{"start":{"line":436,"column":19},"end":{"line":436,"column":null}},"139":{"start":{"line":437,"column":25},"end":{"line":437,"column":null}},"140":{"start":{"line":438,"column":26},"end":{"line":438,"column":null}},"141":{"start":{"line":439,"column":28},"end":{"line":439,"column":null}},"142":{"start":{"line":440,"column":21},"end":{"line":440,"column":null}},"143":{"start":{"line":441,"column":24},"end":{"line":441,"column":null}},"144":{"start":{"line":442,"column":23},"end":{"line":442,"column":null}},"145":{"start":{"line":443,"column":20},"end":{"line":443,"column":null}},"146":{"start":{"line":445,"column":20},"end":{"line":445,"column":null}},"147":{"start":{"line":447,"column":2},"end":{"line":449,"column":null}},"148":{"start":{"line":448,"column":4},"end":{"line":448,"column":null}},"149":{"start":{"line":451,"column":2},"end":{"line":492,"column":null}},"150":{"start":{"line":451,"column":18},"end":{"line":451,"column":29}},"151":{"start":{"line":452,"column":20},"end":{"line":455,"column":null}},"152":{"start":{"line":456,"column":18},"end":{"line":456,"column":null}},"153":{"start":{"line":458,"column":4},"end":{"line":460,"column":null}},"154":{"start":{"line":459,"column":6},"end":{"line":459,"column":null}},"155":{"start":{"line":462,"column":4},"end":{"line":462,"column":null}},"156":{"start":{"line":463,"column":4},"end":{"line":463,"column":null}},"157":{"start":{"line":465,"column":4},"end":{"line":487,"column":null}},"158":{"start":{"line":466,"column":20},"end":{"line":466,"column":null}},"159":{"start":{"line":467,"column":6},"end":{"line":469,"column":null}},"160":{"start":{"line":468,"column":8},"end":{"line":468,"column":null}},"161":{"start":{"line":471,"column":6},"end":{"line":471,"column":null}},"162":{"start":{"line":472,"column":6},"end":{"line":472,"column":null}},"163":{"start":{"line":474,"column":25},"end":{"line":474,"column":null}},"164":{"start":{"line":475,"column":28},"end":{"line":475,"column":null}},"165":{"start":{"line":476,"column":26},"end":{"line":476,"column":null}},"166":{"start":{"line":477,"column":28},"end":{"line":477,"column":null}},"167":{"start":{"line":479,"column":6},"end":{"line":482,"column":null}},"168":{"start":{"line":484,"column":6},"end":{"line":484,"column":null}},"169":{"start":{"line":485,"column":6},"end":{"line":485,"column":null}},"170":{"start":{"line":486,"column":6},"end":{"line":486,"column":null}},"171":{"start":{"line":489,"column":4},"end":{"line":491,"column":null}},"172":{"start":{"line":490,"column":6},"end":{"line":490,"column":null}},"173":{"start":{"line":494,"column":2},"end":{"line":496,"column":null}},"174":{"start":{"line":495,"column":4},"end":{"line":495,"column":null}},"175":{"start":{"line":498,"column":2},"end":{"line":504,"column":null}},"176":{"start":{"line":503,"column":63},"end":{"line":503,"column":88}}},"fnMap":{"0":{"name":"normalizeBaseUrl","decl":{"start":{"line":60,"column":9},"end":{"line":60,"column":26}},"loc":{"start":{"line":60,"column":53},"end":{"line":62,"column":null}},"line":60},"1":{"name":"getKassalApiKey","decl":{"start":{"line":64,"column":9},"end":{"line":64,"column":27}},"loc":{"start":{"line":64,"column":27},"end":{"line":66,"column":null}},"line":64},"2":{"name":"getKassalApiBaseUrl","decl":{"start":{"line":68,"column":9},"end":{"line":68,"column":31}},"loc":{"start":{"line":68,"column":31},"end":{"line":70,"column":null}},"line":68},"3":{"name":"asString","decl":{"start":{"line":72,"column":9},"end":{"line":72,"column":18}},"loc":{"start":{"line":72,"column":49},"end":{"line":74,"column":null}},"line":72},"4":{"name":"asNumber","decl":{"start":{"line":76,"column":9},"end":{"line":76,"column":18}},"loc":{"start":{"line":76,"column":49},"end":{"line":87,"column":null}},"line":76},"5":{"name":"getConfiguredRequestDelayMs","decl":{"start":{"line":89,"column":9},"end":{"line":89,"column":37}},"loc":{"start":{"line":89,"column":64},"end":{"line":100,"column":null}},"line":89},"6":{"name":"asDate","decl":{"start":{"line":102,"column":9},"end":{"line":102,"column":16}},"loc":{"start":{"line":102,"column":45},"end":{"line":113,"column":null}},"line":102},"7":{"name":"extractItems","decl":{"start":{"line":115,"column":9},"end":{"line":115,"column":22}},"loc":{"start":{"line":115,"column":40},"end":{"line":120,"column":null}},"line":115},"8":{"name":"extractStoreObject","decl":{"start":{"line":122,"column":9},"end":{"line":122,"column":28}},"loc":{"start":{"line":122,"column":61},"end":{"line":131,"column":null}},"line":122},"9":{"name":"(anonymous_9)","decl":{"start":{"line":126,"column":37},"end":{"line":126,"column":38}},"loc":{"start":{"line":126,"column":48},"end":{"line":126,"column":82}},"line":126},"10":{"name":"extractCategoryName","decl":{"start":{"line":133,"column":9},"end":{"line":133,"column":29}},"loc":{"start":{"line":133,"column":62},"end":{"line":147,"column":null}},"line":133},"11":{"name":"(anonymous_11)","decl":{"start":{"line":137,"column":47},"end":{"line":137,"column":48}},"loc":{"start":{"line":137,"column":92},"end":{"line":137,"column":135}},"line":137},"12":{"name":"extractUnit","decl":{"start":{"line":149,"column":9},"end":{"line":149,"column":21}},"loc":{"start":{"line":149,"column":54},"end":{"line":158,"column":null}},"line":149},"13":{"name":"normalizeCatalogEntry","decl":{"start":{"line":160,"column":9},"end":{"line":160,"column":31}},"loc":{"start":{"line":160,"column":78},"end":{"line":205,"column":null}},"line":160},"14":{"name":"normalizeLookupToken","decl":{"start":{"line":207,"column":9},"end":{"line":207,"column":30}},"loc":{"start":{"line":207,"column":64},"end":{"line":215,"column":null}},"line":207},"15":{"name":"buildCatalogKey","decl":{"start":{"line":217,"column":9},"end":{"line":217,"column":25}},"loc":{"start":{"line":217,"column":54},"end":{"line":228,"column":null}},"line":217},"16":{"name":"mergePreferredValue","decl":{"start":{"line":230,"column":9},"end":{"line":230,"column":29}},"loc":{"start":{"line":230,"column":84},"end":{"line":240,"column":null}},"line":230},"17":{"name":"mergeCatalogProductInput","decl":{"start":{"line":242,"column":9},"end":{"line":242,"column":34}},"loc":{"start":{"line":242,"column":126},"end":{"line":266,"column":null}},"line":242},"18":{"name":"buildSyncProductsUrl","decl":{"start":{"line":268,"column":9},"end":{"line":268,"column":30}},"loc":{"start":{"line":268,"column":62},"end":{"line":274,"column":null}},"line":268},"19":{"name":"fetchKassalJson","decl":{"start":{"line":276,"column":15},"end":{"line":276,"column":31}},"loc":{"start":{"line":276,"column":99},"end":{"line":328,"column":null}},"line":276},"20":{"name":"(anonymous_20)","decl":{"start":{"line":311,"column":49},"end":{"line":311,"column":55}},"loc":{"start":{"line":311,"column":55},"end":{"line":311,"column":57}},"line":311},"21":{"name":"hasNextPage","decl":{"start":{"line":330,"column":9},"end":{"line":330,"column":21}},"loc":{"start":{"line":330,"column":78},"end":{"line":340,"column":null}},"line":330},"22":{"name":"sleep","decl":{"start":{"line":342,"column":9},"end":{"line":342,"column":15}},"loc":{"start":{"line":342,"column":27},"end":{"line":344,"column":null}},"line":342},"23":{"name":"(anonymous_23)","decl":{"start":{"line":343,"column":21},"end":{"line":343,"column":22}},"loc":{"start":{"line":343,"column":34},"end":{"line":343,"column":57}},"line":343},"24":{"name":"getHeader","decl":{"start":{"line":346,"column":9},"end":{"line":346,"column":19}},"loc":{"start":{"line":346,"column":53},"end":{"line":348,"column":null}},"line":346},"25":{"name":"parseRetryAfterMs","decl":{"start":{"line":350,"column":9},"end":{"line":350,"column":27}},"loc":{"start":{"line":350,"column":47},"end":{"line":368,"column":null}},"line":350},"26":{"name":"upsertCatalogProduct","decl":{"start":{"line":370,"column":15},"end":{"line":370,"column":36}},"loc":{"start":{"line":370,"column":88},"end":{"line":398,"column":null}},"line":370},"27":{"name":"upsertCatalogPrice","decl":{"start":{"line":400,"column":15},"end":{"line":400,"column":34}},"loc":{"start":{"line":400,"column":89},"end":{"line":431,"column":null}},"line":400},"28":{"name":"syncCatalog","decl":{"start":{"line":433,"column":22},"end":{"line":433,"column":34}},"loc":{"start":{"line":433,"column":96},"end":{"line":505,"column":null}},"line":433},"29":{"name":"(anonymous_29)","decl":{"start":{"line":503,"column":46},"end":{"line":503,"column":47}},"loc":{"start":{"line":503,"column":63},"end":{"line":503,"column":88}},"line":503}},"branchMap":{"0":{"loc":{"start":{"line":61,"column":10},"end":{"line":61,"column":48}},"type":"binary-expr","locations":[{"start":{"line":61,"column":10},"end":{"line":61,"column":19}},{"start":{"line":61,"column":19},"end":{"line":61,"column":48}}],"line":61},"1":{"loc":{"start":{"line":65,"column":9},"end":{"line":65,"column":null}},"type":"binary-expr","locations":[{"start":{"line":65,"column":9},"end":{"line":65,"column":47}},{"start":{"line":65,"column":47},"end":{"line":65,"column":null}}],"line":65},"2":{"loc":{"start":{"line":73,"column":9},"end":{"line":73,"column":null}},"type":"cond-expr","locations":[{"start":{"line":73,"column":64},"end":{"line":73,"column":79}},{"start":{"line":73,"column":79},"end":{"line":73,"column":null}}],"line":73},"3":{"loc":{"start":{"line":73,"column":9},"end":{"line":73,"column":64}},"type":"binary-expr","locations":[{"start":{"line":73,"column":9},"end":{"line":73,"column":38}},{"start":{"line":73,"column":38},"end":{"line":73,"column":64}}],"line":73},"4":{"loc":{"start":{"line":77,"column":2},"end":{"line":79,"column":null}},"type":"if","locations":[{"start":{"line":77,"column":2},"end":{"line":79,"column":null}},{"start":{},"end":{}}],"line":77},"5":{"loc":{"start":{"line":77,"column":6},"end":{"line":77,"column":59}},"type":"binary-expr","locations":[{"start":{"line":77,"column":6},"end":{"line":77,"column":35}},{"start":{"line":77,"column":35},"end":{"line":77,"column":59}}],"line":77},"6":{"loc":{"start":{"line":81,"column":2},"end":{"line":84,"column":null}},"type":"if","locations":[{"start":{"line":81,"column":2},"end":{"line":84,"column":null}},{"start":{},"end":{}}],"line":81},"7":{"loc":{"start":{"line":83,"column":11},"end":{"line":83,"column":null}},"type":"cond-expr","locations":[{"start":{"line":83,"column":41},"end":{"line":83,"column":54}},{"start":{"line":83,"column":54},"end":{"line":83,"column":null}}],"line":83},"8":{"loc":{"start":{"line":90,"column":2},"end":{"line":92,"column":null}},"type":"if","locations":[{"start":{"line":90,"column":2},"end":{"line":92,"column":null}},{"start":{},"end":{}}],"line":90},"9":{"loc":{"start":{"line":90,"column":6},"end":{"line":90,"column":59}},"type":"binary-expr","locations":[{"start":{"line":90,"column":6},"end":{"line":90,"column":35}},{"start":{"line":90,"column":35},"end":{"line":90,"column":59}}],"line":90},"10":{"loc":{"start":{"line":95,"column":2},"end":{"line":97,"column":null}},"type":"if","locations":[{"start":{"line":95,"column":2},"end":{"line":97,"column":null}},{"start":{},"end":{}}],"line":95},"11":{"loc":{"start":{"line":103,"column":2},"end":{"line":105,"column":null}},"type":"if","locations":[{"start":{"line":103,"column":2},"end":{"line":105,"column":null}},{"start":{},"end":{}}],"line":103},"12":{"loc":{"start":{"line":104,"column":11},"end":{"line":104,"column":null}},"type":"cond-expr","locations":[{"start":{"line":104,"column":43},"end":{"line":104,"column":50}},{"start":{"line":104,"column":50},"end":{"line":104,"column":null}}],"line":104},"13":{"loc":{"start":{"line":107,"column":2},"end":{"line":109,"column":null}},"type":"if","locations":[{"start":{"line":107,"column":2},"end":{"line":109,"column":null}},{"start":{},"end":{}}],"line":107},"14":{"loc":{"start":{"line":107,"column":6},"end":{"line":107,"column":62}},"type":"binary-expr","locations":[{"start":{"line":107,"column":6},"end":{"line":107,"column":35}},{"start":{"line":107,"column":35},"end":{"line":107,"column":62}}],"line":107},"15":{"loc":{"start":{"line":112,"column":9},"end":{"line":112,"column":null}},"type":"cond-expr","locations":[{"start":{"line":112,"column":42},"end":{"line":112,"column":49}},{"start":{"line":112,"column":49},"end":{"line":112,"column":null}}],"line":112},"16":{"loc":{"start":{"line":116,"column":17},"end":{"line":116,"column":null}},"type":"cond-expr","locations":[{"start":{"line":116,"column":59},"end":{"line":116,"column":97}},{"start":{"line":116,"column":97},"end":{"line":116,"column":null}}],"line":116},"17":{"loc":{"start":{"line":116,"column":17},"end":{"line":116,"column":59}},"type":"binary-expr","locations":[{"start":{"line":116,"column":17},"end":{"line":116,"column":28}},{"start":{"line":116,"column":28},"end":{"line":116,"column":59}}],"line":116},"18":{"loc":{"start":{"line":119,"column":9},"end":{"line":119,"column":null}},"type":"cond-expr","locations":[{"start":{"line":119,"column":35},"end":{"line":119,"column":46}},{"start":{"line":119,"column":46},"end":{"line":119,"column":null}}],"line":119},"19":{"loc":{"start":{"line":125,"column":2},"end":{"line":128,"column":null}},"type":"if","locations":[{"start":{"line":125,"column":2},"end":{"line":128,"column":null}},{"start":{},"end":{}}],"line":125},"20":{"loc":{"start":{"line":126,"column":48},"end":{"line":126,"column":82}},"type":"binary-expr","locations":[{"start":{"line":126,"column":48},"end":{"line":126,"column":57}},{"start":{"line":126,"column":57},"end":{"line":126,"column":82}}],"line":126},"21":{"loc":{"start":{"line":127,"column":11},"end":{"line":127,"column":null}},"type":"cond-expr","locations":[{"start":{"line":127,"column":59},"end":{"line":127,"column":100}},{"start":{"line":127,"column":100},"end":{"line":127,"column":null}}],"line":127},"22":{"loc":{"start":{"line":127,"column":11},"end":{"line":127,"column":59}},"type":"binary-expr","locations":[{"start":{"line":127,"column":11},"end":{"line":127,"column":25}},{"start":{"line":127,"column":25},"end":{"line":127,"column":59}}],"line":127},"23":{"loc":{"start":{"line":130,"column":9},"end":{"line":130,"column":null}},"type":"cond-expr","locations":[{"start":{"line":130,"column":53},"end":{"line":130,"column":92}},{"start":{"line":130,"column":92},"end":{"line":130,"column":null}}],"line":130},"24":{"loc":{"start":{"line":130,"column":9},"end":{"line":130,"column":53}},"type":"binary-expr","locations":[{"start":{"line":130,"column":9},"end":{"line":130,"column":21}},{"start":{"line":130,"column":21},"end":{"line":130,"column":53}}],"line":130},"25":{"loc":{"start":{"line":136,"column":2},"end":{"line":140,"column":null}},"type":"if","locations":[{"start":{"line":136,"column":2},"end":{"line":140,"column":null}},{"start":{},"end":{}}],"line":136},"26":{"loc":{"start":{"line":137,"column":92},"end":{"line":137,"column":135}},"type":"binary-expr","locations":[{"start":{"line":137,"column":92},"end":{"line":137,"column":110}},{"start":{"line":137,"column":110},"end":{"line":137,"column":135}}],"line":137},"27":{"loc":{"start":{"line":139,"column":11},"end":{"line":139,"column":null}},"type":"cond-expr","locations":[{"start":{"line":139,"column":21},"end":{"line":139,"column":46}},{"start":{"line":139,"column":46},"end":{"line":139,"column":null}}],"line":139},"28":{"loc":{"start":{"line":142,"column":2},"end":{"line":144,"column":null}},"type":"if","locations":[{"start":{"line":142,"column":2},"end":{"line":144,"column":null}},{"start":{},"end":{}}],"line":142},"29":{"loc":{"start":{"line":142,"column":6},"end":{"line":142,"column":54}},"type":"binary-expr","locations":[{"start":{"line":142,"column":6},"end":{"line":142,"column":21}},{"start":{"line":142,"column":21},"end":{"line":142,"column":54}}],"line":142},"30":{"loc":{"start":{"line":146,"column":9},"end":{"line":146,"column":null}},"type":"binary-expr","locations":[{"start":{"line":146,"column":9},"end":{"line":146,"column":34}},{"start":{"line":146,"column":34},"end":{"line":146,"column":null}}],"line":146},"31":{"loc":{"start":{"line":153,"column":2},"end":{"line":155,"column":null}},"type":"if","locations":[{"start":{"line":153,"column":2},"end":{"line":155,"column":null}},{"start":{},"end":{}}],"line":153},"32":{"loc":{"start":{"line":153,"column":6},"end":{"line":153,"column":37}},"type":"binary-expr","locations":[{"start":{"line":153,"column":6},"end":{"line":153,"column":25}},{"start":{"line":153,"column":25},"end":{"line":153,"column":37}}],"line":153},"33":{"loc":{"start":{"line":161,"column":2},"end":{"line":163,"column":null}},"type":"if","locations":[{"start":{"line":161,"column":2},"end":{"line":163,"column":null}},{"start":{},"end":{}}],"line":161},"34":{"loc":{"start":{"line":161,"column":6},"end":{"line":161,"column":47}},"type":"binary-expr","locations":[{"start":{"line":161,"column":6},"end":{"line":161,"column":18}},{"start":{"line":161,"column":18},"end":{"line":161,"column":47}}],"line":161},"35":{"loc":{"start":{"line":166,"column":20},"end":{"line":166,"column":null}},"type":"binary-expr","locations":[{"start":{"line":166,"column":20},"end":{"line":166,"column":43}},{"start":{"line":166,"column":43},"end":{"line":166,"column":null}}],"line":166},"36":{"loc":{"start":{"line":167,"column":21},"end":{"line":167,"column":null}},"type":"binary-expr","locations":[{"start":{"line":167,"column":21},"end":{"line":167,"column":44}},{"start":{"line":167,"column":44},"end":{"line":167,"column":76}},{"start":{"line":167,"column":76},"end":{"line":167,"column":null}}],"line":167},"37":{"loc":{"start":{"line":167,"column":76},"end":{"line":167,"column":null}},"type":"cond-expr","locations":[{"start":{"line":167,"column":97},"end":{"line":167,"column":117}},{"start":{"line":167,"column":117},"end":{"line":167,"column":null}}],"line":167},"38":{"loc":{"start":{"line":169,"column":4},"end":{"line":173,"column":null}},"type":"binary-expr","locations":[{"start":{"line":169,"column":4},"end":{"line":169,"column":null}},{"start":{"line":170,"column":4},"end":{"line":170,"column":null}},{"start":{"line":171,"column":4},"end":{"line":171,"column":null}},{"start":{"line":172,"column":4},"end":{"line":172,"column":null}},{"start":{"line":173,"column":4},"end":{"line":173,"column":null}}],"line":169},"39":{"loc":{"start":{"line":175,"column":2},"end":{"line":177,"column":null}},"type":"if","locations":[{"start":{"line":175,"column":2},"end":{"line":177,"column":null}},{"start":{},"end":{}}],"line":175},"40":{"loc":{"start":{"line":175,"column":6},"end":{"line":175,"column":28}},"type":"binary-expr","locations":[{"start":{"line":175,"column":6},"end":{"line":175,"column":21}},{"start":{"line":175,"column":21},"end":{"line":175,"column":28}}],"line":175},"41":{"loc":{"start":{"line":180,"column":20},"end":{"line":180,"column":null}},"type":"binary-expr","locations":[{"start":{"line":180,"column":20},"end":{"line":180,"column":51}},{"start":{"line":180,"column":51},"end":{"line":180,"column":null}}],"line":180},"42":{"loc":{"start":{"line":181,"column":20},"end":{"line":181,"column":null}},"type":"binary-expr","locations":[{"start":{"line":181,"column":20},"end":{"line":181,"column":51}},{"start":{"line":181,"column":51},"end":{"line":181,"column":null}}],"line":181},"43":{"loc":{"start":{"line":183,"column":4},"end":{"line":185,"column":null}},"type":"binary-expr","locations":[{"start":{"line":183,"column":4},"end":{"line":183,"column":null}},{"start":{"line":184,"column":4},"end":{"line":184,"column":null}},{"start":{"line":185,"column":4},"end":{"line":185,"column":null}}],"line":183},"44":{"loc":{"start":{"line":197,"column":14},"end":{"line":197,"column":null}},"type":"binary-expr","locations":[{"start":{"line":197,"column":14},"end":{"line":197,"column":40}},{"start":{"line":197,"column":40},"end":{"line":197,"column":null}}],"line":197},"45":{"loc":{"start":{"line":198,"column":19},"end":{"line":198,"column":null}},"type":"binary-expr","locations":[{"start":{"line":198,"column":19},"end":{"line":198,"column":48}},{"start":{"line":198,"column":48},"end":{"line":198,"column":77}},{"start":{"line":198,"column":77},"end":{"line":198,"column":null}}],"line":198},"46":{"loc":{"start":{"line":208,"column":10},"end":{"line":208,"column":null}},"type":"binary-expr","locations":[{"start":{"line":208,"column":10},"end":{"line":208,"column":19}},{"start":{"line":208,"column":19},"end":{"line":208,"column":null}}],"line":208},"47":{"loc":{"start":{"line":218,"column":2},"end":{"line":220,"column":null}},"type":"if","locations":[{"start":{"line":218,"column":2},"end":{"line":220,"column":null}},{"start":{},"end":{}}],"line":218},"48":{"loc":{"start":{"line":231,"column":2},"end":{"line":233,"column":null}},"type":"if","locations":[{"start":{"line":231,"column":2},"end":{"line":233,"column":null}},{"start":{},"end":{}}],"line":231},"49":{"loc":{"start":{"line":231,"column":6},"end":{"line":231,"column":34}},"type":"binary-expr","locations":[{"start":{"line":231,"column":6},"end":{"line":231,"column":23}},{"start":{"line":231,"column":23},"end":{"line":231,"column":34}}],"line":231},"50":{"loc":{"start":{"line":235,"column":2},"end":{"line":237,"column":null}},"type":"if","locations":[{"start":{"line":235,"column":2},"end":{"line":237,"column":null}},{"start":{},"end":{}}],"line":235},"51":{"loc":{"start":{"line":235,"column":6},"end":{"line":235,"column":75}},"type":"binary-expr","locations":[{"start":{"line":235,"column":6},"end":{"line":235,"column":22}},{"start":{"line":235,"column":22},"end":{"line":235,"column":35}},{"start":{"line":235,"column":35},"end":{"line":235,"column":75}}],"line":235},"52":{"loc":{"start":{"line":243,"column":2},"end":{"line":254,"column":null}},"type":"if","locations":[{"start":{"line":243,"column":2},"end":{"line":254,"column":null}},{"start":{},"end":{}}],"line":243},"53":{"loc":{"start":{"line":260,"column":16},"end":{"line":260,"column":null}},"type":"binary-expr","locations":[{"start":{"line":260,"column":16},"end":{"line":260,"column":43}},{"start":{"line":260,"column":43},"end":{"line":260,"column":null}}],"line":260},"54":{"loc":{"start":{"line":261,"column":10},"end":{"line":261,"column":null}},"type":"binary-expr","locations":[{"start":{"line":261,"column":10},"end":{"line":261,"column":31}},{"start":{"line":261,"column":31},"end":{"line":261,"column":null}}],"line":261},"55":{"loc":{"start":{"line":263,"column":10},"end":{"line":263,"column":null}},"type":"cond-expr","locations":[{"start":{"line":263,"column":57},"end":{"line":263,"column":70}},{"start":{"line":263,"column":70},"end":{"line":263,"column":null}}],"line":263},"56":{"loc":{"start":{"line":278,"column":2},"end":{"line":280,"column":null}},"type":"if","locations":[{"start":{"line":278,"column":2},"end":{"line":280,"column":null}},{"start":{},"end":{}}],"line":278},"57":{"loc":{"start":{"line":293,"column":6},"end":{"line":295,"column":null}},"type":"if","locations":[{"start":{"line":293,"column":6},"end":{"line":295,"column":null}},{"start":{},"end":{}}],"line":293},"58":{"loc":{"start":{"line":298,"column":58},"end":{"line":298,"column":117}},"type":"cond-expr","locations":[{"start":{"line":298,"column":83},"end":{"line":298,"column":99}},{"start":{"line":298,"column":99},"end":{"line":298,"column":117}}],"line":298},"59":{"loc":{"start":{"line":303,"column":4},"end":{"line":309,"column":null}},"type":"if","locations":[{"start":{"line":303,"column":4},"end":{"line":309,"column":null}},{"start":{},"end":{}}],"line":303},"60":{"loc":{"start":{"line":304,"column":6},"end":{"line":306,"column":null}},"type":"if","locations":[{"start":{"line":304,"column":6},"end":{"line":306,"column":null}},{"start":{},"end":{}}],"line":304},"61":{"loc":{"start":{"line":312,"column":24},"end":{"line":312,"column":null}},"type":"binary-expr","locations":[{"start":{"line":312,"column":24},"end":{"line":312,"column":51}},{"start":{"line":312,"column":51},"end":{"line":312,"column":null}}],"line":312},"62":{"loc":{"start":{"line":314,"column":4},"end":{"line":316,"column":null}},"type":"if","locations":[{"start":{"line":314,"column":4},"end":{"line":316,"column":null}},{"start":{},"end":{}}],"line":314},"63":{"loc":{"start":{"line":314,"column":8},"end":{"line":314,"column":55}},"type":"binary-expr","locations":[{"start":{"line":314,"column":8},"end":{"line":314,"column":24}},{"start":{"line":314,"column":24},"end":{"line":314,"column":55}}],"line":314},"64":{"loc":{"start":{"line":319,"column":6},"end":{"line":321,"column":null}},"type":"cond-expr","locations":[{"start":{"line":320,"column":10},"end":{"line":320,"column":null}},{"start":{"line":321,"column":10},"end":{"line":321,"column":null}}],"line":319},"65":{"loc":{"start":{"line":331,"column":17},"end":{"line":331,"column":null}},"type":"cond-expr","locations":[{"start":{"line":331,"column":59},"end":{"line":331,"column":97}},{"start":{"line":331,"column":97},"end":{"line":331,"column":null}}],"line":331},"66":{"loc":{"start":{"line":331,"column":17},"end":{"line":331,"column":59}},"type":"binary-expr","locations":[{"start":{"line":331,"column":17},"end":{"line":331,"column":28}},{"start":{"line":331,"column":28},"end":{"line":331,"column":59}}],"line":331},"67":{"loc":{"start":{"line":332,"column":16},"end":{"line":332,"column":null}},"type":"cond-expr","locations":[{"start":{"line":332,"column":68},"end":{"line":332,"column":111}},{"start":{"line":332,"column":111},"end":{"line":332,"column":null}}],"line":332},"68":{"loc":{"start":{"line":332,"column":16},"end":{"line":332,"column":68}},"type":"binary-expr","locations":[{"start":{"line":332,"column":16},"end":{"line":332,"column":32}},{"start":{"line":332,"column":32},"end":{"line":332,"column":68}}],"line":332},"69":{"loc":{"start":{"line":335,"column":2},"end":{"line":337,"column":null}},"type":"if","locations":[{"start":{"line":335,"column":2},"end":{"line":337,"column":null}},{"start":{},"end":{}}],"line":335},"70":{"loc":{"start":{"line":347,"column":9},"end":{"line":347,"column":null}},"type":"binary-expr","locations":[{"start":{"line":347,"column":9},"end":{"line":347,"column":39}},{"start":{"line":347,"column":39},"end":{"line":347,"column":null}}],"line":347},"71":{"loc":{"start":{"line":353,"column":2},"end":{"line":355,"column":null}},"type":"if","locations":[{"start":{"line":353,"column":2},"end":{"line":355,"column":null}},{"start":{},"end":{}}],"line":353},"72":{"loc":{"start":{"line":358,"column":2},"end":{"line":360,"column":null}},"type":"if","locations":[{"start":{"line":358,"column":2},"end":{"line":360,"column":null}},{"start":{},"end":{}}],"line":358},"73":{"loc":{"start":{"line":358,"column":6},"end":{"line":358,"column":47}},"type":"binary-expr","locations":[{"start":{"line":358,"column":6},"end":{"line":358,"column":34}},{"start":{"line":358,"column":34},"end":{"line":358,"column":47}}],"line":358},"74":{"loc":{"start":{"line":363,"column":2},"end":{"line":365,"column":null}},"type":"if","locations":[{"start":{"line":363,"column":2},"end":{"line":365,"column":null}},{"start":{},"end":{}}],"line":363},"75":{"loc":{"start":{"line":379,"column":10},"end":{"line":379,"column":null}},"type":"cond-expr","locations":[{"start":{"line":379,"column":33},"end":{"line":379,"column":72}},{"start":{"line":379,"column":72},"end":{"line":379,"column":null}}],"line":379},"76":{"loc":{"start":{"line":388,"column":10},"end":{"line":388,"column":null}},"type":"cond-expr","locations":[{"start":{"line":388,"column":33},"end":{"line":388,"column":72}},{"start":{"line":388,"column":72},"end":{"line":388,"column":null}}],"line":388},"77":{"loc":{"start":{"line":433,"column":34},"end":{"line":433,"column":96}},"type":"default-arg","locations":[{"start":{"line":433,"column":64},"end":{"line":433,"column":96}}],"line":433},"78":{"loc":{"start":{"line":434,"column":17},"end":{"line":434,"column":null}},"type":"binary-expr","locations":[{"start":{"line":434,"column":17},"end":{"line":434,"column":35}},{"start":{"line":434,"column":35},"end":{"line":434,"column":null}}],"line":434},"79":{"loc":{"start":{"line":435,"column":45},"end":{"line":435,"column":94}},"type":"binary-expr","locations":[{"start":{"line":435,"column":45},"end":{"line":435,"column":65}},{"start":{"line":435,"column":65},"end":{"line":435,"column":94}}],"line":435},"80":{"loc":{"start":{"line":436,"column":19},"end":{"line":436,"column":null}},"type":"cond-expr","locations":[{"start":{"line":436,"column":62},"end":{"line":436,"column":81}},{"start":{"line":436,"column":81},"end":{"line":436,"column":null}}],"line":436},"81":{"loc":{"start":{"line":436,"column":19},"end":{"line":436,"column":62}},"type":"binary-expr","locations":[{"start":{"line":436,"column":19},"end":{"line":436,"column":39}},{"start":{"line":436,"column":39},"end":{"line":436,"column":62}}],"line":436},"82":{"loc":{"start":{"line":445,"column":20},"end":{"line":445,"column":null}},"type":"cond-expr","locations":[{"start":{"line":445,"column":65},"end":{"line":445,"column":85}},{"start":{"line":445,"column":85},"end":{"line":445,"column":null}}],"line":445},"83":{"loc":{"start":{"line":445,"column":20},"end":{"line":445,"column":65}},"type":"binary-expr","locations":[{"start":{"line":445,"column":20},"end":{"line":445,"column":41}},{"start":{"line":445,"column":41},"end":{"line":445,"column":65}}],"line":445},"84":{"loc":{"start":{"line":447,"column":2},"end":{"line":449,"column":null}},"type":"if","locations":[{"start":{"line":447,"column":2},"end":{"line":449,"column":null}},{"start":{},"end":{}}],"line":447},"85":{"loc":{"start":{"line":458,"column":4},"end":{"line":460,"column":null}},"type":"if","locations":[{"start":{"line":458,"column":4},"end":{"line":460,"column":null}},{"start":{},"end":{}}],"line":458},"86":{"loc":{"start":{"line":467,"column":6},"end":{"line":469,"column":null}},"type":"if","locations":[{"start":{"line":467,"column":6},"end":{"line":469,"column":null}},{"start":{},"end":{}}],"line":467},"87":{"loc":{"start":{"line":475,"column":28},"end":{"line":475,"column":null}},"type":"binary-expr","locations":[{"start":{"line":475,"column":28},"end":{"line":475,"column":63}},{"start":{"line":475,"column":63},"end":{"line":475,"column":null}}],"line":475},"88":{"loc":{"start":{"line":476,"column":51},"end":{"line":476,"column":80}},"type":"binary-expr","locations":[{"start":{"line":476,"column":51},"end":{"line":476,"column":74}},{"start":{"line":476,"column":74},"end":{"line":476,"column":80}}],"line":476},"89":{"loc":{"start":{"line":489,"column":4},"end":{"line":491,"column":null}},"type":"if","locations":[{"start":{"line":489,"column":4},"end":{"line":491,"column":null}},{"start":{},"end":{}}],"line":489},"90":{"loc":{"start":{"line":494,"column":2},"end":{"line":496,"column":null}},"type":"if","locations":[{"start":{"line":494,"column":2},"end":{"line":496,"column":null}},{"start":{},"end":{}}],"line":494},"91":{"loc":{"start":{"line":494,"column":6},"end":{"line":494,"column":77}},"type":"binary-expr","locations":[{"start":{"line":494,"column":6},"end":{"line":494,"column":36}},{"start":{"line":494,"column":36},"end":{"line":494,"column":60}},{"start":{"line":494,"column":60},"end":{"line":494,"column":77}}],"line":494}},"s":{"0":15,"1":15,"2":15,"3":15,"4":15,"5":3,"6":3,"7":3,"8":41,"9":14,"10":12,"11":2,"12":2,"13":2,"14":0,"15":2,"16":0,"17":2,"18":2,"19":2,"20":0,"21":3,"22":0,"23":3,"24":0,"25":3,"26":3,"27":3,"28":3,"29":3,"30":3,"31":3,"32":3,"33":0,"34":0,"35":0,"36":3,"37":3,"38":3,"39":2,"40":2,"41":2,"42":2,"43":1,"44":0,"45":1,"46":3,"47":3,"48":3,"49":3,"50":0,"51":3,"52":0,"53":3,"54":3,"55":3,"56":3,"57":3,"58":0,"59":3,"60":3,"61":3,"62":3,"63":3,"64":3,"65":3,"66":5,"67":5,"68":5,"69":0,"70":0,"71":0,"72":0,"73":0,"74":4,"75":0,"76":4,"77":0,"78":4,"79":3,"80":2,"81":1,"82":3,"83":3,"84":3,"85":3,"86":3,"87":3,"88":3,"89":0,"90":3,"91":3,"92":3,"93":3,"94":0,"95":0,"96":0,"97":0,"98":0,"99":0,"100":3,"101":3,"102":0,"103":3,"104":0,"105":0,"106":0,"107":3,"108":0,"109":0,"110":3,"111":3,"112":0,"113":3,"114":3,"115":3,"116":3,"117":1,"118":2,"119":0,"120":0,"121":0,"122":0,"123":0,"124":0,"125":0,"126":0,"127":0,"128":0,"129":0,"130":0,"131":0,"132":3,"133":3,"134":3,"135":3,"136":2,"137":2,"138":2,"139":2,"140":2,"141":2,"142":2,"143":2,"144":2,"145":2,"146":2,"147":2,"148":0,"149":2,"150":2,"151":3,"152":3,"153":3,"154":0,"155":3,"156":3,"157":3,"158":3,"159":3,"160":0,"161":3,"162":3,"163":3,"164":3,"165":3,"166":3,"167":3,"168":3,"169":3,"170":3,"171":3,"172":2,"173":2,"174":0,"175":2,"176":1},"f":{"0":3,"1":3,"2":3,"3":41,"4":14,"5":2,"6":3,"7":3,"8":3,"9":0,"10":3,"11":2,"12":3,"13":3,"14":5,"15":5,"16":4,"17":3,"18":3,"19":3,"20":0,"21":3,"22":0,"23":0,"24":0,"25":0,"26":3,"27":3,"28":2,"29":1},"b":{"0":[3,3],"1":[3,0],"2":[29,12],"3":[41,29],"4":[12,2],"5":[14,12],"6":[2,0],"7":[2,0],"8":[0,2],"9":[2,0],"10":[2,0],"11":[0,3],"12":[0,0],"13":[0,3],"14":[3,3],"15":[0,3],"16":[3,0],"17":[3,3],"18":[3,0],"19":[0,3],"20":[0,0],"21":[0,0],"22":[0,0],"23":[3,0],"24":[3,3],"25":[2,1],"26":[2,2],"27":[2,0],"28":[0,1],"29":[1,0],"30":[1,1],"31":[3,0],"32":[3,3],"33":[0,3],"34":[3,3],"35":[3,0],"36":[3,3,3],"37":[3,0],"38":[3,0,0,0,0],"39":[0,3],"40":[3,3],"41":[3,0],"42":[3,0],"43":[3,0,0],"44":[3,1],"45":[3,0,0],"46":[5,0],"47":[5,0],"48":[0,4],"49":[4,0],"50":[0,4],"51":[4,4,4],"52":[2,1],"53":[1,0],"54":[3,0],"55":[0,1],"56":[0,3],"57":[0,0],"58":[0,0],"59":[3,0],"60":[0,3],"61":[0,0],"62":[0,3],"63":[3,0],"64":[0,0],"65":[3,0],"66":[3,3],"67":[3,0],"68":[3,3],"69":[1,2],"70":[0,0],"71":[0,0],"72":[0,0],"73":[0,0],"74":[0,0],"75":[3,0],"76":[3,0],"77":[2],"78":[2,0],"79":[2,2],"80":[0,2],"81":[2,0],"82":[0,2],"83":[2,0],"84":[0,2],"85":[0,3],"86":[0,3],"87":[3,2],"88":[3,2],"89":[2,1],"90":[0,2],"91":[2,0,0]},"meta":{"lastBranch":92,"lastFunction":30,"lastStatement":177,"seen":{"s:3:36:3:Infinity":0,"s:4:38:4:Infinity":1,"s:5:33:5:Infinity":2,"s:6:36:6:Infinity":3,"s:7:26:7:Infinity":4,"f:60:9:60:26":0,"s:61:2:61:Infinity":5,"b:61:10:61:19:61:19:61:48":0,"f:64:9:64:27":1,"s:65:2:65:Infinity":6,"b:65:9:65:47:65:47:65:Infinity":1,"f:68:9:68:31":2,"s:69:2:69:Infinity":7,"f:72:9:72:18":3,"s:73:2:73:Infinity":8,"b:73:64:73:79:73:79:73:Infinity":2,"b:73:9:73:38:73:38:73:64":3,"f:76:9:76:18":4,"b:77:2:79:Infinity:undefined:undefined:undefined:undefined":4,"s:77:2:79:Infinity":9,"b:77:6:77:35:77:35:77:59":5,"s:78:4:78:Infinity":10,"b:81:2:84:Infinity:undefined:undefined:undefined:undefined":6,"s:81:2:84:Infinity":11,"s:82:23:82:Infinity":12,"s:83:4:83:Infinity":13,"b:83:41:83:54:83:54:83:Infinity":7,"s:86:2:86:Infinity":14,"f:89:9:89:37":5,"b:90:2:92:Infinity:undefined:undefined:undefined:undefined":8,"s:90:2:92:Infinity":15,"b:90:6:90:35:90:35:90:59":9,"s:91:4:91:Infinity":16,"s:94:18:94:Infinity":17,"b:95:2:97:Infinity:undefined:undefined:undefined:undefined":10,"s:95:2:97:Infinity":18,"s:96:4:96:Infinity":19,"s:99:2:99:Infinity":20,"f:102:9:102:16":6,"b:103:2:105:Infinity:undefined:undefined:undefined:undefined":11,"s:103:2:105:Infinity":21,"s:104:4:104:Infinity":22,"b:104:43:104:50:104:50:104:Infinity":12,"b:107:2:109:Infinity:undefined:undefined:undefined:undefined":13,"s:107:2:109:Infinity":23,"b:107:6:107:35:107:35:107:62":14,"s:108:4:108:Infinity":24,"s:111:17:111:Infinity":25,"s:112:2:112:Infinity":26,"b:112:42:112:49:112:49:112:Infinity":15,"f:115:9:115:22":7,"s:116:17:116:Infinity":27,"b:116:59:116:97:116:97:116:Infinity":16,"b:116:17:116:28:116:28:116:59":17,"s:117:21:117:Infinity":28,"s:118:19:118:Infinity":29,"s:119:2:119:Infinity":30,"b:119:35:119:46:119:46:119:Infinity":18,"f:122:9:122:28":8,"s:123:19:123:Infinity":31,"b:125:2:128:Infinity:undefined:undefined:undefined:undefined":19,"s:125:2:128:Infinity":32,"s:126:23:126:Infinity":33,"f:126:37:126:38":9,"s:126:48:126:82":34,"b:126:48:126:57:126:57:126:82":20,"s:127:4:127:Infinity":35,"b:127:59:127:100:127:100:127:Infinity":21,"b:127:11:127:25:127:25:127:59":22,"s:130:2:130:Infinity":36,"b:130:53:130:92:130:92:130:Infinity":23,"b:130:9:130:21:130:21:130:53":24,"f:133:9:133:29":10,"s:134:22:134:Infinity":37,"b:136:2:140:Infinity:undefined:undefined:undefined:undefined":25,"s:136:2:140:Infinity":38,"s:137:28:137:Infinity":39,"f:137:47:137:48":11,"s:137:92:137:135":40,"b:137:92:137:110:137:110:137:135":26,"s:138:20:138:Infinity":41,"s:139:4:139:Infinity":42,"b:139:21:139:46:139:46:139:Infinity":27,"b:142:2:144:Infinity:undefined:undefined:undefined:undefined":28,"s:142:2:144:Infinity":43,"b:142:6:142:21:142:21:142:54":29,"s:143:4:143:Infinity":44,"s:146:2:146:Infinity":45,"b:146:9:146:34:146:34:146:Infinity":30,"f:149:9:149:21":12,"s:150:17:150:Infinity":46,"s:151:21:151:Infinity":47,"b:153:2:155:Infinity:undefined:undefined:undefined:undefined":31,"s:153:2:155:Infinity":48,"b:153:6:153:25:153:25:153:37":32,"s:154:4:154:Infinity":49,"s:157:2:157:Infinity":50,"f:160:9:160:31":13,"b:161:2:163:Infinity:undefined:undefined:undefined:undefined":33,"s:161:2:163:Infinity":51,"b:161:6:161:18:161:18:161:47":34,"s:162:4:162:Infinity":52,"s:165:17:165:Infinity":53,"s:166:20:166:Infinity":54,"b:166:20:166:43:166:43:166:Infinity":35,"s:167:21:167:Infinity":55,"b:167:21:167:44:167:44:167:76:167:76:167:Infinity":36,"b:167:97:167:117:167:117:167:Infinity":37,"s:169:4:173:Infinity":56,"b:169:4:169:Infinity:170:4:170:Infinity:171:4:171:Infinity:172:4:172:Infinity:173:4:173:Infinity":38,"b:175:2:177:Infinity:undefined:undefined:undefined:undefined":39,"s:175:2:177:Infinity":57,"b:175:6:175:21:175:21:175:28":40,"s:176:4:176:Infinity":58,"s:179:22:179:Infinity":59,"s:180:20:180:Infinity":60,"b:180:20:180:51:180:51:180:Infinity":41,"s:181:20:181:Infinity":61,"b:181:20:181:51:181:51:181:Infinity":42,"s:183:4:185:Infinity":62,"b:183:4:183:Infinity:184:4:184:Infinity:185:4:185:Infinity":43,"s:186:27:186:Infinity":63,"s:187:31:187:Infinity":64,"s:189:2:204:Infinity":65,"b:197:14:197:40:197:40:197:Infinity":44,"b:198:19:198:48:198:48:198:77:198:77:198:Infinity":45,"f:207:9:207:30":14,"s:208:2:214:Infinity":66,"b:208:10:208:19:208:19:208:Infinity":46,"f:217:9:217:25":15,"b:218:2:220:Infinity:undefined:undefined:undefined:undefined":47,"s:218:2:220:Infinity":67,"s:219:4:219:Infinity":68,"s:222:19:222:Infinity":69,"s:223:20:223:Infinity":70,"s:224:19:224:Infinity":71,"s:225:23:225:Infinity":72,"s:227:2:227:Infinity":73,"f:230:9:230:29":16,"b:231:2:233:Infinity:undefined:undefined:undefined:undefined":48,"s:231:2:233:Infinity":74,"b:231:6:231:23:231:23:231:34":49,"s:232:4:232:Infinity":75,"b:235:2:237:Infinity:undefined:undefined:undefined:undefined":50,"s:235:2:237:Infinity":76,"b:235:6:235:22:235:22:235:35:235:35:235:75":51,"s:236:4:236:Infinity":77,"s:239:2:239:Infinity":78,"f:242:9:242:34":17,"b:243:2:254:Infinity:undefined:undefined:undefined:undefined":52,"s:243:2:254:Infinity":79,"s:244:4:253:Infinity":80,"s:256:2:265:Infinity":81,"b:260:16:260:43:260:43:260:Infinity":53,"b:261:10:261:31:261:31:261:Infinity":54,"b:263:57:263:70:263:70:263:Infinity":55,"f:268:9:268:30":18,"s:269:14:269:Infinity":82,"s:270:2:270:Infinity":83,"s:271:2:271:Infinity":84,"s:272:2:272:Infinity":85,"s:273:2:273:Infinity":86,"f:276:15:276:31":19,"s:277:17:277:Infinity":87,"b:278:2:280:Infinity:undefined:undefined:undefined:undefined":56,"s:278:2:280:Infinity":88,"s:279:4:279:Infinity":89,"s:282:2:325:Infinity":90,"s:282:21:282:24":91,"s:285:4:301:Infinity":92,"s:286:6:291:Infinity":93,"b:293:6:295:Infinity:undefined:undefined:undefined:undefined":57,"s:293:6:295:Infinity":94,"s:294:8:294:Infinity":95,"s:297:21:297:Infinity":96,"s:298:6:298:Infinity":97,"b:298:83:298:99:298:99:298:117":58,"s:299:6:299:Infinity":98,"s:300:6:300:Infinity":99,"b:303:4:309:Infinity:undefined:undefined:undefined:undefined":59,"s:303:4:309:Infinity":100,"b:304:6:306:Infinity:undefined:undefined:undefined:undefined":60,"s:304:6:306:Infinity":101,"s:305:8:305:Infinity":102,"s:308:6:308:Infinity":103,"s:311:21:311:Infinity":104,"f:311:49:311:55":20,"s:311:55:311:57":105,"s:312:24:312:Infinity":106,"b:312:24:312:51:312:51:312:Infinity":61,"b:314:4:316:Infinity:undefined:undefined:undefined:undefined":62,"s:314:4:316:Infinity":107,"b:314:8:314:24:314:24:314:55":63,"s:315:6:315:Infinity":108,"s:319:6:321:Infinity":109,"b:320:10:320:Infinity:321:10:321:Infinity":64,"s:323:4:323:Infinity":110,"s:324:4:324:Infinity":111,"s:327:2:327:Infinity":112,"f:330:9:330:21":21,"s:331:17:331:Infinity":113,"b:331:59:331:97:331:97:331:Infinity":65,"b:331:17:331:28:331:28:331:59":66,"s:332:16:332:Infinity":114,"b:332:68:332:111:332:111:332:Infinity":67,"b:332:16:332:32:332:32:332:68":68,"s:333:19:333:Infinity":115,"b:335:2:337:Infinity:undefined:undefined:undefined:undefined":69,"s:335:2:337:Infinity":116,"s:336:4:336:Infinity":117,"s:339:2:339:Infinity":118,"f:342:9:342:15":22,"s:343:2:343:Infinity":119,"f:343:21:343:22":23,"s:343:34:343:57":120,"f:346:9:346:19":24,"s:347:2:347:Infinity":121,"b:347:9:347:39:347:39:347:Infinity":70,"f:350:9:350:27":25,"s:351:27:351:Infinity":122,"b:353:2:355:Infinity:undefined:undefined:undefined:undefined":71,"s:353:2:355:Infinity":123,"s:354:4:354:Infinity":124,"s:357:18:357:Infinity":125,"b:358:2:360:Infinity:undefined:undefined:undefined:undefined":72,"s:358:2:360:Infinity":126,"b:358:6:358:34:358:34:358:47":73,"s:359:4:359:Infinity":127,"s:362:18:362:Infinity":128,"b:363:2:365:Infinity:undefined:undefined:undefin
[...]
ity":24,"b:55:72:55:102:55:102:55:Infinity":7,"s:56:26:61:Infinity":25,"b:58:31:58:61:58:61:58:Infinity":8,"b:58:6:58:20:58:20:58:31":9,"b:58:61:58:73:58:73:58:Infinity":10,"s:63:4:73:Infinity":26,"b:66:44:66:56:66:56:66:Infinity":11,"s:75:4:75:Infinity":27,"s:76:4:76:Infinity":28,"s:80:0:119:Infinity":29,"f:80:25:80:32":1,"s:81:2:118:Infinity":30,"s:82:10:82:Infinity":31,"s:83:22:96:Infinity":32,"s:98:4:114:Infinity":33,"f:99:20:99:21":2,"s:99:35:113:8":34,"b:112:23:112:60:112:60:112:Infinity":12,"s:116:4:116:Infinity":35,"s:117:4:117:Infinity":36,"s:121:0:177:Infinity":37,"f:121:36:121:43":3,"s:122:21:122:Infinity":38,"b:122:28:122:53:122:53:122:55":13,"b:124:2:127:Infinity:undefined:undefined:undefined:undefined":14,"s:124:2:127:Infinity":39,"s:125:4:125:Infinity":40,"s:126:4:126:Infinity":41,"s:129:2:176:Infinity":42,"s:130:10:130:Infinity":43,"s:131:21:136:Infinity":44,"b:138:4:141:Infinity:undefined:undefined:undefined:undefined":15,"s:138:4:141:Infinity":45,"s:139:6:139:Infinity":46,"s:140:6:140:Infinity":47,"s:143:4:172:Infinity":48,"b:171:21:171:58:171:58:171:Infinity":16,"s:174:4:174:Infinity":49,"s:175:4:175:Infinity":50,"s:179:0:211:Infinity":51,"f:179:45:179:52":4,"s:180:21:180:Infinity":52,"b:180:28:180:53:180:53:180:55":17,"b:182:2:185:Infinity:undefined:undefined:undefined:undefined":18,"s:182:2:185:Infinity":53,"s:183:4:183:Infinity":54,"s:184:4:184:Infinity":55,"s:187:2:210:Infinity":56,"s:188:10:188:Infinity":57,"s:189:21:192:Infinity":58,"s:194:4:206:Infinity":59,"f:195:19:195:20":5,"s:195:33:205:8":60,"b:202:18:202:38:202:38:202:Infinity":19,"s:208:4:208:Infinity":61,"s:209:4:209:Infinity":62,"s:213:0:307:Infinity":63,"f:213:67:213:68":6,"s:214:2:220:Infinity":64,"f:214:47:214:48":7,"b:215:4:218:Infinity:undefined:undefined:undefined:undefined":20,"s:215:4:218:Infinity":65,"s:216:22:216:Infinity":66,"b:216:45:216:59:216:59:216:Infinity":21,"s:217:6:217:Infinity":67,"s:219:4:219:Infinity":68,"f:221:3:221:10":8,"s:222:21:222:Infinity":69,"b:222:28:222:53:222:53:222:55":22,"b:224:2:227:Infinity:undefined:undefined:undefined:undefined":23,"s:224:2:227:Infinity":70,"s:225:4:225:Infinity":71,"s:226:4:226:Infinity":72,"b:229:2:232:Infinity:undefined:undefined:undefined:undefined":24,"s:229:2:232:Infinity":73,"s:230:4:230:Infinity":74,"s:231:4:231:Infinity":75,"s:234:15:234:Infinity":76,"b:234:59:234:98:234:98:234:Infinity":25,"b:234:15:234:27:234:27:234:59":26,"s:235:15:235:Infinity":77,"b:235:47:235:66:235:66:235:Infinity":27,"s:236:22:236:Infinity":78,"b:236:61:236:87:236:87:236:Infinity":28,"s:237:15:237:Infinity":79,"b:237:47:237:66:237:66:237:Infinity":29,"s:238:16:238:Infinity":80,"s:239:19:239:Infinity":81,"b:239:60:239:84:239:84:239:Infinity":30,"s:241:41:241:Infinity":82,"b:243:2:245:Infinity:undefined:undefined:undefined:undefined":31,"s:243:2:245:Infinity":83,"b:243:6:243:15:243:15:243:34:243:34:243:53":32,"s:244:4:244:Infinity":84,"b:247:2:249:Infinity:undefined:undefined:undefined:undefined":33,"s:247:2:249:Infinity":85,"b:247:6:247:15:247:15:247:34:247:34:247:52":34,"s:248:4:248:Infinity":86,"b:251:2:253:Infinity:undefined:undefined:undefined:undefined":35,"s:251:2:253:Infinity":87,"b:251:6:251:33:251:33:251:45":36,"s:252:4:252:Infinity":88,"b:255:2:257:Infinity:undefined:undefined:undefined:undefined":37,"s:255:2:257:Infinity":89,"b:255:6:255:37:255:37:255:51":38,"s:256:4:256:Infinity":90,"b:259:2:262:Infinity:undefined:undefined:undefined:undefined":39,"s:259:2:262:Infinity":91,"s:260:4:260:Infinity":92,"s:261:4:261:Infinity":93,"s:264:2:306:Infinity":94,"s:265:10:265:Infinity":95,"s:267:21:267:Infinity":96,"b:268:4:271:Infinity:undefined:undefined:undefined:undefined":40,"s:268:4:271:Infinity":97,"s:269:6:269:Infinity":98,"s:270:6:270:Infinity":99,"s:273:21:273:Infinity":100,"b:273:25:273:69:273:69:273:Infinity":41,"s:275:20:285:Infinity":101,"b:279:21:279:36:279:36:279:Infinity":42,"s:287:4:297:Infinity":102,"s:299:20:299:Infinity":103,"b:299:45:299:61:299:61:299:Infinity":43,"b:300:4:303:Infinity:undefined:undefined:undefined:undefined":44,"s:300:4:303:Infinity":104,"b:300:8:300:50:300:50:300:81":45,"s:301:6:301:Infinity":105,"s:302:6:302:Infinity":106,"s:304:4:304:Infinity":107,"s:305:4:305:Infinity":108,"s:309:0:403:Infinity":109,"f:309:34:309:41":9,"s:310:8:310:Infinity":110,"b:312:2:318:Infinity:undefined:undefined:undefined:undefined":46,"s:312:2:318:Infinity":111,"s:313:4:316:Infinity":112,"s:317:4:317:Infinity":113,"s:320:79:320:Infinity":114,"s:322:15:322:Infinity":115,"b:322:59:322:98:322:98:322:Infinity":47,"b:322:15:322:27:322:27:322:59":48,"s:323:19:323:Infinity":116,"b:323:52:323:91:323:91:323:Infinity":49,"s:324:16:324:Infinity":117,"b:324:55:324:66:324:66:324:Infinity":50,"b:324:16:324:28:324:28:324:55":51,"s:327:67:327:Infinity":118,"b:328:2:343:Infinity:undefined:undefined:undefined:undefined":52,"s:328:2:343:Infinity":119,"s:329:4:342:Infinity":120,"s:330:23:330:Infinity":121,"b:331:6:339:Infinity:undefined:undefined:undefined:undefined":53,"s:331:6:339:Infinity":122,"s:332:27:332:Infinity":123,"s:333:29:333:Infinity":124,"s:334:30:334:Infinity":125,"s:335:34:335:Infinity":126,"s:336:8:338:Infinity":127,"b:337:12:337:Infinity:338:12:338:Infinity":54,"b:336:30:336:47:336:47:336:65:336:65:336:Infinity":55,"s:345:2:402:Infinity":128,"s:346:10:346:Infinity":129,"s:348:26:348:Infinity":130,"b:349:4:355:Infinity:undefined:undefined:undefined:undefined":56,"s:349:4:355:Infinity":131,"s:350:6:353:Infinity":132,"s:354:6:354:Infinity":133,"s:357:25:357:Infinity":134,"s:359:21:371:Infinity":135,"s:373:4:386:Infinity":136,"s:388:17:388:Infinity":137,"b:388:73:388:103:388:103:388:Infinity":57,"b:388:17:388:46:388:46:388:55:388:55:388:73":58,"b:390:4:398:Infinity:undefined:undefined:undefined:undefined":59,"s:390:4:398:Infinity":138,"s:391:20:391:Infinity":139,"s:392:20:392:Infinity":140,"b:392:54:392:64:392:64:392:Infinity":60,"s:393:6:396:Infinity":141,"b:394:37:394:98:394:98:394:Infinity":61,"b:395:47:395:91:395:91:395:136":62,"s:397:6:397:Infinity":142,"s:400:4:400:Infinity":143,"s:401:4:401:Infinity":144,"s:405:0:432:Infinity":145,"f:405:63:405:64":10,"s:406:2:412:Infinity":146,"f:406:48:406:49":11,"b:407:4:410:Infinity:undefined:undefined:undefined:undefined":63,"s:407:4:410:Infinity":147,"s:408:22:408:Infinity":148,"b:408:45:408:59:408:59:408:Infinity":64,"s:409:6:409:Infinity":149,"s:411:4:411:Infinity":150,"f:413:3:413:10":12,"s:414:21:414:Infinity":151,"b:414:28:414:53:414:53:414:55":65,"b:415:2:418:Infinity:undefined:undefined:undefined:undefined":66,"s:415:2:418:Infinity":152,"s:416:4:416:Infinity":153,"s:417:4:417:Infinity":154,"b:419:2:422:Infinity:undefined:undefined:undefined:undefined":67,"s:419:2:422:Infinity":155,"s:420:4:420:Infinity":156,"s:421:4:421:Infinity":157,"s:423:2:431:Infinity":158,"s:424:10:424:Infinity":159,"s:425:10:425:Infinity":160,"s:426:4:426:Infinity":161,"s:427:4:427:Infinity":162,"s:429:4:429:Infinity":163,"s:430:4:430:Infinity":164,"s:434:0:461:Infinity":165,"f:434:65:434:66":13,"s:435:2:441:Infinity":166,"f:435:48:435:49":14,"b:436:4:439:Infinity:undefined:undefined:undefined:undefined":68,"s:436:4:439:Infinity":167,"s:437:22:437:Infinity":168,"b:437:45:437:59:437:59:437:Infinity":69,"s:438:6:438:Infinity":169,"s:440:4:440:Infinity":170,"f:442:3:442:10":15,"s:443:21:443:Infinity":171,"b:443:28:443:53:443:53:443:55":70,"b:444:2:447:Infinity:undefined:undefined:undefined:undefined":71,"s:444:2:447:Infinity":172,"s:445:4:445:Infinity":173,"s:446:4:446:Infinity":174,"b:448:2:451:Infinity:undefined:undefined:undefined:undefined":72,"s:448:2:451:Infinity":175,"s:449:4:449:Infinity":176,"s:450:4:450:Infinity":177,"s:452:2:460:Infinity":178,"s:453:10:453:Infinity":179,"s:454:10:454:Infinity":180,"s:455:4:455:Infinity":181,"s:456:4:456:Infinity":182,"s:458:4:458:Infinity":183,"s:459:4:459:Infinity":184,"s:463:0:558:Infinity":185,"f:463:65:463:72":16,"s:464:21:464:Infinity":186,"b:464:28:464:53:464:53:464:55":73,"b:466:2:469:Infinity:undefined:undefined:undefined:undefined":74,"s:466:2:469:Infinity":187,"s:467:4:467:Infinity":188,"s:468:4:468:Infinity":189,"b:471:2:474:Infinity:undefined:undefined:undefined:undefined":75,"s:471:2:474:Infinity":190,"s:472:4:472:Infinity":191,"s:473:4:473:Infinity":192,"s:476:15:476:Infinity":193,"b:476:59:476:98:476:98:476:Infinity":76,"b:476:15:476:27:476:27:476:59":77,"f:478:11:478:20":17,"b:479:4:479:Infinity:undefined:undefined:undefined:undefined":78,"s:479:4:479:Infinity":194,"s:479:35:479:Infinity":195,"s:480:20:480:Infinity":196,"b:481:4:481:Infinity:undefined:undefined:undefined:undefined":79,"s:481:4:481:Infinity":197,"s:481:18:481:Infinity":198,"s:482:4:482:Infinity":199,"s:485:40:511:Infinity":200,"b:495:10:495:Infinity:496:10:496:Infinity":80,"b:494:6:494:50:494:50:494:92:494:92:494:Infinity":81,"b:505:69:505:94:505:94:505:Infinity":82,"b:506:71:506:97:506:97:506:Infinity":83,"b:509:10:509:Infinity:510:10:510:Infinity":84,"b:508:6:508:53:508:53:508:97:508:97:508:Infinity":85,"s:514:2:518:Infinity":201,"f:514:28:514:29":18,"b:515:4:517:Infinity:undefined:undefined:undefined:undefined":86,"s:515:4:517:Infinity":202,"s:516:6:516:Infinity":203,"s:520:2:557:Infinity":204,"s:521:10:521:Infinity":205,"s:522:21:525:Infinity":206,"s:527:4:553:Infinity":207,"s:555:4:555:Infinity":208,"s:556:4:556:Infinity":209,"s:560:0:606:Infinity":210,"f:560:31:560:38":19,"s:561:8:561:Infinity":211,"b:563:2:569:Infinity:undefined:undefined:undefined:undefined":87,"s:563:2:569:Infinity":212,"s:564:4:567:Infinity":213,"s:568:4:568:Infinity":214,"s:571:30:571:Infinity":215,"s:573:2:605:Infinity":216,"s:574:10:574:Infinity":217,"s:575:21:577:Infinity":218,"b:579:4:582:Infinity:undefined:undefined:undefined:undefined":88,"s:579:4:582:Infinity":219,"b:579:8:579:21:579:21:579:45":89,"s:580:6:580:Infinity":220,"s:581:6:581:Infinity":221,"s:584:28:584:Infinity":222,"b:585:4:588:Infinity:undefined:undefined:undefined:undefined":90,"s:585:4:588:Infinity":223,"s:586:6:586:Infinity":224,"s:587:6:587:Infinity":225,"s:590:4:601:Infinity":226,"s:603:4:603:Infinity":227,"s:604:4:604:Infinity":228,"s:608:0:617:Infinity":229,"f:608:56:608:63":20,"s:609:21:609:Infinity":230,"s:610:2:616:Infinity":231,"s:611:4:611:Infinity":232,"s:612:4:612:Infinity":233,"s:614:4:614:Infinity":234,"s:615:4:615:Infinity":235}}}
,"C:\\Users\\stmoc\\Desktop\\LocalSupply\\backend\\src\\routes\\wolt.ts": {"path":"C:\\Users\\stmoc\\Desktop\\LocalSupply\\backend\\src\\routes\\wolt.ts","statementMap":{"0":{"start":{"line":6,"column":6},"end":{"line":6,"column":null}},"1":{"start":{"line":9,"column":17},"end":{"line":9,"column":null}},"2":{"start":{"line":10,"column":2},"end":{"line":15,"column":null}},"3":{"start":{"line":12,"column":4},"end":{"line":12,"column":null}},"4":{"start":{"line":12,"column":47},"end":{"line":12,"column":null}},"5":{"start":{"line":13,"column":4},"end":{"line":13,"column":null}},"6":{"start":{"line":14,"column":4},"end":{"line":14,"column":null}},"7":{"start":{"line":16,"column":2},"end":{"line":16,"column":null}},"8":{"start":{"line":16,"column":24},"end":{"line":16,"column":null}},"9":{"start":{"line":17,"column":19},"end":{"line":17,"column":null}},"10":{"start":{"line":18,"column":2},"end":{"line":18,"column":null}},"11":{"start":{"line":22,"column":0},"end":{"line":39,"column":null}},"12":{"start":{"line":23,"column":15},"end":{"line":23,"column":null}},"13":{"start":{"line":24,"column":25},"end":{"line":24,"column":null}},"14":{"start":{"line":25,"column":27},"end":{"line":27,"column":null}},"15":{"start":{"line":29,"column":2},"end":{"line":32,"column":null}},"16":{"start":{"line":30,"column":4},"end":{"line":30,"column":null}},"17":{"start":{"line":31,"column":4},"end":{"line":31,"column":null}},"18":{"start":{"line":34,"column":8},"end":{"line":34,"column":null}},"19":{"start":{"line":35,"column":8},"end":{"line":35,"column":null}},"20":{"start":{"line":37,"column":17},"end":{"line":37,"column":null}},"21":{"start":{"line":38,"column":2},"end":{"line":38,"column":null}},"22":{"start":{"line":43,"column":0},"end":{"line":77,"column":null}},"23":{"start":{"line":44,"column":20},"end":{"line":44,"column":null}},"24":{"start":{"line":45,"column":18},"end":{"line":45,"column":null}},"25":{"start":{"line":47,"column":2},"end":{"line":50,"column":null}},"26":{"start":{"line":48,"column":4},"end":{"line":48,"column":null}},"27":{"start":{"line":49,"column":4},"end":{"line":49,"column":null}},"28":{"start":{"line":53,"column":2},"end":{"line":53,"column":null}},"29":{"start":{"line":55,"column":2},"end":{"line":76,"column":null}},"30":{"start":{"line":56,"column":17},"end":{"line":56,"column":null}},"31":{"start":{"line":57,"column":23},"end":{"line":57,"column":null}},"32":{"start":{"line":58,"column":19},"end":{"line":58,"column":null}},"33":{"start":{"line":60,"column":4},"end":{"line":60,"column":null}},"34":{"start":{"line":60,"column":32},"end":{"line":60,"column":null}},"35":{"start":{"line":62,"column":10},"end":{"line":62,"column":null}},"36":{"start":{"line":63,"column":18},"end":{"line":63,"column":null}},"37":{"start":{"line":64,"column":4},"end":{"line":64,"column":null}},"38":{"start":{"line":64,"column":16},"end":{"line":64,"column":null}},"39":{"start":{"line":66,"column":10},"end":{"line":66,"column":null}},"40":{"start":{"line":67,"column":4},"end":{"line":73,"column":null}},"41":{"start":{"line":75,"column":4},"end":{"line":75,"column":null}}},"fnMap":{"0":{"name":"verifyWoltSignature","decl":{"start":{"line":8,"column":9},"end":{"line":8,"column":29}},"loc":{"start":{"line":8,"column":92},"end":{"line":19,"column":null}},"line":8},"1":{"name":"(anonymous_1)","decl":{"start":{"line":22,"column":29},"end":{"line":22,"column":36}},"loc":{"start":{"line":22,"column":49},"end":{"line":39,"column":1}},"line":22},"2":{"name":"(anonymous_2)","decl":{"start":{"line":43,"column":28},"end":{"line":43,"column":35}},"loc":{"start":{"line":43,"column":48},"end":{"line":77,"column":1}},"line":43}},"branchMap":{"0":{"loc":{"start":{"line":10,"column":2},"end":{"line":15,"column":null}},"type":"if","locations":[{"start":{"line":10,"column":2},"end":{"line":15,"column":null}},{"start":{},"end":{}}],"line":10},"1":{"loc":{"start":{"line":12,"column":4},"end":{"line":12,"column":null}},"type":"if","locations":[{"start":{"line":12,"column":4},"end":{"line":12,"column":null}},{"start":{},"end":{}}],"line":12},"2":{"loc":{"start":{"line":16,"column":2},"end":{"line":16,"column":null}},"type":"if","locations":[{"start":{"line":16,"column":2},"end":{"line":16,"column":null}},{"start":{},"end":{}}],"line":16},"3":{"loc":{"start":{"line":24,"column":25},"end":{"line":24,"column":null}},"type":"cond-expr","locations":[{"start":{"line":24,"column":67},"end":{"line":24,"column":96}},{"start":{"line":24,"column":96},"end":{"line":24,"column":null}}],"line":24},"4":{"loc":{"start":{"line":25,"column":27},"end":{"line":27,"column":null}},"type":"cond-expr","locations":[{"start":{"line":26,"column":6},"end":{"line":26,"column":null}},{"start":{"line":27,"column":7},"end":{"line":27,"column":null}}],"line":25},"5":{"loc":{"start":{"line":27,"column":7},"end":{"line":27,"column":null}},"type":"binary-expr","locations":[{"start":{"line":27,"column":7},"end":{"line":27,"column":50}},{"start":{"line":27,"column":50},"end":{"line":27,"column":null}}],"line":27},"6":{"loc":{"start":{"line":29,"column":2},"end":{"line":32,"column":null}},"type":"if","locations":[{"start":{"line":29,"column":2},"end":{"line":32,"column":null}},{"start":{},"end":{}}],"line":29},"7":{"loc":{"start":{"line":34,"column":36},"end":{"line":34,"column":70}},"type":"binary-expr","locations":[{"start":{"line":34,"column":36},"end":{"line":34,"column":56}},{"start":{"line":34,"column":56},"end":{"line":34,"column":70}}],"line":34},"8":{"loc":{"start":{"line":45,"column":18},"end":{"line":45,"column":null}},"type":"cond-expr","locations":[{"start":{"line":45,"column":46},"end":{"line":45,"column":57}},{"start":{"line":45,"column":57},"end":{"line":45,"column":null}}],"line":45},"9":{"loc":{"start":{"line":47,"column":2},"end":{"line":50,"column":null}},"type":"if","locations":[{"start":{"line":47,"column":2},"end":{"line":50,"column":null}},{"start":{},"end":{}}],"line":47},"10":{"loc":{"start":{"line":57,"column":23},"end":{"line":57,"column":null}},"type":"cond-expr","locations":[{"start":{"line":57,"column":53},"end":{"line":57,"column":63}},{"start":{"line":57,"column":63},"end":{"line":57,"column":null}}],"line":57},"11":{"loc":{"start":{"line":58,"column":19},"end":{"line":58,"column":null}},"type":"cond-expr","locations":[{"start":{"line":58,"column":53},"end":{"line":58,"column":67}},{"start":{"line":58,"column":67},"end":{"line":58,"column":null}}],"line":58},"12":{"loc":{"start":{"line":60,"column":4},"end":{"line":60,"column":null}},"type":"if","locations":[{"start":{"line":60,"column":4},"end":{"line":60,"column":null}},{"start":{},"end":{}}],"line":60},"13":{"loc":{"start":{"line":60,"column":8},"end":{"line":60,"column":32}},"type":"binary-expr","locations":[{"start":{"line":60,"column":8},"end":{"line":60,"column":23}},{"start":{"line":60,"column":23},"end":{"line":60,"column":32}}],"line":60},"14":{"loc":{"start":{"line":64,"column":4},"end":{"line":64,"column":null}},"type":"if","locations":[{"start":{"line":64,"column":4},"end":{"line":64,"column":null}},{"start":{},"end":{}}],"line":64},"15":{"loc":{"start":{"line":71,"column":12},"end":{"line":71,"column":null}},"type":"cond-expr","locations":[{"start":{"line":71,"column":26},"end":{"line":71,"column":52}},{"start":{"line":71,"column":52},"end":{"line":71,"column":null}}],"line":71}},"s":{"0":16,"1":3,"2":3,"3":3,"4":3,"5":0,"6":0,"7":0,"8":0,"9":0,"10":0,"11":16,"12":4,"13":4,"14":4,"15":4,"16":2,"17":2,"18":2,"19":4,"20":4,"21":2,"22":16,"23":3,"24":3,"25":3,"26":0,"27":0,"28":3,"29":3,"30":3,"31":3,"32":3,"33":3,"34":1,"35":2,"36":2,"37":2,"38":2,"39":1,"40":1,"41":0},"f":{"0":3,"1":4,"2":3},"b":{"0":[3,0],"1":[3,0],"2":[0,0],"3":[3,1],"4":[1,3],"5":[3,3],"6":[2,2],"7":[2,1],"8":[3,0],"9":[0,3],"10":[2,1],"11":[2,1],"12":[1,2],"13":[3,2],"14":[1,1],"15":[1,0]},"meta":{"lastBranch":16,"lastFunction":3,"lastStatement":42,"seen":{"s:6:6:6:Infinity":0,"f:8:9:8:29":0,"s:9:17:9:Infinity":1,"b:10:2:15:Infinity:undefined:undefined:undefined:undefined":0,"s:10:2:15:Infinity":2,"b:12:4:12:Infinity:undefined:undefined:undefined:undefined":1,"s:12:4:12:Infinity":3,"s:12:47:12:Infinity":4,"s:13:4:13:Infinity":5,"s:14:4:14:Infinity":6,"b:16:2:16:Infinity:undefined:undefined:undefined:undefined":2,"s:16:2:16:Infinity":7,"s:16:24:16:Infinity":8,"s:17:19:17:Infinity":9,"s:18:2:18:Infinity":10,"s:22:0:39:Infinity":11,"f:22:29:22:36":1,"s:23:15:23:Infinity":12,"s:24:25:24:Infinity":13,"b:24:67:24:96:24:96:24:Infinity":3,"s:25:27:27:Infinity":14,"b:26:6:26:Infinity:27:7:27:Infinity":4,"b:27:7:27:50:27:50:27:Infinity":5,"b:29:2:32:Infinity:undefined:undefined:undefined:undefined":6,"s:29:2:32:Infinity":15,"s:30:4:30:Infinity":16,"s:31:4:31:Infinity":17,"s:34:8:34:Infinity":18,"b:34:36:34:56:34:56:34:70":7,"s:35:8:35:Infinity":19,"s:37:17:37:Infinity":20,"s:38:2:38:Infinity":21,"s:43:0:77:Infinity":22,"f:43:28:43:35":2,"s:44:20:44:Infinity":23,"s:45:18:45:Infinity":24,"b:45:46:45:57:45:57:45:Infinity":8,"b:47:2:50:Infinity:undefined:undefined:undefined:undefined":9,"s:47:2:50:Infinity":25,"s:48:4:48:Infinity":26,"s:49:4:49:Infinity":27,"s:53:2:53:Infinity":28,"s:55:2:76:Infinity":29,"s:56:17:56:Infinity":30,"s:57:23:57:Infinity":31,"b:57:53:57:63:57:63:57:Infinity":10,"s:58:19:58:Infinity":32,"b:58:53:58:67:58:67:58:Infinity":11,"b:60:4:60:Infinity:undefined:undefined:undefined:undefined":12,"s:60:4:60:Infinity":33,"b:60:8:60:23:60:23:60:32":13,"s:60:32:60:Infinity":34,"s:62:10:62:Infinity":35,"s:63:18:63:Infinity":36,"b:64:4:64:Infinity:undefined:undefined:undefined:undefined":14,"s:64:4:64:Infinity":37,"s:64:16:64:Infinity":38,"s:66:10:66:Infinity":39,"s:67:4:73:Infinity":40,"b:71:26:71:52:71:52:71:Infinity":15,"s:75:4:75:Infinity":41}}}
}
